#
# There is insufficient memory for the Java Runtime Environment to continue.
# Native memory allocation (malloc) failed to allocate 665296 bytes. Error detail: Chunk::new
# Possible reasons:
#   The system is out of physical RAM or swap space
#   This process is running with CompressedOops enabled, and the Java Heap may be blocking the growth of the native heap
# Possible solutions:
#   Reduce memory load on the system
#   Increase physical memory or swap space
#   Check if swap backing store is full
#   Decrease Java heap size (-Xmx/-Xms)
#   Decrease number of Java threads
#   Decrease Java thread stack sizes (-Xss)
#   Set larger code cache with -XX:ReservedCodeCacheSize=
#   JVM is running with Unscaled Compressed Oops mode in which the Java heap is
#     placed in the first 4GB address space. The Java Heap base address is the
#     maximum limit for the native heap growth. Please use -XX:HeapBaseMinAddress
#     to set the Java Heap base and to place the Java Heap above 4GB virtual address.
# This output file may be truncated or incomplete.
#
#  Out of Memory Error (arena.cpp:168), pid=5656, tid=19908
#
# JRE version: OpenJDK Runtime Environment (21.0.10) (build 21.0.10+-14961533-b1163.108)
# Java VM: OpenJDK 64-Bit Server VM (21.0.10+-14961533-b1163.108, mixed mode, tiered, compressed oops, compressed class ptrs, g1 gc, windows-amd64)
# No core dump will be written. Minidumps are not enabled by default on client versions of Windows
#

---------------  S U M M A R Y ------------

Command Line: --add-opens=java.base/java.lang=ALL-UNNAMED --add-opens=java.base/java.lang.invoke=ALL-UNNAMED --add-opens=java.base/java.util=ALL-UNNAMED --add-opens=java.prefs/java.util.prefs=ALL-UNNAMED --add-exports=jdk.compiler/com.sun.tools.javac.api=ALL-UNNAMED --add-exports=jdk.compiler/com.sun.tools.javac.util=ALL-UNNAMED --add-opens=java.base/java.util=ALL-UNNAMED --add-opens=java.prefs/java.util.prefs=ALL-UNNAMED --add-opens=java.base/java.nio.charset=ALL-UNNAMED --add-opens=java.base/java.net=ALL-UNNAMED --add-opens=java.base/java.util.concurrent=ALL-UNNAMED --add-opens=java.base/java.util.concurrent.atomic=ALL-UNNAMED --add-opens=java.xml/javax.xml.namespace=ALL-UNNAMED --add-opens=java.base/java.time=ALL-UNNAMED -Xmx2048m -Dfile.encoding=UTF-8 -Duser.country=US -Duser.language=en -Duser.variant -javaagent:C:\Users\201407\.gradle\wrapper\dists\gradle-9.3.1-bin\23ovyewtku6u96viwx3xl3oks\gradle-9.3.1\lib\agents\gradle-instrumentation-agent-9.3.1.jar org.gradle.launcher.daemon.bootstrap.GradleDaemon 9.3.1

Host: Intel(R) Core(TM) i5-8250U CPU @ 1.60GHz, 8 cores, 7G,  Windows 11 , 64 bit Build 26100 (10.0.26100.8246)
Time: Thu May  7 14:18:22 2026 E. Africa Standard Time elapsed time: 3.815417 seconds (0d 0h 0m 3s)

---------------  T H R E A D  ---------------

Current thread (0x00000242ad2bf040):  JavaThread "C2 CompilerThread2" daemon [_thread_in_native, id=19908, stack(0x000000fa83800000,0x000000fa83900000) (1024K)]


Current CompileTask:
C2:3815 3160   !   4       java.net.URLClassLoader$1::run (81 bytes)

Stack: [0x000000fa83800000,0x000000fa83900000]
Native frames: (J=compiled Java code, j=interpreted, Vv=VM code, C=native code)
V  [jvm.dll+0x6d78a9]
V  [jvm.dll+0x8665b3]
V  [jvm.dll+0x868bde]
V  [jvm.dll+0x8692c3]
V  [jvm.dll+0x280ee6]
V  [jvm.dll+0xc07cd]
V  [jvm.dll+0xc0d03]
V  [jvm.dll+0x2f6170]
V  [jvm.dll+0x6003e9]
V  [jvm.dll+0x252ce2]
V  [jvm.dll+0x24b1a4]
V  [jvm.dll+0x24909e]
V  [jvm.dll+0x1c76e4]
V  [jvm.dll+0x25891e]
V  [jvm.dll+0x256e66]
V  [jvm.dll+0x3f513e]
V  [jvm.dll+0x80fd28]
V  [jvm.dll+0x6d60fd]
C  [ucrtbase.dll+0x37b0]
C  [KERNEL32.DLL+0x2e8d7]
C  [ntdll.dll+0x8c3fc]


---------------  P R O C E S S  ---------------

Threads class SMR info:
_java_thread_list=0x00000242aba1fdc0, length=26, elements={
0x000002428c814280, 0x00000242a631be20, 0x00000242a633c090, 0x00000242a6356c70,
0x00000242a6369480, 0x00000242a6369af0, 0x00000242a636a550, 0x00000242a636afb0,
0x00000242a636df40, 0x00000242a6371ee0, 0x00000242a6676860, 0x00000242a6687370,
0x00000242acd02500, 0x00000242ac56c890, 0x00000242ac39eaa0, 0x00000242ab5e7ef0,
0x00000242acfe5a10, 0x00000242abd5d670, 0x00000242acfee8b0, 0x00000242acfef5d0,
0x00000242acfee220, 0x00000242acfeef40, 0x00000242ae848750, 0x00000242ae84b540,
0x00000242ae84a820, 0x00000242ad2bf040
}

Java Threads: ( => current thread )
  0x000002428c814280 JavaThread "main"                              [_thread_blocked, id=9480, stack(0x000000fa81b00000,0x000000fa81c00000) (1024K)]
  0x00000242a631be20 JavaThread "Common-Cleaner"             daemon [_thread_blocked, id=28140, stack(0x000000fa82300000,0x000000fa82400000) (1024K)]
  0x00000242a633c090 JavaThread "Reference Handler"          daemon [_thread_blocked, id=6036, stack(0x000000fa82400000,0x000000fa82500000) (1024K)]
  0x00000242a6356c70 JavaThread "Finalizer"                  daemon [_thread_blocked, id=20816, stack(0x000000fa82500000,0x000000fa82600000) (1024K)]
  0x00000242a6369480 JavaThread "Signal Dispatcher"          daemon [_thread_blocked, id=27788, stack(0x000000fa82600000,0x000000fa82700000) (1024K)]
  0x00000242a6369af0 JavaThread "Attach Listener"            daemon [_thread_blocked, id=10900, stack(0x000000fa82700000,0x000000fa82800000) (1024K)]
  0x00000242a636a550 JavaThread "Service Thread"             daemon [_thread_blocked, id=31964, stack(0x000000fa82800000,0x000000fa82900000) (1024K)]
  0x00000242a636afb0 JavaThread "Monitor Deflation Thread"   daemon [_thread_blocked, id=7216, stack(0x000000fa82900000,0x000000fa82a00000) (1024K)]
  0x00000242a636df40 JavaThread "C2 CompilerThread0"         daemon [_thread_in_native, id=23648, stack(0x000000fa82a00000,0x000000fa82b00000) (1024K)]
  0x00000242a6371ee0 JavaThread "C1 CompilerThread0"         daemon [_thread_blocked, id=12444, stack(0x000000fa82b00000,0x000000fa82c00000) (1024K)]
  0x00000242a6676860 JavaThread "Notification Thread"        daemon [_thread_blocked, id=35036, stack(0x000000fa82c00000,0x000000fa82d00000) (1024K)]
  0x00000242a6687370 JavaThread "C2 CompilerThread1"         daemon [_thread_in_native, id=30428, stack(0x000000fa82d00000,0x000000fa82e00000) (1024K)]
  0x00000242acd02500 JavaThread "Daemon health stats"               [_thread_blocked, id=20848, stack(0x000000fa83000000,0x000000fa83100000) (1024K)]
  0x00000242ac56c890 JavaThread "Incoming local TCP Connector on port 59007"        [_thread_in_native, id=27256, stack(0x000000fa83300000,0x000000fa83400000) (1024K)]
  0x00000242ac39eaa0 JavaThread "Daemon periodic checks"            [_thread_blocked, id=19816, stack(0x000000fa83700000,0x000000fa83800000) (1024K)]
  0x00000242ab5e7ef0 JavaThread "Daemon"                            [_thread_blocked, id=15404, stack(0x000000fa83900000,0x000000fa83a00000) (1024K)]
  0x00000242acfe5a10 JavaThread "Handler for socket connection from /127.0.0.1:59007 to /127.0.0.1:59008"        [_thread_in_native, id=24076, stack(0x000000fa83a00000,0x000000fa83b00000) (1024K)]
  0x00000242abd5d670 JavaThread "Cancel handler"                    [_thread_blocked, id=15528, stack(0x000000fa83c00000,0x000000fa83d00000) (1024K)]
  0x00000242acfee8b0 JavaThread "Daemon worker"                     [_thread_in_vm, id=28588, stack(0x000000fa83d00000,0x000000fa83e00000) (1024K)]
  0x00000242acfef5d0 JavaThread "Asynchronous log dispatcher for DefaultDaemonConnection: socket connection from /127.0.0.1:59007 to /127.0.0.1:59008"        [_thread_blocked, id=33800, stack(0x000000fa83e00000,0x000000fa83f00000) (1024K)]
  0x00000242acfee220 JavaThread "Stdin handler"                     [_thread_blocked, id=34236, stack(0x000000fa83f00000,0x000000fa84000000) (1024K)]
  0x00000242acfeef40 JavaThread "Daemon client event forwarder"        [_thread_blocked, id=36608, stack(0x000000fa84000000,0x000000fa84100000) (1024K)]
  0x00000242ae848750 JavaThread "Cache worker for journal cache (C:\Users\201407\.gradle\caches\journal-1)"        [_thread_blocked, id=36760, stack(0x000000fa84100000,0x000000fa84200000) (1024K)]
  0x00000242ae84b540 JavaThread "File lock request listener"        [_thread_in_native, id=35404, stack(0x000000fa84200000,0x000000fa84300000) (1024K)]
  0x00000242ae84a820 JavaThread "Cache worker for file hash cache (C:\Users\201407\.gradle\caches\9.3.1\fileHashes)"        [_thread_blocked, id=3704, stack(0x000000fa84300000,0x000000fa84400000) (1024K)]
=>0x00000242ad2bf040 JavaThread "C2 CompilerThread2"         daemon [_thread_in_native, id=19908, stack(0x000000fa83800000,0x000000fa83900000) (1024K)]
Total: 26

Other Threads:
  0x00000242a61ae480 VMThread "VM Thread"                           [id=27848, stack(0x000000fa82200000,0x000000fa82300000) (1024K)]
  0x00000242a61216e0 WatcherThread "VM Periodic Task Thread"        [id=33908, stack(0x000000fa82100000,0x000000fa82200000) (1024K)]
  0x000002428eae2c80 WorkerThread "GC Thread#0"                     [id=19880, stack(0x000000fa81c00000,0x000000fa81d00000) (1024K)]
  0x00000242a6b61660 WorkerThread "GC Thread#1"                     [id=29068, stack(0x000000fa82e00000,0x000000fa82f00000) (1024K)]
  0x00000242a6b61a10 WorkerThread "GC Thread#2"                     [id=22216, stack(0x000000fa82f00000,0x000000fa83000000) (1024K)]
  0x00000242ab4cd660 WorkerThread "GC Thread#3"                     [id=18288, stack(0x000000fa83100000,0x000000fa83200000) (1024K)]
  0x00000242ab66c900 WorkerThread "GC Thread#4"                     [id=17328, stack(0x000000fa83200000,0x000000fa83300000) (1024K)]
  0x00000242abcce7f0 WorkerThread "GC Thread#5"                     [id=31876, stack(0x000000fa83400000,0x000000fa83500000) (1024K)]
  0x00000242abd68530 WorkerThread "GC Thread#6"                     [id=33400, stack(0x000000fa83500000,0x000000fa83600000) (1024K)]
  0x00000242aba4d7f0 WorkerThread "GC Thread#7"                     [id=32088, stack(0x000000fa83600000,0x000000fa83700000) (1024K)]
  0x000002428eaf49c0 ConcurrentGCThread "G1 Main Marker"            [id=35428, stack(0x000000fa81d00000,0x000000fa81e00000) (1024K)]
  0x000002428eaf5b80 WorkerThread "G1 Conc#0"                       [id=32748, stack(0x000000fa81e00000,0x000000fa81f00000) (1024K)]
  0x00000242aceb53c0 WorkerThread "G1 Conc#1"                       [id=9916, stack(0x000000fa83b00000,0x000000fa83c00000) (1024K)]
  0x000002428eb4eb60 ConcurrentGCThread "G1 Refine#0"               [id=34404, stack(0x000000fa81f00000,0x000000fa82000000) (1024K)]
  0x00000242a5ff5680 ConcurrentGCThread "G1 Service"                [id=32636, stack(0x000000fa82000000,0x000000fa82100000) (1024K)]
Total: 15

Threads with active compile tasks:
C2 CompilerThread0  3854 3159       4       java.net.URLClassLoader$1::run (5 bytes)
C2 CompilerThread1  3854 3158   !   4       java.net.URLClassLoader::findClass (47 bytes)
C2 CompilerThread2  3854 3160   !   4       java.net.URLClassLoader$1::run (81 bytes)
Total: 3

VM state: not at safepoint (normal execution)

VM Mutex/Monitor currently owned by a thread: None

Heap address: 0x0000000080000000, size: 2048 MB, Compressed Oops mode: 32-bit

CDS archive(s) not mapped
Compressed class space mapped at: 0x0000000100000000-0x0000000140000000, reserved size: 1073741824
Narrow klass base: 0x0000000000000000, Narrow klass shift: 3, Narrow klass range: 0x140000000

GC Precious Log:
 CardTable entry size: 512
 Card Set container configuration: InlinePtr #cards 5 size 8 Array Of Cards #cards 12 size 40 Howl #buckets 4 coarsen threshold 1843 Howl Bitmap #cards 512 size 80 coarsen threshold 460 Card regions per heap region 1 cards per card region 2048
 CPUs: 8 total, 8 available
 Memory: 8035M
 Large Page Support: Disabled
 NUMA Support: Disabled
 Compressed Oops: Enabled (32-bit)
 Heap Region Size: 1M
 Heap Min Capacity: 8M
 Heap Initial Capacity: 126M
 Heap Max Capacity: 2G
 Pre-touch: Disabled
 Parallel Workers: 8
 Concurrent Workers: 2
 Concurrent Refinement Workers: 8
 Periodic GC: Disabled

Heap:
 garbage-first heap   total 79872K, used 39843K [0x0000000080000000, 0x0000000100000000)
  region size 1024K, 21 young (21504K), 4 survivors (4096K)
 Metaspace       used 32353K, committed 32960K, reserved 1114112K
  class space    used 4150K, committed 4416K, reserved 1048576K

Heap Regions: E=young(eden), S=young(survivor), O=old, HS=humongous(starts), HC=humongous(continues), CS=collection set, F=free, TAMS=top-at-mark-start, PB=parsable bottom
|   0|0x0000000080000000, 0x0000000080100000, 0x0000000080100000|100%|HS|  |TAMS 0x0000000080000000| PB 0x0000000080000000| Complete 
|   1|0x0000000080100000, 0x0000000080200000, 0x0000000080200000|100%|HC|  |TAMS 0x0000000080100000| PB 0x0000000080100000| Complete 
|   2|0x0000000080200000, 0x0000000080300000, 0x0000000080300000|100%|HC|  |TAMS 0x0000000080200000| PB 0x0000000080200000| Complete 
|   3|0x0000000080300000, 0x0000000080400000, 0x0000000080400000|100%|HC|  |TAMS 0x0000000080300000| PB 0x0000000080300000| Complete 
|   4|0x0000000080400000, 0x0000000080500000, 0x0000000080500000|100%| O|  |TAMS 0x0000000080400000| PB 0x0000000080400000| Untracked 
|   5|0x0000000080500000, 0x0000000080600000, 0x0000000080600000|100%| O|  |TAMS 0x0000000080500000| PB 0x0000000080500000| Untracked 
|   6|0x0000000080600000, 0x0000000080700000, 0x0000000080700000|100%| O|  |TAMS 0x0000000080600000| PB 0x0000000080600000| Untracked 
|   7|0x0000000080700000, 0x0000000080800000, 0x0000000080800000|100%|HS|  |TAMS 0x0000000080700000| PB 0x0000000080700000| Complete 
|   8|0x0000000080800000, 0x0000000080900000, 0x0000000080900000|100%| O|  |TAMS 0x0000000080800000| PB 0x0000000080800000| Untracked 
|   9|0x0000000080900000, 0x0000000080a00000, 0x0000000080a00000|100%| O|  |TAMS 0x0000000080900000| PB 0x0000000080900000| Untracked 
|  10|0x0000000080a00000, 0x0000000080b00000, 0x0000000080b00000|100%| O|  |TAMS 0x0000000080a00000| PB 0x0000000080a00000| Untracked 
|  11|0x0000000080b00000, 0x0000000080c00000, 0x0000000080c00000|100%| O|  |TAMS 0x0000000080b00000| PB 0x0000000080b00000| Untracked 
|  12|0x0000000080c00000, 0x0000000080d00000, 0x0000000080d00000|100%| O|  |TAMS 0x0000000080c00000| PB 0x0000000080c00000| Untracked 
|  13|0x0000000080d00000, 0x0000000080e00000, 0x0000000080e00000|100%| O|  |TAMS 0x0000000080d00000| PB 0x0000000080d00000| Untracked 
|  14|0x0000000080e00000, 0x0000000080f00000, 0x0000000080f00000|100%| O|  |TAMS 0x0000000080e00000| PB 0x0000000080e00000| Untracked 
|  15|0x0000000080f00000, 0x0000000081000000, 0x0000000081000000|100%| O|  |TAMS 0x0000000080f00000| PB 0x0000000080f00000| Untracked 
|  16|0x0000000081000000, 0x0000000081100000, 0x0000000081100000|100%| O|  |TAMS 0x0000000081000000| PB 0x0000000081000000| Untracked 
|  17|0x0000000081100000, 0x0000000081200000, 0x0000000081200000|100%| O|  |TAMS 0x0000000081100000| PB 0x0000000081100000| Untracked 
|  18|0x0000000081200000, 0x0000000081300000, 0x0000000081300000|100%| O|  |TAMS 0x0000000081200000| PB 0x0000000081200000| Untracked 
|  19|0x0000000081300000, 0x0000000081395970, 0x0000000081400000| 58%| O|Cm|TAMS 0x0000000081300000| PB 0x0000000081300000| Complete 
|  20|0x0000000081400000, 0x0000000081400000, 0x0000000081500000|  0%| F|  |TAMS 0x0000000081400000| PB 0x0000000081400000| Untracked 
|  21|0x0000000081500000, 0x0000000081500000, 0x0000000081600000|  0%| F|  |TAMS 0x0000000081500000| PB 0x0000000081500000| Untracked 
|  22|0x0000000081600000, 0x0000000081600000, 0x0000000081700000|  0%| F|  |TAMS 0x0000000081600000| PB 0x0000000081600000| Untracked 
|  23|0x0000000081700000, 0x0000000081700000, 0x0000000081800000|  0%| F|  |TAMS 0x0000000081700000| PB 0x0000000081700000| Untracked 
|  24|0x0000000081800000, 0x0000000081800000, 0x0000000081900000|  0%| F|  |TAMS 0x0000000081800000| PB 0x0000000081800000| Untracked 
|  25|0x0000000081900000, 0x0000000081900000, 0x0000000081a00000|  0%| F|  |TAMS 0x0000000081900000| PB 0x0000000081900000| Untracked 
|  26|0x0000000081a00000, 0x0000000081a00000, 0x0000000081b00000|  0%| F|  |TAMS 0x0000000081a00000| PB 0x0000000081a00000| Untracked 
|  27|0x0000000081b00000, 0x0000000081b00000, 0x0000000081c00000|  0%| F|  |TAMS 0x0000000081b00000| PB 0x0000000081b00000| Untracked 
|  28|0x0000000081c00000, 0x0000000081c00000, 0x0000000081d00000|  0%| F|  |TAMS 0x0000000081c00000| PB 0x0000000081c00000| Untracked 
|  29|0x0000000081d00000, 0x0000000081d00000, 0x0000000081e00000|  0%| F|  |TAMS 0x0000000081d00000| PB 0x0000000081d00000| Untracked 
|  30|0x0000000081e00000, 0x0000000081e00000, 0x0000000081f00000|  0%| F|  |TAMS 0x0000000081e00000| PB 0x0000000081e00000| Untracked 
|  31|0x0000000081f00000, 0x0000000081f00000, 0x0000000082000000|  0%| F|  |TAMS 0x0000000081f00000| PB 0x0000000081f00000| Untracked 
|  32|0x0000000082000000, 0x0000000082000000, 0x0000000082100000|  0%| F|  |TAMS 0x0000000082000000| PB 0x0000000082000000| Untracked 
|  33|0x0000000082100000, 0x0000000082100000, 0x0000000082200000|  0%| F|  |TAMS 0x0000000082100000| PB 0x0000000082100000| Untracked 
|  34|0x0000000082200000, 0x0000000082200000, 0x0000000082300000|  0%| F|  |TAMS 0x0000000082200000| PB 0x0000000082200000| Untracked 
|  35|0x0000000082300000, 0x0000000082300000, 0x0000000082400000|  0%| F|  |TAMS 0x0000000082300000| PB 0x0000000082300000| Untracked 
|  36|0x0000000082400000, 0x0000000082400000, 0x0000000082500000|  0%| F|  |TAMS 0x0000000082400000| PB 0x0000000082400000| Untracked 
|  37|0x0000000082500000, 0x0000000082500000, 0x0000000082600000|  0%| F|  |TAMS 0x0000000082500000| PB 0x0000000082500000| Untracked 
|  38|0x0000000082600000, 0x0000000082600000, 0x0000000082700000|  0%| F|  |TAMS 0x0000000082600000| PB 0x0000000082600000| Untracked 
|  39|0x0000000082700000, 0x0000000082700000, 0x0000000082800000|  0%| F|  |TAMS 0x0000000082700000| PB 0x0000000082700000| Untracked 
|  40|0x0000000082800000, 0x0000000082800000, 0x0000000082900000|  0%| F|  |TAMS 0x0000000082800000| PB 0x0000000082800000| Untracked 
|  41|0x0000000082900000, 0x0000000082900000, 0x0000000082a00000|  0%| F|  |TAMS 0x0000000082900000| PB 0x0000000082900000| Untracked 
|  42|0x0000000082a00000, 0x0000000082a00000, 0x0000000082b00000|  0%| F|  |TAMS 0x0000000082a00000| PB 0x0000000082a00000| Untracked 
|  43|0x0000000082b00000, 0x0000000082b00000, 0x0000000082c00000|  0%| F|  |TAMS 0x0000000082b00000| PB 0x0000000082b00000| Untracked 
|  44|0x0000000082c00000, 0x0000000082c00000, 0x0000000082d00000|  0%| F|  |TAMS 0x0000000082c00000| PB 0x0000000082c00000| Untracked 
|  45|0x0000000082d00000, 0x0000000082d00000, 0x0000000082e00000|  0%| F|  |TAMS 0x0000000082d00000| PB 0x0000000082d00000| Untracked 
|  46|0x0000000082e00000, 0x0000000082e00000, 0x0000000082f00000|  0%| F|  |TAMS 0x0000000082e00000| PB 0x0000000082e00000| Untracked 
|  47|0x0000000082f00000, 0x0000000082f00000, 0x0000000083000000|  0%| F|  |TAMS 0x0000000082f00000| PB 0x0000000082f00000| Untracked 
|  48|0x0000000083000000, 0x0000000083000000, 0x0000000083100000|  0%| F|  |TAMS 0x0000000083000000| PB 0x0000000083000000| Untracked 
|  49|0x0000000083100000, 0x0000000083100000, 0x0000000083200000|  0%| F|  |TAMS 0x0000000083100000| PB 0x0000000083100000| Untracked 
|  50|0x0000000083200000, 0x0000000083200000, 0x0000000083300000|  0%| F|  |TAMS 0x0000000083200000| PB 0x0000000083200000| Untracked 
|  51|0x0000000083300000, 0x0000000083300000, 0x0000000083400000|  0%| F|  |TAMS 0x0000000083300000| PB 0x0000000083300000| Untracked 
|  52|0x0000000083400000, 0x0000000083400000, 0x0000000083500000|  0%| F|  |TAMS 0x0000000083400000| PB 0x0000000083400000| Untracked 
|  53|0x0000000083500000, 0x0000000083500000, 0x0000000083600000|  0%| F|  |TAMS 0x0000000083500000| PB 0x0000000083500000| Untracked 
|  54|0x0000000083600000, 0x0000000083600000, 0x0000000083700000|  0%| F|  |TAMS 0x0000000083600000| PB 0x0000000083600000| Untracked 
|  55|0x0000000083700000, 0x0000000083700000, 0x0000000083800000|  0%| F|  |TAMS 0x0000000083700000| PB 0x0000000083700000| Untracked 
|  56|0x0000000083800000, 0x0000000083800000, 0x0000000083900000|  0%| F|  |TAMS 0x0000000083800000| PB 0x0000000083800000| Untracked 
|  57|0x0000000083900000, 0x0000000083980000, 0x0000000083a00000| 50%| E|  |TAMS 0x0000000083900000| PB 0x0000000083900000| Complete 
|  58|0x0000000083a00000, 0x0000000083b00000, 0x0000000083b00000|100%| E|CS|TAMS 0x0000000083a00000| PB 0x0000000083a00000| Complete 
|  59|0x0000000083b00000, 0x0000000083c00000, 0x0000000083c00000|100%| E|CS|TAMS 0x0000000083b00000| PB 0x0000000083b00000| Complete 
|  60|0x0000000083c00000, 0x0000000083d00000, 0x0000000083d00000|100%| E|CS|TAMS 0x0000000083c00000| PB 0x0000000083c00000| Complete 
|  61|0x0000000083d00000, 0x0000000083e00000, 0x0000000083e00000|100%| E|CS|TAMS 0x0000000083d00000| PB 0x0000000083d00000| Complete 
|  62|0x0000000083e00000, 0x0000000083f00000, 0x0000000083f00000|100%| E|CS|TAMS 0x0000000083e00000| PB 0x0000000083e00000| Complete 
|  63|0x0000000083f00000, 0x0000000084000000, 0x0000000084000000|100%| E|CS|TAMS 0x0000000083f00000| PB 0x0000000083f00000| Complete 
|  64|0x0000000084000000, 0x0000000084100000, 0x0000000084100000|100%| E|CS|TAMS 0x0000000084000000| PB 0x0000000084000000| Complete 
|  65|0x0000000084100000, 0x0000000084200000, 0x0000000084200000|100%| E|CS|TAMS 0x0000000084100000| PB 0x0000000084100000| Complete 
|  66|0x0000000084200000, 0x0000000084300000, 0x0000000084300000|100%| E|CS|TAMS 0x0000000084200000| PB 0x0000000084200000| Complete 
|  67|0x0000000084300000, 0x0000000084400000, 0x0000000084400000|100%| E|CS|TAMS 0x0000000084300000| PB 0x0000000084300000| Complete 
|  68|0x0000000084400000, 0x0000000084500000, 0x0000000084500000|100%| E|CS|TAMS 0x0000000084400000| PB 0x0000000084400000| Complete 
|  69|0x0000000084500000, 0x0000000084600000, 0x0000000084600000|100%| E|CS|TAMS 0x0000000084500000| PB 0x0000000084500000| Complete 
|  70|0x0000000084600000, 0x0000000084700000, 0x0000000084700000|100%| E|CS|TAMS 0x0000000084600000| PB 0x0000000084600000| Complete 
|  71|0x0000000084700000, 0x0000000084800000, 0x0000000084800000|100%| S|CS|TAMS 0x0000000084700000| PB 0x0000000084700000| Complete 
|  72|0x0000000084800000, 0x0000000084900000, 0x0000000084900000|100%| S|CS|TAMS 0x0000000084800000| PB 0x0000000084800000| Complete 
|  73|0x0000000084900000, 0x0000000084a00000, 0x0000000084a00000|100%| S|CS|TAMS 0x0000000084900000| PB 0x0000000084900000| Complete 
|  74|0x0000000084a00000, 0x0000000084a53468, 0x0000000084b00000| 32%| S|CS|TAMS 0x0000000084a00000| PB 0x0000000084a00000| Complete 
| 117|0x0000000087500000, 0x0000000087600000, 0x0000000087600000|100%| E|CS|TAMS 0x0000000087500000| PB 0x0000000087500000| Complete 
| 118|0x0000000087600000, 0x0000000087700000, 0x0000000087700000|100%| E|CS|TAMS 0x0000000087600000| PB 0x0000000087600000| Complete 
| 125|0x0000000087d00000, 0x0000000087e00000, 0x0000000087e00000|100%| E|CS|TAMS 0x0000000087d00000| PB 0x0000000087d00000| Complete 

Card table byte_map: [0x00000242a1330000,0x00000242a1730000] _byte_map_base: 0x00000242a0f30000

Marking Bits: (CMBitMap*) 0x000002428eae32a0
 Bits: [0x00000242a1730000, 0x00000242a3730000)

Polling page: 0x000002428c950000

Metaspace:

Usage:
  Non-class:     27.54 MB used.
      Class:      4.05 MB used.
       Both:     31.59 MB used.

Virtual space:
  Non-class space:       64.00 MB reserved,      27.88 MB ( 44%) committed,  1 nodes.
      Class space:        1.00 GB reserved,       4.31 MB ( <1%) committed,  1 nodes.
             Both:        1.06 GB reserved,      32.19 MB (  3%) committed. 

Chunk freelists:
   Non-Class:  3.34 MB
       Class:  11.67 MB
        Both:  15.02 MB

MaxMetaspaceSize: unlimited
CompressedClassSpaceSize: 1.00 GB
Initial GC threshold: 21.00 MB
Current GC threshold: 35.12 MB
CDS: off
 - commit_granule_bytes: 65536.
 - commit_granule_words: 8192.
 - virtual_space_node_default_size: 8388608.
 - enlarge_chunks_in_place: 1.
 - use_allocation_guard: 0.


Internal statistics:

num_allocs_failed_limit: 5.
num_arena_births: 904.
num_arena_deaths: 0.
num_vsnodes_births: 2.
num_vsnodes_deaths: 0.
num_space_committed: 515.
num_space_uncommitted: 0.
num_chunks_returned_to_freelist: 5.
num_chunks_taken_from_freelist: 1813.
num_chunk_merges: 0.
num_chunk_splits: 1174.
num_chunks_enlarged: 765.
num_inconsistent_stats: 0.

CodeHeap 'non-profiled nmethods': size=120000Kb used=2067Kb max_used=2067Kb free=117932Kb
 bounds [0x00000242996c0000, 0x0000024299930000, 0x00000242a0bf0000]
CodeHeap 'profiled nmethods': size=120000Kb used=6289Kb max_used=6289Kb free=113710Kb
 bounds [0x0000024291bf0000, 0x0000024292220000, 0x0000024299120000]
CodeHeap 'non-nmethods': size=5760Kb used=1409Kb max_used=1502Kb free=4350Kb
 bounds [0x0000024299120000, 0x0000024299390000, 0x00000242996c0000]
CodeCache: size=245760Kb, used=9765Kb, max_used=9858Kb, free=235992Kb
 total_blobs=3812, nmethods=3228, adapters=488, full_count=0
Compilation: enabled, stopped_count=0, restarted_count=0

Compilation events (20 events):
Event: 3.728 Thread 0x00000242ad2bf040 nmethod 3224 0x00000242998c1a90 code [0x00000242998c1c20, 0x00000242998c1ce8]
Event: 3.728 Thread 0x00000242ad2bf040 3204       4       java.lang.invoke.InvokerBytecodeGenerator::emitPushArgument (150 bytes)
Event: 3.732 Thread 0x00000242a6371ee0 3226       3       java.lang.invoke.MethodHandles$Lookup::resolveOrFail (44 bytes)
Event: 3.733 Thread 0x00000242a6371ee0 nmethod 3226 0x000002429220d810 code [0x000002429220dac0, 0x000002429220e668]
Event: 3.733 Thread 0x00000242a6371ee0 3227       3       java.lang.invoke.MethodHandles$Lookup::getDirectMethodForConstant (72 bytes)
Event: 3.734 Thread 0x00000242a6371ee0 nmethod 3227 0x000002429220ea90 code [0x000002429220ede0, 0x000002429220fea8]
Event: 3.736 Thread 0x00000242a6371ee0 3230       3       java.util.concurrent.ConcurrentLinkedQueue::offer (120 bytes)
Event: 3.738 Thread 0x00000242a6371ee0 nmethod 3230 0x0000024292210490 code [0x00000242922108a0, 0x0000024292212670]
Event: 3.738 Thread 0x00000242a6371ee0 3231       3       java.util.LinkedHashMap::values (5 bytes)
Event: 3.738 Thread 0x00000242a6371ee0 nmethod 3231 0x0000024292213090 code [0x0000024292213240, 0x0000024292213398]
Event: 3.738 Thread 0x00000242a6371ee0 3229       3       java.util.concurrent.ConcurrentLinkedQueue::add (6 bytes)
Event: 3.738 Thread 0x00000242a6371ee0 nmethod 3229 0x0000024292213490 code [0x0000024292213640, 0x0000024292213798]
Event: 3.739 Thread 0x00000242a6371ee0 3232       3       org.gradle.internal.service.ServiceScopeValidator::getAnnotations (4 bytes)
Event: 3.739 Thread 0x00000242a6371ee0 nmethod 3232 0x0000024292213890 code [0x0000024292213a20, 0x0000024292213b38]
Event: 3.740 Thread 0x00000242ad2bf040 nmethod 3204 0x00000242998c2090 code [0x00000242998c2300, 0x00000242998c2c48]
Event: 3.740 Thread 0x00000242ad2bf040 3179       4       jdk.internal.org.objectweb.asm.Frame::push (59 bytes)
Event: 3.757 Thread 0x00000242ad2bf040 nmethod 3179 0x00000242998c3490 code [0x00000242998c36e0, 0x00000242998c45a0]
Event: 3.757 Thread 0x00000242ad2bf040 3160   !   4       java.net.URLClassLoader$1::run (81 bytes)
Event: 3.787 Thread 0x00000242a6371ee0 3233       3       kotlin.jvm.internal.Intrinsics::checkNotNullParameter (9 bytes)
Event: 3.787 Thread 0x00000242a6371ee0 nmethod 3233 0x0000024292213c10 code [0x0000024292213e20, 0x0000024292214308]

GC Heap History (12 events):
Event: 0.555 GC heap before
{Heap before GC invocations=0 (full 0):
 garbage-first heap   total 129024K, used 22528K [0x0000000080000000, 0x0000000100000000)
  region size 1024K, 23 young (23552K), 0 survivors (0K)
 Metaspace       used 7870K, committed 8000K, reserved 1114112K
  class space    used 733K, committed 768K, reserved 1048576K
}
Event: 0.557 GC heap after
{Heap after GC invocations=1 (full 0):
 garbage-first heap   total 129024K, used 1279K [0x0000000080000000, 0x0000000100000000)
  region size 1024K, 2 young (2048K), 2 survivors (2048K)
 Metaspace       used 7870K, committed 8000K, reserved 1114112K
  class space    used 733K, committed 768K, reserved 1048576K
}
Event: 1.129 GC heap before
{Heap before GC invocations=1 (full 0):
 garbage-first heap   total 129024K, used 43263K [0x0000000080000000, 0x0000000100000000)
  region size 1024K, 39 young (39936K), 2 survivors (2048K)
 Metaspace       used 11842K, committed 11968K, reserved 1114112K
  class space    used 1276K, committed 1344K, reserved 1048576K
}
Event: 1.135 GC heap after
{Heap after GC invocations=2 (full 0):
 garbage-first heap   total 129024K, used 11296K [0x0000000080000000, 0x0000000100000000)
  region size 1024K, 5 young (5120K), 5 survivors (5120K)
 Metaspace       used 11842K, committed 11968K, reserved 1114112K
  class space    used 1276K, committed 1344K, reserved 1048576K
}
Event: 1.558 GC heap before
{Heap before GC invocations=2 (full 0):
 garbage-first heap   total 129024K, used 82976K [0x0000000080000000, 0x0000000100000000)
  region size 1024K, 75 young (76800K), 5 survivors (5120K)
 Metaspace       used 12805K, committed 12992K, reserved 1114112K
  class space    used 1397K, committed 1472K, reserved 1048576K
}
Event: 1.563 GC heap after
{Heap after GC invocations=3 (full 0):
 garbage-first heap   total 129024K, used 12193K [0x0000000080000000, 0x0000000100000000)
  region size 1024K, 6 young (6144K), 6 survivors (6144K)
 Metaspace       used 12805K, committed 12992K, reserved 1114112K
  class space    used 1397K, committed 1472K, reserved 1048576K
}
Event: 2.435 GC heap before
{Heap before GC invocations=3 (full 0):
 garbage-first heap   total 129024K, used 83873K [0x0000000080000000, 0x0000000100000000)
  region size 1024K, 75 young (76800K), 6 survivors (6144K)
 Metaspace       used 19684K, committed 19968K, reserved 1114112K
  class space    used 2267K, committed 2432K, reserved 1048576K
}
Event: 2.444 GC heap after
{Heap after GC invocations=4 (full 0):
 garbage-first heap   total 129024K, used 21066K [0x0000000080000000, 0x0000000100000000)
  region size 1024K, 9 young (9216K), 9 survivors (9216K)
 Metaspace       used 19684K, committed 19968K, reserved 1114112K
  class space    used 2267K, committed 2432K, reserved 1048576K
}
Event: 2.552 GC heap before
{Heap before GC invocations=4 (full 0):
 garbage-first heap   total 129024K, used 27210K [0x0000000080000000, 0x0000000100000000)
  region size 1024K, 16 young (16384K), 9 survivors (9216K)
 Metaspace       used 21246K, committed 21504K, reserved 1114112K
  class space    used 2489K, committed 2624K, reserved 1048576K
}
Event: 2.558 GC heap after
{Heap after GC invocations=5 (full 0):
 garbage-first heap   total 129024K, used 21361K [0x0000000080000000, 0x0000000100000000)
  region size 1024K, 2 young (2048K), 2 survivors (2048K)
 Metaspace       used 21246K, committed 21504K, reserved 1114112K
  class space    used 2489K, committed 2624K, reserved 1048576K
}
Event: 3.504 GC heap before
{Heap before GC invocations=6 (full 0):
 garbage-first heap   total 75776K, used 73585K [0x0000000080000000, 0x0000000100000000)
  region size 1024K, 52 young (53248K), 2 survivors (2048K)
 Metaspace       used 30082K, committed 30592K, reserved 1114112K
  class space    used 3746K, committed 3968K, reserved 1048576K
}
Event: 3.509 GC heap after
{Heap after GC invocations=7 (full 0):
 garbage-first heap   total 79872K, used 23459K [0x0000000080000000, 0x0000000100000000)
  region size 1024K, 4 young (4096K), 4 survivors (4096K)
 Metaspace       used 30082K, committed 30592K, reserved 1114112K
  class space    used 3746K, committed 3968K, reserved 1048576K
}

Dll operation events (3 events):
Event: 0.013 Loaded shared library C:\Program Files\Android\Android Studio\jbr\bin\java.dll
Event: 0.020 Loaded shared library C:\Program Files\Android\Android Studio\jbr\bin\zip.dll
Event: 0.911 Loaded shared library C:\Program Files\Android\Android Studio\jbr\bin\verify.dll

Deoptimization events (20 events):
Event: 3.073 Thread 0x00000242acfee8b0 Uncommon trap: trap_request=0xffffff45 fr.pc=0x00000242996fdbb4 relative=0x00000000000001f4
Event: 3.073 Thread 0x00000242acfee8b0 Uncommon trap: reason=unstable_if action=reinterpret pc=0x00000242996fdbb4 method=java.util.regex.Matcher.reset()Ljava/util/regex/Matcher; @ 47 c2
Event: 3.073 Thread 0x00000242acfee8b0 DEOPT PACKING pc=0x00000242996fdbb4 sp=0x000000fa83dfa8b0
Event: 3.073 Thread 0x00000242acfee8b0 DEOPT UNPACKING pc=0x00000242991743a2 sp=0x000000fa83dfa838 mode 2
Event: 3.073 Thread 0x00000242acfee8b0 Uncommon trap: trap_request=0xffffff45 fr.pc=0x0000024299700bd4 relative=0x00000000000004b4
Event: 3.073 Thread 0x00000242acfee8b0 Uncommon trap: reason=unstable_if action=reinterpret pc=0x0000024299700bd4 method=java.util.regex.Matcher.match(II)Z @ 76 c2
Event: 3.073 Thread 0x00000242acfee8b0 DEOPT PACKING pc=0x0000024299700bd4 sp=0x000000fa83dfa900
Event: 3.073 Thread 0x00000242acfee8b0 DEOPT UNPACKING pc=0x00000242991743a2 sp=0x000000fa83dfa8b8 mode 2
Event: 3.136 Thread 0x00000242acfee8b0 Uncommon trap: trap_request=0xffffff45 fr.pc=0x0000024299702f68 relative=0x0000000000000d68
Event: 3.136 Thread 0x00000242acfee8b0 Uncommon trap: reason=unstable_if action=reinterpret pc=0x0000024299702f68 method=java.io.WinNTFileSystem.resolve(Ljava/lang/String;Ljava/lang/String;)Ljava/lang/String; @ 19 c2
Event: 3.136 Thread 0x00000242acfee8b0 DEOPT PACKING pc=0x0000024299702f68 sp=0x000000fa83dfb2c0
Event: 3.136 Thread 0x00000242acfee8b0 DEOPT UNPACKING pc=0x00000242991743a2 sp=0x000000fa83dfb258 mode 2
Event: 3.137 Thread 0x00000242acfee8b0 Uncommon trap: trap_request=0xffffff45 fr.pc=0x0000024299710860 relative=0x0000000000000600
Event: 3.137 Thread 0x00000242acfee8b0 Uncommon trap: reason=unstable_if action=reinterpret pc=0x0000024299710860 method=java.io.File.getName()Ljava/lang/String; @ 16 c2
Event: 3.137 Thread 0x00000242acfee8b0 DEOPT PACKING pc=0x0000024299710860 sp=0x000000fa83dfb240
Event: 3.137 Thread 0x00000242acfee8b0 DEOPT UNPACKING pc=0x00000242991743a2 sp=0x000000fa83dfb210 mode 2
Event: 3.204 Thread 0x00000242acfee8b0 Uncommon trap: trap_request=0xffffff45 fr.pc=0x000002429970a694 relative=0x00000000000000f4
Event: 3.205 Thread 0x00000242acfee8b0 Uncommon trap: reason=unstable_if action=reinterpret pc=0x000002429970a694 method=java.util.HashMap.hash(Ljava/lang/Object;)I @ 1 c2
Event: 3.205 Thread 0x00000242acfee8b0 DEOPT PACKING pc=0x000002429970a694 sp=0x000000fa83dfc1b0
Event: 3.205 Thread 0x00000242acfee8b0 DEOPT UNPACKING pc=0x00000242991743a2 sp=0x000000fa83dfc0f0 mode 2

Classes loaded (20 events):
Event: 3.625 Loading class java/util/regex/Pattern$Dollar
Event: 3.625 Loading class java/util/regex/Pattern$Dollar done
Event: 3.657 Loading class java/io/PrintWriter
Event: 3.657 Loading class java/io/PrintWriter done
Event: 3.720 Loading class java/lang/invoke/BoundMethodHandle$Species_LLLLLLLLLLLLLLLLLLLLLLLL
Event: 3.720 Loading class java/lang/invoke/BoundMethodHandle$Species_LLLLLLLLLLLLLLLLLLLLLLLL done
Event: 3.722 Loading class java/lang/invoke/BoundMethodHandle$Species_LLLLLLLLLLLLLLLLLLLLLLLLL
Event: 3.722 Loading class java/lang/invoke/BoundMethodHandle$Species_LLLLLLLLLLLLLLLLLLLLLLLLL done
Event: 3.724 Loading class java/lang/invoke/BoundMethodHandle$Species_LLLLLLLLLLLLLLLLLLLLLLLLLL
Event: 3.724 Loading class java/lang/invoke/BoundMethodHandle$Species_LLLLLLLLLLLLLLLLLLLLLLLLLL done
Event: 3.777 Loading class java/lang/Override
Event: 3.777 Loading class java/lang/Override done
Event: 3.782 Loading class java/util/concurrent/atomic/AtomicReferenceFieldUpdater
Event: 3.782 Loading class java/util/concurrent/atomic/AtomicReferenceFieldUpdater done
Event: 3.782 Loading class java/util/concurrent/atomic/AtomicReferenceFieldUpdater$AtomicReferenceFieldUpdaterImpl
Event: 3.783 Loading class java/util/concurrent/atomic/AtomicReferenceFieldUpdater$AtomicReferenceFieldUpdaterImpl done
Event: 3.783 Loading class java/util/concurrent/atomic/AtomicReferenceFieldUpdater$AtomicReferenceFieldUpdaterImpl$1
Event: 3.783 Loading class java/util/concurrent/atomic/AtomicReferenceFieldUpdater$AtomicReferenceFieldUpdaterImpl$1 done
Event: 3.789 Loading class java/lang/ThreadLocal$SuppliedThreadLocal
Event: 3.789 Loading class java/lang/ThreadLocal$SuppliedThreadLocal done

Classes unloaded (0 events):
No events

Classes redefined (0 events):
No events

Internal exceptions (20 events):
Event: 3.277 Thread 0x00000242acfee8b0 Exception <a 'java/lang/NoSuchMethodError'{0x0000000082105bf0}: 'java.lang.Object java.lang.invoke.DirectMethodHandle$Holder.invokeStatic(java.lang.Object, java.lang.Object, java.lang.Object, java.lang.Object, java.lang.Object, java.lang.Object, java.lang.Object, java.lang.Object, java.lang.Object, java.lang.Object, java.lang.Object, java.lang.Object, java.lang.Object, java.lang.Object, java.lang.Object, java.lang.Object, java.lang.Object)'> (0x0000000082105bf0) 
thrown [s\src\hotspot\share\interpreter\lin
Event: 3.280 Thread 0x00000242acfee8b0 Exception <a 'java/lang/NoSuchMethodError'{0x000000008212e980}: 'java.lang.Object java.lang.invoke.DirectMethodHandle$Holder.invokeStatic(java.lang.Object, java.lang.Object, java.lang.Object, java.lang.Object, java.lang.Object, java.lang.Object, java.lang.Object, java.lang.Object, java.lang.Object, java.lang.Object, java.lang.Object, java.lang.Object, java.lang.Object, java.lang.Object, java.lang.Object, java.lang.Object, java.lang.Object, java.lang.Object)'> (0x000000008212e980) 
thrown [s\src\hotspot\sha
Event: 3.282 Thread 0x00000242acfee8b0 Exception <a 'java/lang/NoSuchMethodError'{0x0000000082158ff8}: 'java.lang.Object java.lang.invoke.DirectMethodHandle$Holder.invokeStatic(java.lang.Object, java.lang.Object, java.lang.Object, java.lang.Object, java.lang.Object, java.lang.Object, java.lang.Object, java.lang.Object, java.lang.Object, java.lang.Object, java.lang.Object, java.lang.Object, java.lang.Object, java.lang.Object, java.lang.Object, java.lang.Object, java.lang.Object, java.lang.Object, java.lang.Object)'> (0x0000000082158ff8) 
thrown 
Event: 3.285 Thread 0x00000242acfee8b0 Exception <a 'java/lang/NoSuchMethodError'{0x00000000821844e8}: 'java.lang.Object java.lang.invoke.DirectMethodHandle$Holder.invokeStatic(java.lang.Object, java.lang.Object, java.lang.Object, java.lang.Object, java.lang.Object, java.lang.Object, java.lang.Object, java.lang.Object, java.lang.Object, java.lang.Object, java.lang.Object, java.lang.Object, java.lang.Object, java.lang.Object, java.lang.Object, java.lang.Object, java.lang.Object, java.lang.Object, java.lang.Object, java.lang.Object)'> (0x00000000
Event: 3.288 Thread 0x00000242acfee8b0 Exception <a 'java/lang/NoSuchMethodError'{0x00000000821b0e50}: 'java.lang.Object java.lang.invoke.DirectMethodHandle$Holder.invokeStatic(java.lang.Object, java.lang.Object, java.lang.Object, java.lang.Object, java.lang.Object, java.lang.Object, java.lang.Object, java.lang.Object, java.lang.Object, java.lang.Object, java.lang.Object, java.lang.Object, java.lang.Object, java.lang.Object, java.lang.Object, java.lang.Object, java.lang.Object, java.lang.Object, java.lang.Object, java.lang.Object, java.lang.Obj
Event: 3.292 Thread 0x00000242acfee8b0 Exception <a 'java/lang/NoSuchMethodError'{0x00000000821e4c18}: 'java.lang.Object java.lang.invoke.DirectMethodHandle$Holder.invokeStatic(java.lang.Object, java.lang.Object, java.lang.Object, java.lang.Object, java.lang.Object, java.lang.Object, java.lang.Object, java.lang.Object, java.lang.Object, java.lang.Object, java.lang.Object, java.lang.Object, java.lang.Object, java.lang.Object, java.lang.Object, java.lang.Object, java.lang.Object, java.lang.Object, java.lang.Object, java.lang.Object, java.lang.Obj
Event: 3.294 Thread 0x00000242acfee8b0 Exception <a 'java/lang/NoSuchMethodError'{0x0000000082013178}: 'java.lang.Object java.lang.invoke.DirectMethodHandle$Holder.invokeStatic(java.lang.Object, java.lang.Object, java.lang.Object, java.lang.Object, java.lang.Object, java.lang.Object, java.lang.Object, java.lang.Object, java.lang.Object, java.lang.Object, java.lang.Object, java.lang.Object, java.lang.Object, java.lang.Object, java.lang.Object, java.lang.Object, java.lang.Object, java.lang.Object, java.lang.Object, java.lang.Object, java.lang.Obj
Event: 3.296 Thread 0x00000242acfee8b0 Exception <a 'java/lang/NoSuchMethodError'{0x0000000082042608}: 'java.lang.Object java.lang.invoke.DirectMethodHandle$Holder.invokeStatic(java.lang.Object, java.lang.Object, java.lang.Object, java.lang.Object, java.lang.Object, java.lang.Object, java.lang.Object, java.lang.Object, java.lang.Object, java.lang.Object, java.lang.Object, java.lang.Object, java.lang.Object, java.lang.Object, java.lang.Object, java.lang.Object, java.lang.Object, java.lang.Object, java.lang.Object, java.lang.Object, java.lang.Obj
Event: 3.298 Thread 0x00000242acfee8b0 Exception <a 'java/lang/NoSuchMethodError'{0x0000000082072628}: 'java.lang.Object java.lang.invoke.DirectMethodHandle$Holder.invokeStatic(java.lang.Object, java.lang.Object, java.lang.Object, java.lang.Object, java.lang.Object, java.lang.Object, java.lang.Object, java.lang.Object, java.lang.Object, java.lang.Object, java.lang.Object, java.lang.Object, java.lang.Object, java.lang.Object, java.lang.Object, java.lang.Object, java.lang.Object, java.lang.Object, java.lang.Object, java.lang.Object, java.lang.Obj
Event: 3.300 Thread 0x00000242acfee8b0 Exception <a 'java/lang/NoSuchMethodError'{0x00000000820a3ff8}: 'java.lang.Object java.lang.invoke.DirectMethodHandle$Holder.invokeStatic(java.lang.Object, java.lang.Object, java.lang.Object, java.lang.Object, java.lang.Object, java.lang.Object, java.lang.Object, java.lang.Object, java.lang.Object, java.lang.Object, java.lang.Object, java.lang.Object, java.lang.Object, java.lang.Object, java.lang.Object, java.lang.Object, java.lang.Object, java.lang.Object, java.lang.Object, java.lang.Object, java.lang.Obj
Event: 3.332 Thread 0x00000242acfee8b0 Exception <a 'java/lang/IncompatibleClassChangeError'{0x0000000081febd00}: Found class java.lang.Object, but interface was expected> (0x0000000081febd00) 
thrown [s\src\hotspot\share\interpreter\linkResolver.cpp, line 851]
Event: 3.394 Thread 0x00000242acfee8b0 Exception <a 'sun/nio/fs/WindowsException'{0x0000000081c9f508}> (0x0000000081c9f508) 
thrown [s\src\hotspot\share\prims\jni.cpp, line 537]
Event: 3.620 Thread 0x00000242acfee8b0 Exception <a 'java/lang/NoSuchMethodError'{0x0000000084496e40}: 'java.lang.Object java.lang.invoke.DirectMethodHandle$Holder.newInvokeSpecial(java.lang.Object, java.lang.Object, java.lang.Object, java.lang.Object, java.lang.Object, java.lang.Object, java.lang.Object, java.lang.Object, java.lang.Object, java.lang.Object)'> (0x0000000084496e40) 
thrown [s\src\hotspot\share\interpreter\linkResolver.cpp, line 784]
Event: 3.642 Thread 0x00000242acfee8b0 Exception <a 'java/lang/NoSuchMethodError'{0x00000000843bb238}: 'java.lang.Object java.lang.invoke.DirectMethodHandle$Holder.invokeVirtual(java.lang.Object, java.lang.Object, java.lang.Object, java.lang.Object, java.lang.Object, java.lang.Object, java.lang.Object, java.lang.Object, java.lang.Object, java.lang.Object, java.lang.Object)'> (0x00000000843bb238) 
thrown [s\src\hotspot\share\interpreter\linkResolver.cpp, line 784]
Event: 3.664 Thread 0x00000242acfee8b0 Exception <a 'sun/nio/fs/WindowsException'{0x0000000084129328}> (0x0000000084129328) 
thrown [s\src\hotspot\share\prims\jni.cpp, line 537]
Event: 3.715 Thread 0x00000242acfee8b0 Exception <a 'java/lang/NoSuchMethodError'{0x0000000083fd5740}: 'java.lang.Object java.lang.invoke.DelegatingMethodHandle$Holder.reinvoke_L(java.lang.Object, java.lang.Object, java.lang.Object, java.lang.Object, java.lang.Object, java.lang.Object, java.lang.Object, java.lang.Object, java.lang.Object, java.lang.Object, java.lang.Object, java.lang.Object, java.lang.Object, java.lang.Object, java.lang.Object, java.lang.Object, java.lang.Object, java.lang.Object, java.lang.Object, java.lang.Object, java.lang.O
Event: 3.721 Thread 0x00000242acfee8b0 Exception <a 'java/lang/NoSuchMethodError'{0x0000000083eaa158}: 'java.lang.Object java.lang.invoke.DirectMethodHandle$Holder.invokeStatic(java.lang.Object, java.lang.Object, java.lang.Object, java.lang.Object, java.lang.Object, java.lang.Object, java.lang.Object, java.lang.Object, java.lang.Object, java.lang.Object, java.lang.Object, java.lang.Object, java.lang.Object, java.lang.Object, java.lang.Object, java.lang.Object, java.lang.Object, java.lang.Object, java.lang.Object, java.lang.Object, java.lang.Obj
Event: 3.723 Thread 0x00000242acfee8b0 Exception <a 'java/lang/NoSuchMethodError'{0x0000000083edde90}: 'java.lang.Object java.lang.invoke.DirectMethodHandle$Holder.invokeStatic(java.lang.Object, java.lang.Object, java.lang.Object, java.lang.Object, java.lang.Object, java.lang.Object, java.lang.Object, java.lang.Object, java.lang.Object, java.lang.Object, java.lang.Object, java.lang.Object, java.lang.Object, java.lang.Object, java.lang.Object, java.lang.Object, java.lang.Object, java.lang.Object, java.lang.Object, java.lang.Object, java.lang.Obj
Event: 3.725 Thread 0x00000242acfee8b0 Exception <a 'java/lang/NoSuchMethodError'{0x0000000083d129f8}: 'java.lang.Object java.lang.invoke.DirectMethodHandle$Holder.invokeStatic(java.lang.Object, java.lang.Object, java.lang.Object, java.lang.Object, java.lang.Object, java.lang.Object, java.lang.Object, java.lang.Object, java.lang.Object, java.lang.Object, java.lang.Object, java.lang.Object, java.lang.Object, java.lang.Object, java.lang.Object, java.lang.Object, java.lang.Object, java.lang.Object, java.lang.Object, java.lang.Object, java.lang.Obj
Event: 3.790 Thread 0x00000242acfee8b0 Exception <a 'java/lang/IncompatibleClassChangeError'{0x0000000083bed2c0}: Found class java.lang.Object, but interface was expected> (0x0000000083bed2c0) 
thrown [s\src\hotspot\share\interpreter\linkResolver.cpp, line 851]

ZGC Phase Switch (0 events):
No events

VM Operations (20 events):
Event: 2.486 Executing non-safepoint VM operation: HandshakeAllThreads (Deoptimize)
Event: 2.486 Executing non-safepoint VM operation: HandshakeAllThreads (Deoptimize) done
Event: 2.552 Executing safepoint VM operation: CollectForMetadataAllocation (Metadata GC Threshold)
Event: 2.558 Executing safepoint VM operation: CollectForMetadataAllocation (Metadata GC Threshold) done
Event: 2.558 Executing safepoint VM operation: CollectForMetadataAllocation (Metadata GC Threshold)
Event: 2.558 Executing safepoint VM operation: CollectForMetadataAllocation (Metadata GC Threshold) done
Event: 2.563 Executing safepoint VM operation: G1PauseRemark
Event: 2.565 Executing safepoint VM operation: G1PauseRemark done
Event: 2.570 Executing safepoint VM operation: G1PauseCleanup
Event: 2.573 Executing safepoint VM operation: G1PauseCleanup done
Event: 3.054 Executing non-safepoint VM operation: HandshakeAllThreads (Deoptimize)
Event: 3.054 Executing non-safepoint VM operation: HandshakeAllThreads (Deoptimize) done
Event: 3.142 Executing safepoint VM operation: ICBufferFull
Event: 3.142 Executing safepoint VM operation: ICBufferFull done
Event: 3.309 Executing non-safepoint VM operation: HandshakeAllThreads (Deoptimize)
Event: 3.309 Executing non-safepoint VM operation: HandshakeAllThreads (Deoptimize) done
Event: 3.310 Executing non-safepoint VM operation: HandshakeAllThreads (Deoptimize)
Event: 3.310 Executing non-safepoint VM operation: HandshakeAllThreads (Deoptimize) done
Event: 3.503 Executing safepoint VM operation: G1CollectForAllocation (G1 Evacuation Pause)
Event: 3.509 Executing safepoint VM operation: G1CollectForAllocation (G1 Evacuation Pause) done

Memory protections (0 events):
No events

Nmethod flushes (0 events):
No events

Events (20 events):
Event: 1.685 Thread 0x00000242a67ebb30 Thread exited: 0x00000242a67ebb30
Event: 2.173 Loaded shared library C:\Program Files\Android\Android Studio\jbr\bin\management.dll
Event: 2.176 Loaded shared library C:\Program Files\Android\Android Studio\jbr\bin\management_ext.dll
Event: 2.203 Thread 0x000002428c814280 Thread added: 0x00000242acd02500
Event: 2.309 Loaded shared library C:\Program Files\Android\Android Studio\jbr\bin\extnet.dll
Event: 2.403 Thread 0x000002428c814280 Thread added: 0x00000242ac56c890
Event: 2.479 Thread 0x000002428c814280 Thread added: 0x00000242ac39eaa0
Event: 2.495 Thread 0x00000242a6371ee0 Thread added: 0x00000242abc98520
Event: 2.520 Thread 0x00000242ac56c890 Thread added: 0x00000242ab5e7ef0
Event: 2.523 Thread 0x00000242ab5e7ef0 Thread added: 0x00000242acfe5a10
Event: 2.592 Thread 0x00000242ab5e7ef0 Thread added: 0x00000242abd5d670
Event: 2.603 Thread 0x00000242ab5e7ef0 Thread added: 0x00000242acfee8b0
Event: 2.616 Thread 0x00000242acfee8b0 Thread added: 0x00000242acfef5d0
Event: 2.621 Thread 0x00000242acfee8b0 Thread added: 0x00000242acfee220
Event: 2.629 Thread 0x00000242acfee8b0 Thread added: 0x00000242acfeef40
Event: 3.054 Thread 0x00000242acfee8b0 Thread added: 0x00000242ae848750
Event: 3.063 Thread 0x00000242acfee8b0 Thread added: 0x00000242ae84b540
Event: 3.115 Thread 0x00000242acfee8b0 Thread added: 0x00000242ae84a820
Event: 3.585 Thread 0x00000242abc98520 Thread exited: 0x00000242abc98520
Event: 3.724 Thread 0x00000242a6371ee0 Thread added: 0x00000242ad2bf040


Dynamic libraries:
0x00007ff713fd0000 - 0x00007ff713fda000 	C:\Program Files\Android\Android Studio\jbr\bin\java.exe
0x00007ffb7dea0000 - 0x00007ffb7e107000 	C:\WINDOWS\SYSTEM32\ntdll.dll
0x00007ffb7c2a0000 - 0x00007ffb7c369000 	C:\WINDOWS\System32\KERNEL32.DLL
0x00007ffb7b4d0000 - 0x00007ffb7b8c4000 	C:\WINDOWS\System32\KERNELBASE.dll
0x00007ffb7b2c0000 - 0x00007ffb7b40b000 	C:\WINDOWS\System32\ucrtbase.dll
0x00007ffb723e0000 - 0x00007ffb723fb000 	C:\Program Files\Android\Android Studio\jbr\bin\VCRUNTIME140.dll
0x00007ffb6aba0000 - 0x00007ffb6abb8000 	C:\Program Files\Android\Android Studio\jbr\bin\jli.dll
0x00007ffb7bfd0000 - 0x00007ffb7c195000 	C:\WINDOWS\System32\USER32.dll
0x00007ffb7b410000 - 0x00007ffb7b437000 	C:\WINDOWS\System32\win32u.dll
0x00007ffb63840000 - 0x00007ffb63ad3000 	C:\WINDOWS\WinSxS\amd64_microsoft.windows.common-controls_6595b64144ccf1df_6.0.26100.8115_none_3e075c82e3354f9c\COMCTL32.dll
0x00007ffb7bc30000 - 0x00007ffb7bcd9000 	C:\WINDOWS\System32\msvcrt.dll
0x00007ffb7cea0000 - 0x00007ffb7cecb000 	C:\WINDOWS\System32\GDI32.dll
0x00007ffb7b980000 - 0x00007ffb7baab000 	C:\WINDOWS\System32\gdi32full.dll
0x00007ffb7a9a0000 - 0x00007ffb7aa43000 	C:\WINDOWS\System32\msvcp_win.dll
0x00007ffb7d1b0000 - 0x00007ffb7d1e2000 	C:\WINDOWS\System32\IMM32.DLL
0x00007ffb72850000 - 0x00007ffb7285c000 	C:\Program Files\Android\Android Studio\jbr\bin\vcruntime140_1.dll
0x00007ffb665d0000 - 0x00007ffb6665d000 	C:\Program Files\Android\Android Studio\jbr\bin\msvcp140.dll
0x00007ffabba90000 - 0x00007ffabc726000 	C:\Program Files\Android\Android Studio\jbr\bin\server\jvm.dll
0x00007ffb7ced0000 - 0x00007ffb7cf86000 	C:\WINDOWS\System32\ADVAPI32.dll
0x00007ffb7d100000 - 0x00007ffb7d1a7000 	C:\WINDOWS\System32\sechost.dll
0x00007ffb7d980000 - 0x00007ffb7da98000 	C:\WINDOWS\System32\RPCRT4.dll
0x00007ffb7c550000 - 0x00007ffb7c5d0000 	C:\WINDOWS\System32\WS2_32.dll
0x00007ffb7a5d0000 - 0x00007ffb7a62e000 	C:\WINDOWS\SYSTEM32\POWRPROF.dll
0x00007ffb64150000 - 0x00007ffb64186000 	C:\WINDOWS\SYSTEM32\WINMM.dll
0x00007ffb6a6c0000 - 0x00007ffb6a6cb000 	C:\WINDOWS\SYSTEM32\VERSION.dll
0x00007ffb7a5b0000 - 0x00007ffb7a5c4000 	C:\WINDOWS\SYSTEM32\UMPDC.dll
0x00007ffb794c0000 - 0x00007ffb794db000 	C:\WINDOWS\SYSTEM32\kernel.appcore.dll
0x00007ffb727d0000 - 0x00007ffb727da000 	C:\Program Files\Android\Android Studio\jbr\bin\jimage.dll
0x00007ffb78860000 - 0x00007ffb78aa2000 	C:\WINDOWS\SYSTEM32\DBGHELP.DLL
0x00007ffb7dad0000 - 0x00007ffb7de52000 	C:\WINDOWS\System32\combase.dll
0x00007ffb7cdb0000 - 0x00007ffb7ce88000 	C:\WINDOWS\System32\OLEAUT32.dll
0x00007ffb4fbd0000 - 0x00007ffb4fc0b000 	C:\WINDOWS\SYSTEM32\dbgcore.DLL
0x00007ffb7b8d0000 - 0x00007ffb7b975000 	C:\WINDOWS\System32\bcryptPrimitives.dll
0x00007ffb70fa0000 - 0x00007ffb70fae000 	C:\Program Files\Android\Android Studio\jbr\bin\instrument.dll
0x00007ffb72340000 - 0x00007ffb72360000 	C:\Program Files\Android\Android Studio\jbr\bin\java.dll
0x00007ffaf8f40000 - 0x00007ffaf8f58000 	C:\Program Files\Android\Android Studio\jbr\bin\zip.dll
0x00007ffb7c5e0000 - 0x00007ffb7cd47000 	C:\WINDOWS\System32\SHELL32.dll
0x00007ffb7a830000 - 0x00007ffb7a99a000 	C:\WINDOWS\System32\wintypes.dll
0x00007ffb7aa50000 - 0x00007ffb7b2b8000 	C:\WINDOWS\System32\windows.storage.dll
0x00007ffb7bd60000 - 0x00007ffb7be58000 	C:\WINDOWS\System32\SHCORE.dll
0x00007ffb7c1b0000 - 0x00007ffb7c216000 	C:\WINDOWS\System32\shlwapi.dll
0x00007ffb7a690000 - 0x00007ffb7a6b9000 	C:\WINDOWS\SYSTEM32\profapi.dll
0x00007ffb1cc50000 - 0x00007ffb1cc60000 	C:\Program Files\Android\Android Studio\jbr\bin\net.dll
0x00007ffb6b100000 - 0x00007ffb6b22d000 	C:\WINDOWS\SYSTEM32\WINHTTP.dll
0x00007ffb79a10000 - 0x00007ffb79a7c000 	C:\WINDOWS\system32\mswsock.dll
0x00007ffaf4fa0000 - 0x00007ffaf4fb6000 	C:\Program Files\Android\Android Studio\jbr\bin\nio.dll
0x00007ffb727c0000 - 0x00007ffb727d0000 	C:\Program Files\Android\Android Studio\jbr\bin\verify.dll
0x00007ffb6ab70000 - 0x00007ffb6ab97000 	C:\Users\201407\.gradle\native\660c5614fbf4a5f2a75b1949f50a0caf5cd603558e7d8a26e50b933a0cfb79d1\windows-amd64\native-platform.dll
0x00007ffb6a7f0000 - 0x00007ffb6a867000 	C:\Users\201407\.gradle\native\0.2.8\x86_64-windows-gnu\gradle-fileevents.dll
0x00007ffb1b2f0000 - 0x00007ffb1b2f9000 	C:\Program Files\Android\Android Studio\jbr\bin\management.dll
0x00007ffb1b270000 - 0x00007ffb1b27b000 	C:\Program Files\Android\Android Studio\jbr\bin\management_ext.dll
0x00007ffb7c1a0000 - 0x00007ffb7c1a8000 	C:\WINDOWS\System32\PSAPI.DLL
0x00007ffb78ea0000 - 0x00007ffb78ed2000 	C:\WINDOWS\SYSTEM32\IPHLPAPI.DLL
0x00007ffb7be60000 - 0x00007ffb7be6a000 	C:\WINDOWS\System32\NSI.dll
0x00007ffb1c730000 - 0x00007ffb1c739000 	C:\Program Files\Android\Android Studio\jbr\bin\extnet.dll
0x00007ffb79e10000 - 0x00007ffb79e2b000 	C:\WINDOWS\SYSTEM32\CRYPTSP.dll
0x00007ffb79420000 - 0x00007ffb79459000 	C:\WINDOWS\system32\rsaenh.dll
0x00007ffb79ac0000 - 0x00007ffb79af3000 	C:\WINDOWS\SYSTEM32\USERENV.dll
0x00007ffb7a660000 - 0x00007ffb7a68a000 	C:\WINDOWS\SYSTEM32\bcrypt.dll
0x00007ffb79c70000 - 0x00007ffb79c7c000 	C:\WINDOWS\SYSTEM32\CRYPTBASE.dll
0x00007ffb4a250000 - 0x00007ffb4a258000 	C:\WINDOWS\system32\wshunix.dll

JVMTI agents:
C:\Users\201407\.gradle\wrapper\dists\gradle-9.3.1-bin\23ovyewtku6u96viwx3xl3oks\gradle-9.3.1\lib\agents\gradle-instrumentation-agent-9.3.1.jar path:C:\Program Files\Android\Android Studio\jbr\bin\instrument.dll, loaded, initialized, instrumentlib options:none

dbghelp: loaded successfully - version: 4.0.5 - missing functions: none
symbol engine: initialized successfully - sym options: 0x614 - pdb path: .;C:\Program Files\Android\Android Studio\jbr\bin;C:\WINDOWS\SYSTEM32;C:\WINDOWS\WinSxS\amd64_microsoft.windows.common-controls_6595b64144ccf1df_6.0.26100.8115_none_3e075c82e3354f9c;C:\Program Files\Android\Android Studio\jbr\bin\server;C:\Users\201407\.gradle\native\660c5614fbf4a5f2a75b1949f50a0caf5cd603558e7d8a26e50b933a0cfb79d1\windows-amd64;C:\Users\201407\.gradle\native\0.2.8\x86_64-windows-gnu

VM Arguments:
jvm_args: --add-opens=java.base/java.lang=ALL-UNNAMED --add-opens=java.base/java.lang.invoke=ALL-UNNAMED --add-opens=java.base/java.util=ALL-UNNAMED --add-opens=java.prefs/java.util.prefs=ALL-UNNAMED --add-exports=jdk.compiler/com.sun.tools.javac.api=ALL-UNNAMED --add-exports=jdk.compiler/com.sun.tools.javac.util=ALL-UNNAMED --add-opens=java.base/java.util=ALL-UNNAMED --add-opens=java.prefs/java.util.prefs=ALL-UNNAMED --add-opens=java.base/java.nio.charset=ALL-UNNAMED --add-opens=java.base/java.net=ALL-UNNAMED --add-opens=java.base/java.util.concurrent=ALL-UNNAMED --add-opens=java.base/java.util.concurrent.atomic=ALL-UNNAMED --add-opens=java.xml/javax.xml.namespace=ALL-UNNAMED --add-opens=java.base/java.time=ALL-UNNAMED -Xmx2048m -Dfile.encoding=UTF-8 -Duser.country=US -Duser.language=en -Duser.variant -javaagent:C:\Users\201407\.gradle\wrapper\dists\gradle-9.3.1-bin\23ovyewtku6u96viwx3xl3oks\gradle-9.3.1\lib\agents\gradle-instrumentation-agent-9.3.1.jar 
java_command: org.gradle.launcher.daemon.bootstrap.GradleDaemon 9.3.1
java_class_path (initial): C:\Users\201407\.gradle\wrapper\dists\gradle-9.3.1-bin\23ovyewtku6u96viwx3xl3oks\gradle-9.3.1\lib\gradle-daemon-main-9.3.1.jar
Launcher Type: SUN_STANDARD

[Global flags]
     intx CICompilerCount                          = 4                                         {product} {ergonomic}
     uint ConcGCThreads                            = 2                                         {product} {ergonomic}
     uint G1ConcRefinementThreads                  = 8                                         {product} {ergonomic}
   size_t G1HeapRegionSize                         = 1048576                                   {product} {ergonomic}
    uintx GCDrainStackTargetSize                   = 64                                        {product} {ergonomic}
   size_t InitialHeapSize                          = 132120576                                 {product} {ergonomic}
   size_t MarkStackSize                            = 4194304                                   {product} {ergonomic}
   size_t MaxHeapSize                              = 2147483648                                {product} {command line}
   size_t MaxNewSize                               = 1287651328                                {product} {ergonomic}
   size_t MinHeapDeltaBytes                        = 1048576                                   {product} {ergonomic}
   size_t MinHeapSize                              = 8388608                                   {product} {ergonomic}
    uintx NonNMethodCodeHeapSize                   = 5839372                                {pd product} {ergonomic}
    uintx NonProfiledCodeHeapSize                  = 122909434                              {pd product} {ergonomic}
    uintx ProfiledCodeHeapSize                     = 122909434                              {pd product} {ergonomic}
    uintx ReservedCodeCacheSize                    = 251658240                              {pd product} {ergonomic}
     bool SegmentedCodeCache                       = true                                      {product} {ergonomic}
   size_t SoftMaxHeapSize                          = 2147483648                             {manageable} {ergonomic}
     bool UseCompressedOops                        = true                           {product lp64_product} {ergonomic}
     bool UseG1GC                                  = true                                      {product} {ergonomic}
     bool UseLargePagesIndividualAllocation        = false                                  {pd product} {ergonomic}

Logging:
Log output configuration:
 #0: stdout all=warning uptime,level,tags foldmultilines=false
 #1: stderr all=off uptime,level,tags foldmultilines=false

Release file:
JAVA_VERSION="21.0.10" 
MODULES="java.base java.compiler java.datatransfer java.xml java.prefs java.desktop java.instrument java.logging java.management java.security.sasl java.naming java.rmi java.management.rmi java.net.http java.scripting java.security.jgss java.transaction.xa java.sql java.sql.rowset java.xml.crypto java.se java.smartcardio jdk.accessibility jdk.internal.jvmstat jdk.attach jdk.charsets jdk.internal.opt jdk.zipfs jdk.compiler jdk.crypto.ec jdk.crypto.cryptoki jdk.dynalink jdk.hotspot.agent jdk.httpserver jdk.internal.ed jdk.internal.le jdk.internal.vm.ci jdk.jartool jdk.javadoc jdk.jcmd jdk.jdeps jdk.jdwp.agent jdk.jdi jdk.jfr jdk.jlink jdk.jsobject jdk.localedata jdk.management jdk.management.agent jdk.management.jfr jdk.naming.dns jdk.naming.rmi jdk.net jdk.sctp jdk.security.auth jdk.security.jgss jdk.unsupported jdk.unsupported.desktop jdk.xml.dom" 
IMPLEMENTOR="JetBrains s.r.o." 
JAVA_RUNTIME_VERSION="21.0.10+-14961533-b1163.108" 
LIBC="default" 
OS_ARCH="x86_64" 
OS_NAME="Windows" 
SOURCE=".:git:1351622c2ff2" 

Environment Variables:
PATH=C:\WINDOWS\system32;C:\WINDOWS;C:\WINDOWS\System32\Wbem;C:\WINDOWS\System32\WindowsPowerShell\v1.0\;C:\WINDOWS\System32\OpenSSH\;C:\Users\201407\AppData\Local\Microsoft\WindowsApps;C:\Users\201407\AppData\Local\Programs\Git\cmd
USERNAME=201407
OS=Windows_NT
PROCESSOR_IDENTIFIER=Intel64 Family 6 Model 142 Stepping 10, GenuineIntel
TMP=C:\Users\201407\AppData\Local\Temp
TEMP=C:\Users\201407\AppData\Local\Temp




Periodic native trim disabled

JNI global refs:
JNI global refs: 24, weak refs: 0

JNI global refs memory usage: 835, weak refs: 833

Process memory usage:
Resident Set Size: 231204K (2% of 8228052K total physical memory with 958956K free physical memory)

OOME stack traces (most recent first):
Classloader memory used:
Loader bootstrap                                                                       : 17245K
Loader org.gradle.internal.classloader.VisitableURLClassLoader                         : 13228K
Loader org.gradle.initialization.MixInLegacyTypesClassLoader                           : 1496K
Loader jdk.internal.loader.ClassLoaders$AppClassLoader                                 : 229K
Loader jdk.internal.loader.ClassLoaders$PlatformClassLoader                            : 116K
Loader jdk.internal.reflect.DelegatingClassLoader                                      : 38104B

Classes loaded by more than one classloader:
Class org.gradle.internal.classloader.FilteringClassLoader                            : loaded 2 times (x 105B)
Class org.gradle.internal.classloader.ClassLoaderHierarchy                            : loaded 2 times (x 70B)
Class org.gradle.api.internal.classpath.ManifestUtil                                  : loaded 2 times (x 71B)
Class org.gradle.internal.classloader.DefaultClassLoaderFactory                       : loaded 2 times (x 82B)
Class org.gradle.internal.classloader.ClassLoaderVisitor                              : loaded 2 times (x 76B)
Class org.gradle.api.internal.classpath.EffectiveClassPath                            : loaded 2 times (x 90B)
Class org.gradle.api.internal.DefaultClassPathProvider                                : loaded 2 times (x 76B)
Class [Lorg.gradle.api.internal.ClassPathProvider;                                    : loaded 2 times (x 69B)
Class org.gradle.api.internal.ClassPathProvider                                       : loaded 2 times (x 70B)
Class org.gradle.internal.service.UnknownServiceException                             : loaded 2 times (x 83B)
Class org.gradle.internal.classpath.TransformedClassPath                              : loaded 2 times (x 96B)
Class org.gradle.internal.classloader.InstrumentingClassLoader                        : loaded 2 times (x 70B)
Class org.gradle.internal.service.ServiceLocator                                      : loaded 2 times (x 70B)
Class org.gradle.internal.classloader.ClasspathUtil$1                                 : loaded 2 times (x 76B)
Class org.gradle.api.internal.classpath.DefaultModuleRegistry$DefaultModule           : loaded 2 times (x 86B)
Class org.gradle.api.internal.classpath.Module                                        : loaded 2 times (x 70B)
Class org.gradle.api.internal.classpath.UnknownModuleException                        : loaded 2 times (x 82B)
Class org.gradle.api.internal.DefaultClassPathRegistry                                : loaded 2 times (x 76B)
Class org.gradle.api.internal.ClassPathRegistry                                       : loaded 2 times (x 70B)
Class org.gradle.internal.classpath.DefaultClassPath$ImmutableUniqueList              : loaded 2 times (x 199B)
Class org.gradle.internal.classpath.ClassPath                                         : loaded 2 times (x 70B)
Class org.gradle.api.internal.classpath.ModuleRegistry                                : loaded 2 times (x 70B)
Class org.gradle.internal.installation.GradleInstallation$1                           : loaded 2 times (x 75B)
Class org.gradle.api.internal.classpath.DefaultModuleRegistry                         : loaded 2 times (x 86B)
Class org.gradle.internal.service.ServiceLookupException                              : loaded 2 times (x 82B)
Class org.gradle.internal.classloader.ClassLoaderFactory                              : loaded 2 times (x 70B)
Class org.gradle.internal.service.CachingServiceLocator                               : loaded 2 times (x 82B)
Class org.gradle.internal.classloader.ClasspathUtil                                   : loaded 2 times (x 71B)
Class org.gradle.api.specs.Spec                                                       : loaded 2 times (x 70B)
Class org.gradle.internal.classloader.VisitableURLClassLoader$InstrumentingVisitableURLClassLoader: loaded 2 times (x 123B)
Class org.gradle.internal.classloader.VisitableURLClassLoader$Spec                    : loaded 2 times (x 74B)
Class org.gradle.internal.classpath.DefaultClassPath                                  : loaded 2 times (x 90B)
Class org.gradle.internal.classloader.ClassLoaderSpec                                 : loaded 2 times (x 71B)
Class org.gradle.internal.classloader.VisitableURLClassLoader                         : loaded 2 times (x 117B)
Class org.gradle.internal.Cast                                                        : loaded 2 times (x 71B)
Class org.gradle.api.Action                                                           : loaded 2 times (x 70B)
Class org.gradle.internal.classpath.DefaultClassPath$ImmutableUniqueList$Builder      : loaded 2 times (x 75B)
Class org.gradle.api.GradleException                                                  : loaded 2 times (x 82B)
Class org.gradle.internal.IoActions                                                   : loaded 2 times (x 71B)
Class org.gradle.internal.classloader.SystemClassLoaderSpec                           : loaded 2 times (x 71B)
Class org.gradle.api.internal.classpath.GlobalCacheRootsProvider                      : loaded 2 times (x 70B)
Class org.gradle.internal.installation.CurrentGradleInstallationLocator               : loaded 2 times (x 71B)
Class org.gradle.internal.service.DefaultServiceLocator                               : loaded 2 times (x 83B)
Class org.gradle.internal.installation.CurrentGradleInstallation                      : loaded 2 times (x 73B)
Class org.gradle.util.internal.GUtil                                                  : loaded 2 times (x 71B)
Class org.gradle.internal.installation.GradleInstallation                             : loaded 2 times (x 75B)

---------------  S Y S T E M  ---------------

OS:
 Windows 11 , 64 bit Build 26100 (10.0.26100.8246)
OS uptime: 7 days 22:26 hours
Hyper-V role detected

CPU: total 8 (initial active 8) (4 cores per cpu, 2 threads per core) family 6 model 142 stepping 10 microcode 0xf6, cx8, cmov, fxsr, ht, mmx, 3dnowpref, sse, sse2, sse3, ssse3, sse4.1, sse4.2, popcnt, lzcnt, tsc, tscinvbit, avx, avx2, aes, erms, clmul, bmi1, bmi2, adx, fma, vzeroupper, clflush, clflushopt, hv, rdtscp, f16c
Processor Information for the first 8 processors :
  Max Mhz: 1800, Current Mhz: 1600, Mhz Limit: 1584

Memory: 4k page, system-wide physical 8035M (936M free)
TotalPageFile size 12566M (AvailPageFile size 5M)
current process WorkingSet (physical memory assigned to process): 226M, peak: 226M
current process commit charge ("private bytes"): 264M, peak: 265M

vm_info: OpenJDK 64-Bit Server VM (21.0.10+-14961533-b1163.108) for windows-amd64 JRE (21.0.10+-14961533-b1163.108), built on 2026-03-02T19:58:50Z by "builder" with MS VC++ 16.10 / 16.11 (VS2019)

END.
