#
# There is insufficient memory for the Java Runtime Environment to continue.
# Native memory allocation (malloc) failed to allocate 1680816 bytes. Error detail: Chunk::new
# Possible reasons:
#   The system is out of physical RAM or swap space
#   This process is running with CompressedOops enabled, and the Java Heap may be blocking the growth of the native heap
# Possible solutions:
#   Reduce memory load on the system
#   Increase physical memory or swap space
#   Check if swap backing store is full
#   Decrease Java heap size (-Xmx/-Xms)
#   Decrease number of Java threads
#   Decrease Java thread stack sizes (-Xss)
#   Set larger code cache with -XX:ReservedCodeCacheSize=
#   JVM is running with Unscaled Compressed Oops mode in which the Java heap is
#     placed in the first 4GB address space. The Java Heap base address is the
#     maximum limit for the native heap growth. Please use -XX:HeapBaseMinAddress
#     to set the Java Heap base and to place the Java Heap above 4GB virtual address.
# This output file may be truncated or incomplete.
#
#  Out of Memory Error (arena.cpp:168), pid=32480, tid=11176
#
# JRE version: OpenJDK Runtime Environment (21.0.10) (build 21.0.10+-14961533-b1163.108)
# Java VM: OpenJDK 64-Bit Server VM (21.0.10+-14961533-b1163.108, mixed mode, tiered, compressed oops, compressed class ptrs, g1 gc, windows-amd64)
# No core dump will be written. Minidumps are not enabled by default on client versions of Windows
#

---------------  S U M M A R Y ------------

Command Line: --add-opens=java.base/java.lang=ALL-UNNAMED --add-opens=java.base/java.lang.invoke=ALL-UNNAMED --add-opens=java.base/java.util=ALL-UNNAMED --add-opens=java.prefs/java.util.prefs=ALL-UNNAMED --add-exports=jdk.compiler/com.sun.tools.javac.api=ALL-UNNAMED --add-exports=jdk.compiler/com.sun.tools.javac.util=ALL-UNNAMED --add-opens=java.base/java.util=ALL-UNNAMED --add-opens=java.prefs/java.util.prefs=ALL-UNNAMED --add-opens=java.base/java.nio.charset=ALL-UNNAMED --add-opens=java.base/java.net=ALL-UNNAMED --add-opens=java.base/java.util.concurrent=ALL-UNNAMED --add-opens=java.base/java.util.concurrent.atomic=ALL-UNNAMED --add-opens=java.xml/javax.xml.namespace=ALL-UNNAMED --add-opens=java.base/java.time=ALL-UNNAMED -Xmx2048m -Dfile.encoding=UTF-8 -Duser.country=US -Duser.language=en -Duser.variant -javaagent:C:\Users\201407\.gradle\wrapper\dists\gradle-9.3.1-bin\23ovyewtku6u96viwx3xl3oks\gradle-9.3.1\lib\agents\gradle-instrumentation-agent-9.3.1.jar org.gradle.launcher.daemon.bootstrap.GradleDaemon 9.3.1

Host: Intel(R) Core(TM) i5-8250U CPU @ 1.60GHz, 8 cores, 7G,  Windows 11 , 64 bit Build 26100 (10.0.26100.8246)
Time: Thu May  7 14:22:22 2026 E. Africa Standard Time elapsed time: 4.274200 seconds (0d 0h 0m 4s)

---------------  T H R E A D  ---------------

Current thread (0x0000022b3e798f90):  JavaThread "C2 CompilerThread1" daemon [_thread_in_native, id=11176, stack(0x000000aa10d00000,0x000000aa10e00000) (1024K)]


Current CompileTask:
C2:4274 3161   !   4       java.net.URLClassLoader::findClass (47 bytes)

Stack: [0x000000aa10d00000,0x000000aa10e00000]
Native frames: (J=compiled Java code, j=interpreted, Vv=VM code, C=native code)
V  [jvm.dll+0x6d78a9]
V  [jvm.dll+0x8665b3]
V  [jvm.dll+0x868bde]
V  [jvm.dll+0x8692c3]
V  [jvm.dll+0x280ee6]
V  [jvm.dll+0xc07cd]
V  [jvm.dll+0xc0d03]
V  [jvm.dll+0x3ba0cb]
V  [jvm.dll+0x1dfe64]
V  [jvm.dll+0x249d24]
V  [jvm.dll+0x2491a1]
V  [jvm.dll+0x1c76e4]
V  [jvm.dll+0x25891e]
V  [jvm.dll+0x256e66]
V  [jvm.dll+0x3f513e]
V  [jvm.dll+0x80fd28]
V  [jvm.dll+0x6d60fd]
C  [ucrtbase.dll+0x37b0]
C  [KERNEL32.DLL+0x2e8d7]
C  [ntdll.dll+0x8c3fc]


---------------  P R O C E S S  ---------------

Threads class SMR info:
_java_thread_list=0x0000022b45bc71d0, length=26, elements={
0x0000022b24873a60, 0x0000022b3e452f40, 0x0000022b3e469e40, 0x0000022b3e4846b0,
0x0000022b3e49cd70, 0x0000022b3e49d7d0, 0x0000022b3e485db0, 0x0000022b3e4adf90,
0x0000022b3e48abb0, 0x0000022b3e48b650, 0x0000022b3e7d3950, 0x0000022b3e798f90,
0x0000022b3e7d3fe0, 0x0000022b3e7d32c0, 0x0000022b3e7d5a20, 0x0000022b455a1750,
0x0000022b3e7d4d00, 0x0000022b3e7d5390, 0x0000022b3e7d25a0, 0x0000022b45440760,
0x0000022b45442ec0, 0x0000022b45442830, 0x0000022b45443550, 0x0000022b454421a0,
0x0000022b454400d0, 0x0000022b45443be0
}

Java Threads: ( => current thread )
  0x0000022b24873a60 JavaThread "main"                              [_thread_blocked, id=27252, stack(0x000000aa0fb00000,0x000000aa0fc00000) (1024K)]
  0x0000022b3e452f40 JavaThread "Common-Cleaner"             daemon [_thread_blocked, id=1436, stack(0x000000aa10300000,0x000000aa10400000) (1024K)]
  0x0000022b3e469e40 JavaThread "Reference Handler"          daemon [_thread_blocked, id=13616, stack(0x000000aa10400000,0x000000aa10500000) (1024K)]
  0x0000022b3e4846b0 JavaThread "Finalizer"                  daemon [_thread_blocked, id=13488, stack(0x000000aa10500000,0x000000aa10600000) (1024K)]
  0x0000022b3e49cd70 JavaThread "Signal Dispatcher"          daemon [_thread_blocked, id=33652, stack(0x000000aa10600000,0x000000aa10700000) (1024K)]
  0x0000022b3e49d7d0 JavaThread "Attach Listener"            daemon [_thread_blocked, id=34728, stack(0x000000aa10700000,0x000000aa10800000) (1024K)]
  0x0000022b3e485db0 JavaThread "Service Thread"             daemon [_thread_blocked, id=7724, stack(0x000000aa10800000,0x000000aa10900000) (1024K)]
  0x0000022b3e4adf90 JavaThread "Monitor Deflation Thread"   daemon [_thread_blocked, id=27616, stack(0x000000aa10900000,0x000000aa10a00000) (1024K)]
  0x0000022b3e48abb0 JavaThread "C2 CompilerThread0"         daemon [_thread_in_native, id=36816, stack(0x000000aa10a00000,0x000000aa10b00000) (1024K)]
  0x0000022b3e48b650 JavaThread "C1 CompilerThread0"         daemon [_thread_blocked, id=28344, stack(0x000000aa10b00000,0x000000aa10c00000) (1024K)]
  0x0000022b3e7d3950 JavaThread "Notification Thread"        daemon [_thread_blocked, id=34220, stack(0x000000aa10c00000,0x000000aa10d00000) (1024K)]
=>0x0000022b3e798f90 JavaThread "C2 CompilerThread1"         daemon [_thread_in_native, id=11176, stack(0x000000aa10d00000,0x000000aa10e00000) (1024K)]
  0x0000022b3e7d3fe0 JavaThread "Daemon health stats"               [_thread_blocked, id=27092, stack(0x000000aa11000000,0x000000aa11100000) (1024K)]
  0x0000022b3e7d32c0 JavaThread "Incoming local TCP Connector on port 57292"        [_thread_in_native, id=26488, stack(0x000000aa11300000,0x000000aa11400000) (1024K)]
  0x0000022b3e7d5a20 JavaThread "Daemon periodic checks"            [_thread_blocked, id=35896, stack(0x000000aa11700000,0x000000aa11800000) (1024K)]
  0x0000022b455a1750 JavaThread "C2 CompilerThread2"         daemon [_thread_in_native, id=29048, stack(0x000000aa11800000,0x000000aa11900000) (1024K)]
  0x0000022b3e7d4d00 JavaThread "Daemon"                            [_thread_blocked, id=6376, stack(0x000000aa11900000,0x000000aa11a00000) (1024K)]
  0x0000022b3e7d5390 JavaThread "Handler for socket connection from /127.0.0.1:57292 to /127.0.0.1:57293"        [_thread_in_native, id=24544, stack(0x000000aa11a00000,0x000000aa11b00000) (1024K)]
  0x0000022b3e7d25a0 JavaThread "Cancel handler"                    [_thread_blocked, id=21012, stack(0x000000aa11c00000,0x000000aa11d00000) (1024K)]
  0x0000022b45440760 JavaThread "Daemon worker"                     [_thread_in_vm, id=2160, stack(0x000000aa11d00000,0x000000aa11e00000) (1024K)]
  0x0000022b45442ec0 JavaThread "Asynchronous log dispatcher for DefaultDaemonConnection: socket connection from /127.0.0.1:57292 to /127.0.0.1:57293"        [_thread_blocked, id=20196, stack(0x000000aa11e00000,0x000000aa11f00000) (1024K)]
  0x0000022b45442830 JavaThread "Stdin handler"                     [_thread_blocked, id=29016, stack(0x000000aa11f00000,0x000000aa12000000) (1024K)]
  0x0000022b45443550 JavaThread "Daemon client event forwarder"        [_thread_blocked, id=33964, stack(0x000000aa12000000,0x000000aa12100000) (1024K)]
  0x0000022b454421a0 JavaThread "Cache worker for journal cache (C:\Users\201407\.gradle\caches\journal-1)"        [_thread_blocked, id=9644, stack(0x000000aa12100000,0x000000aa12200000) (1024K)]
  0x0000022b454400d0 JavaThread "File lock request listener"        [_thread_in_native, id=31536, stack(0x000000aa12200000,0x000000aa12300000) (1024K)]
  0x0000022b45443be0 JavaThread "Cache worker for file hash cache (C:\Users\201407\.gradle\caches\9.3.1\fileHashes)"        [_thread_blocked, id=33900, stack(0x000000aa12300000,0x000000aa12400000) (1024K)]
Total: 26

Other Threads:
  0x0000022b3e2ce4d0 VMThread "VM Thread"                           [id=1800, stack(0x000000aa10200000,0x000000aa10300000) (1024K)]
  0x0000022b3e244df0 WatcherThread "VM Periodic Task Thread"        [id=28760, stack(0x000000aa10100000,0x000000aa10200000) (1024K)]
  0x0000022b26c12ee0 WorkerThread "GC Thread#0"                     [id=13240, stack(0x000000aa0fc00000,0x000000aa0fd00000) (1024K)]
  0x0000022b3ea91850 WorkerThread "GC Thread#1"                     [id=2264, stack(0x000000aa10e00000,0x000000aa10f00000) (1024K)]
  0x0000022b3ea2a110 WorkerThread "GC Thread#2"                     [id=1428, stack(0x000000aa10f00000,0x000000aa11000000) (1024K)]
  0x0000022b3efd1f80 WorkerThread "GC Thread#3"                     [id=1332, stack(0x000000aa11100000,0x000000aa11200000) (1024K)]
  0x0000022b436928b0 WorkerThread "GC Thread#4"                     [id=22624, stack(0x000000aa11200000,0x000000aa11300000) (1024K)]
  0x0000022b4506fb30 WorkerThread "GC Thread#5"                     [id=33708, stack(0x000000aa11400000,0x000000aa11500000) (1024K)]
  0x0000022b4544c8c0 WorkerThread "GC Thread#6"                     [id=32056, stack(0x000000aa11500000,0x000000aa11600000) (1024K)]
  0x0000022b450e6a40 WorkerThread "GC Thread#7"                     [id=22140, stack(0x000000aa11600000,0x000000aa11700000) (1024K)]
  0x0000022b26c24c20 ConcurrentGCThread "G1 Main Marker"            [id=33948, stack(0x000000aa0fd00000,0x000000aa0fe00000) (1024K)]
  0x0000022b26c25de0 WorkerThread "G1 Conc#0"                       [id=32560, stack(0x000000aa0fe00000,0x000000aa0ff00000) (1024K)]
  0x0000022b44595ec0 WorkerThread "G1 Conc#1"                       [id=9624, stack(0x000000aa11b00000,0x000000aa11c00000) (1024K)]
  0x0000022b3e114580 ConcurrentGCThread "G1 Refine#0"               [id=9908, stack(0x000000aa0ff00000,0x000000aa10000000) (1024K)]
  0x0000022b3e114db0 ConcurrentGCThread "G1 Service"                [id=23260, stack(0x000000aa10000000,0x000000aa10100000) (1024K)]
Total: 15

Threads with active compile tasks:
C2 CompilerThread0  4317 3275   !   4       java.net.URLClassLoader$1::run (81 bytes)
C2 CompilerThread1  4317 3161   !   4       java.net.URLClassLoader::findClass (47 bytes)
C2 CompilerThread2  4317 3209       4       java.net.URLClassLoader$1::run (5 bytes)
Total: 3

VM state: not at safepoint (normal execution)

VM Mutex/Monitor currently owned by a thread: None

Heap address: 0x0000000080000000, size: 2048 MB, Compressed Oops mode: 32-bit

CDS archive(s) not mapped
Compressed class space mapped at: 0x0000000100000000-0x0000000140000000, reserved size: 1073741824
Narrow klass base: 0x0000000000000000, Narrow klass shift: 3, Narrow klass range: 0x140000000

GC Precious Log:
 CardTable entry size: 512
 Card Set container configuration: InlinePtr #cards 5 size 8 Array Of Cards #cards 12 size 40 Howl #buckets 4 coarsen threshold 1843 Howl Bitmap #cards 512 size 80 coarsen threshold 460 Card regions per heap region 1 cards per card region 2048
 CPUs: 8 total, 8 available
 Memory: 8035M
 Large Page Support: Disabled
 NUMA Support: Disabled
 Compressed Oops: Enabled (32-bit)
 Heap Region Size: 1M
 Heap Min Capacity: 8M
 Heap Initial Capacity: 126M
 Heap Max Capacity: 2G
 Pre-touch: Disabled
 Parallel Workers: 8
 Concurrent Workers: 2
 Concurrent Refinement Workers: 8
 Periodic GC: Disabled

Heap:
 garbage-first heap   total 75776K, used 58169K [0x0000000080000000, 0x0000000100000000)
  region size 1024K, 38 young (38912K), 4 survivors (4096K)
 Metaspace       used 33568K, committed 34112K, reserved 1114112K
  class space    used 4353K, committed 4608K, reserved 1048576K

Heap Regions: E=young(eden), S=young(survivor), O=old, HS=humongous(starts), HC=humongous(continues), CS=collection set, F=free, TAMS=top-at-mark-start, PB=parsable bottom
|   0|0x0000000080000000, 0x0000000080100000, 0x0000000080100000|100%|HS|  |TAMS 0x0000000080000000| PB 0x0000000080000000| Complete 
|   1|0x0000000080100000, 0x0000000080200000, 0x0000000080200000|100%|HC|  |TAMS 0x0000000080100000| PB 0x0000000080100000| Complete 
|   2|0x0000000080200000, 0x0000000080300000, 0x0000000080300000|100%|HC|  |TAMS 0x0000000080200000| PB 0x0000000080200000| Complete 
|   3|0x0000000080300000, 0x0000000080400000, 0x0000000080400000|100%|HC|  |TAMS 0x0000000080300000| PB 0x0000000080300000| Complete 
|   4|0x0000000080400000, 0x0000000080500000, 0x0000000080500000|100%| O|  |TAMS 0x0000000080400000| PB 0x0000000080400000| Untracked 
|   5|0x0000000080500000, 0x0000000080600000, 0x0000000080600000|100%| O|  |TAMS 0x0000000080500000| PB 0x0000000080500000| Untracked 
|   6|0x0000000080600000, 0x0000000080700000, 0x0000000080700000|100%| O|  |TAMS 0x0000000080600000| PB 0x0000000080600000| Untracked 
|   7|0x0000000080700000, 0x0000000080800000, 0x0000000080800000|100%|HS|  |TAMS 0x0000000080700000| PB 0x0000000080700000| Complete 
|   8|0x0000000080800000, 0x0000000080900000, 0x0000000080900000|100%| O|  |TAMS 0x0000000080800000| PB 0x0000000080800000| Untracked 
|   9|0x0000000080900000, 0x0000000080a00000, 0x0000000080a00000|100%| O|  |TAMS 0x0000000080900000| PB 0x0000000080900000| Untracked 
|  10|0x0000000080a00000, 0x0000000080b00000, 0x0000000080b00000|100%| O|  |TAMS 0x0000000080a00000| PB 0x0000000080a00000| Untracked 
|  11|0x0000000080b00000, 0x0000000080c00000, 0x0000000080c00000|100%| O|  |TAMS 0x0000000080b00000| PB 0x0000000080b00000| Untracked 
|  12|0x0000000080c00000, 0x0000000080d00000, 0x0000000080d00000|100%| O|  |TAMS 0x0000000080c00000| PB 0x0000000080c00000| Untracked 
|  13|0x0000000080d00000, 0x0000000080e00000, 0x0000000080e00000|100%| O|  |TAMS 0x0000000080d00000| PB 0x0000000080d00000| Untracked 
|  14|0x0000000080e00000, 0x0000000080f00000, 0x0000000080f00000|100%| O|  |TAMS 0x0000000080e00000| PB 0x0000000080e00000| Untracked 
|  15|0x0000000080f00000, 0x0000000081000000, 0x0000000081000000|100%| O|  |TAMS 0x0000000080f00000| PB 0x0000000080f00000| Untracked 
|  16|0x0000000081000000, 0x0000000081100000, 0x0000000081100000|100%| O|  |TAMS 0x0000000081000000| PB 0x0000000081000000| Untracked 
|  17|0x0000000081100000, 0x0000000081200000, 0x0000000081200000|100%| O|  |TAMS 0x0000000081100000| PB 0x0000000081100000| Untracked 
|  18|0x0000000081200000, 0x0000000081300000, 0x0000000081300000|100%| O|  |TAMS 0x0000000081200000| PB 0x0000000081200000| Untracked 
|  19|0x0000000081300000, 0x00000000813b5598, 0x0000000081400000| 70%| O|Cm|TAMS 0x0000000081300000| PB 0x0000000081300000| Complete 
|  20|0x0000000081400000, 0x0000000081500000, 0x0000000081500000|100%|HS|  |TAMS 0x0000000081400000| PB 0x0000000081400000| Complete 
|  21|0x0000000081500000, 0x0000000081600000, 0x0000000081600000|100%|HS|  |TAMS 0x0000000081500000| PB 0x0000000081500000| Complete 
|  22|0x0000000081600000, 0x0000000081600000, 0x0000000081700000|  0%| F|  |TAMS 0x0000000081600000| PB 0x0000000081600000| Untracked 
|  23|0x0000000081700000, 0x0000000081700000, 0x0000000081800000|  0%| F|  |TAMS 0x0000000081700000| PB 0x0000000081700000| Untracked 
|  24|0x0000000081800000, 0x0000000081800000, 0x0000000081900000|  0%| F|  |TAMS 0x0000000081800000| PB 0x0000000081800000| Untracked 
|  25|0x0000000081900000, 0x0000000081900000, 0x0000000081a00000|  0%| F|  |TAMS 0x0000000081900000| PB 0x0000000081900000| Untracked 
|  26|0x0000000081a00000, 0x0000000081a18f40, 0x0000000081b00000|  9%| S|CS|TAMS 0x0000000081a00000| PB 0x0000000081a00000| Complete 
|  27|0x0000000081b00000, 0x0000000081c00000, 0x0000000081c00000|100%| S|CS|TAMS 0x0000000081b00000| PB 0x0000000081b00000| Complete 
|  28|0x0000000081c00000, 0x0000000081d00000, 0x0000000081d00000|100%| S|CS|TAMS 0x0000000081c00000| PB 0x0000000081c00000| Complete 
|  29|0x0000000081d00000, 0x0000000081e00000, 0x0000000081e00000|100%| S|CS|TAMS 0x0000000081d00000| PB 0x0000000081d00000| Complete 
|  30|0x0000000081e00000, 0x0000000081e00000, 0x0000000081f00000|  0%| F|  |TAMS 0x0000000081e00000| PB 0x0000000081e00000| Untracked 
|  31|0x0000000081f00000, 0x0000000081f00000, 0x0000000082000000|  0%| F|  |TAMS 0x0000000081f00000| PB 0x0000000081f00000| Untracked 
|  32|0x0000000082000000, 0x0000000082000000, 0x0000000082100000|  0%| F|  |TAMS 0x0000000082000000| PB 0x0000000082000000| Untracked 
|  33|0x0000000082100000, 0x0000000082100000, 0x0000000082200000|  0%| F|  |TAMS 0x0000000082100000| PB 0x0000000082100000| Untracked 
|  34|0x0000000082200000, 0x0000000082200000, 0x0000000082300000|  0%| F|  |TAMS 0x0000000082200000| PB 0x0000000082200000| Untracked 
|  35|0x0000000082300000, 0x0000000082300000, 0x0000000082400000|  0%| F|  |TAMS 0x0000000082300000| PB 0x0000000082300000| Untracked 
|  36|0x0000000082400000, 0x0000000082400000, 0x0000000082500000|  0%| F|  |TAMS 0x0000000082400000| PB 0x0000000082400000| Untracked 
|  37|0x0000000082500000, 0x0000000082500000, 0x0000000082600000|  0%| F|  |TAMS 0x0000000082500000| PB 0x0000000082500000| Untracked 
|  38|0x0000000082600000, 0x0000000082600000, 0x0000000082700000|  0%| F|  |TAMS 0x0000000082600000| PB 0x0000000082600000| Untracked 
|  39|0x0000000082700000, 0x0000000082700000, 0x0000000082800000|  0%| F|  |TAMS 0x0000000082700000| PB 0x0000000082700000| Untracked 
|  40|0x0000000082800000, 0x00000000828df8d8, 0x0000000082900000| 87%| E|  |TAMS 0x0000000082800000| PB 0x0000000082800000| Complete 
|  41|0x0000000082900000, 0x0000000082a00000, 0x0000000082a00000|100%| E|CS|TAMS 0x0000000082900000| PB 0x0000000082900000| Complete 
|  42|0x0000000082a00000, 0x0000000082b00000, 0x0000000082b00000|100%| E|CS|TAMS 0x0000000082a00000| PB 0x0000000082a00000| Complete 
|  43|0x0000000082b00000, 0x0000000082c00000, 0x0000000082c00000|100%| E|CS|TAMS 0x0000000082b00000| PB 0x0000000082b00000| Complete 
|  44|0x0000000082c00000, 0x0000000082d00000, 0x0000000082d00000|100%| E|CS|TAMS 0x0000000082c00000| PB 0x0000000082c00000| Complete 
|  45|0x0000000082d00000, 0x0000000082e00000, 0x0000000082e00000|100%| E|CS|TAMS 0x0000000082d00000| PB 0x0000000082d00000| Complete 
|  46|0x0000000082e00000, 0x0000000082f00000, 0x0000000082f00000|100%| E|CS|TAMS 0x0000000082e00000| PB 0x0000000082e00000| Complete 
|  47|0x0000000082f00000, 0x0000000083000000, 0x0000000083000000|100%| E|CS|TAMS 0x0000000082f00000| PB 0x0000000082f00000| Complete 
|  48|0x0000000083000000, 0x0000000083100000, 0x0000000083100000|100%| E|CS|TAMS 0x0000000083000000| PB 0x0000000083000000| Complete 
|  49|0x0000000083100000, 0x0000000083200000, 0x0000000083200000|100%| E|CS|TAMS 0x0000000083100000| PB 0x0000000083100000| Complete 
|  50|0x0000000083200000, 0x0000000083300000, 0x0000000083300000|100%| E|CS|TAMS 0x0000000083200000| PB 0x0000000083200000| Complete 
|  51|0x0000000083300000, 0x0000000083400000, 0x0000000083400000|100%| E|CS|TAMS 0x0000000083300000| PB 0x0000000083300000| Complete 
|  52|0x0000000083400000, 0x0000000083500000, 0x0000000083500000|100%| E|CS|TAMS 0x0000000083400000| PB 0x0000000083400000| Complete 
|  53|0x0000000083500000, 0x0000000083600000, 0x0000000083600000|100%| E|CS|TAMS 0x0000000083500000| PB 0x0000000083500000| Complete 
|  54|0x0000000083600000, 0x0000000083700000, 0x0000000083700000|100%| E|CS|TAMS 0x0000000083600000| PB 0x0000000083600000| Complete 
|  55|0x0000000083700000, 0x0000000083800000, 0x0000000083800000|100%| E|CS|TAMS 0x0000000083700000| PB 0x0000000083700000| Complete 
|  56|0x0000000083800000, 0x0000000083900000, 0x0000000083900000|100%| E|CS|TAMS 0x0000000083800000| PB 0x0000000083800000| Complete 
|  57|0x0000000083900000, 0x0000000083a00000, 0x0000000083a00000|100%| E|CS|TAMS 0x0000000083900000| PB 0x0000000083900000| Complete 
|  58|0x0000000083a00000, 0x0000000083b00000, 0x0000000083b00000|100%| E|CS|TAMS 0x0000000083a00000| PB 0x0000000083a00000| Complete 
|  59|0x0000000083b00000, 0x0000000083c00000, 0x0000000083c00000|100%| E|CS|TAMS 0x0000000083b00000| PB 0x0000000083b00000| Complete 
|  60|0x0000000083c00000, 0x0000000083d00000, 0x0000000083d00000|100%| E|CS|TAMS 0x0000000083c00000| PB 0x0000000083c00000| Complete 
|  61|0x0000000083d00000, 0x0000000083e00000, 0x0000000083e00000|100%| E|CS|TAMS 0x0000000083d00000| PB 0x0000000083d00000| Complete 
|  62|0x0000000083e00000, 0x0000000083f00000, 0x0000000083f00000|100%| E|CS|TAMS 0x0000000083e00000| PB 0x0000000083e00000| Complete 
|  63|0x0000000083f00000, 0x0000000084000000, 0x0000000084000000|100%| E|CS|TAMS 0x0000000083f00000| PB 0x0000000083f00000| Complete 
|  64|0x0000000084000000, 0x0000000084100000, 0x0000000084100000|100%| E|CS|TAMS 0x0000000084000000| PB 0x0000000084000000| Complete 
|  65|0x0000000084100000, 0x0000000084200000, 0x0000000084200000|100%| E|CS|TAMS 0x0000000084100000| PB 0x0000000084100000| Complete 
|  66|0x0000000084200000, 0x0000000084300000, 0x0000000084300000|100%| E|CS|TAMS 0x0000000084200000| PB 0x0000000084200000| Complete 
|  67|0x0000000084300000, 0x0000000084400000, 0x0000000084400000|100%| E|CS|TAMS 0x0000000084300000| PB 0x0000000084300000| Complete 
|  68|0x0000000084400000, 0x0000000084500000, 0x0000000084500000|100%| E|CS|TAMS 0x0000000084400000| PB 0x0000000084400000| Complete 
|  69|0x0000000084500000, 0x0000000084600000, 0x0000000084600000|100%| E|CS|TAMS 0x0000000084500000| PB 0x0000000084500000| Complete 
|  70|0x0000000084600000, 0x0000000084700000, 0x0000000084700000|100%| E|  |TAMS 0x0000000084600000| PB 0x0000000084600000| Complete 
| 118|0x0000000087600000, 0x0000000087700000, 0x0000000087700000|100%| E|CS|TAMS 0x0000000087600000| PB 0x0000000087600000| Complete 
| 119|0x0000000087700000, 0x0000000087800000, 0x0000000087800000|100%| E|CS|TAMS 0x0000000087700000| PB 0x0000000087700000| Complete 
| 125|0x0000000087d00000, 0x0000000087e00000, 0x0000000087e00000|100%| E|CS|TAMS 0x0000000087d00000| PB 0x0000000087d00000| Complete 

Card table byte_map: [0x0000022b39450000,0x0000022b39850000] _byte_map_base: 0x0000022b39050000

Marking Bits: (CMBitMap*) 0x0000022b26c13500
 Bits: [0x0000022b39850000, 0x0000022b3b850000)

Polling page: 0x0000022b24a20000

Metaspace:

Usage:
  Non-class:     28.56 MB used.
      Class:      4.26 MB used.
       Both:     32.82 MB used.

Virtual space:
  Non-class space:       64.00 MB reserved,      28.94 MB ( 45%) committed,  1 nodes.
      Class space:        1.00 GB reserved,       4.50 MB ( <1%) committed,  1 nodes.
             Both:        1.06 GB reserved,      33.44 MB (  3%) committed. 

Chunk freelists:
   Non-Class:  3.09 MB
       Class:  11.45 MB
        Both:  14.55 MB

MaxMetaspaceSize: unlimited
CompressedClassSpaceSize: 1.00 GB
Initial GC threshold: 21.00 MB
Current GC threshold: 35.25 MB
CDS: off
 - commit_granule_bytes: 65536.
 - commit_granule_words: 8192.
 - virtual_space_node_default_size: 8388608.
 - enlarge_chunks_in_place: 1.
 - use_allocation_guard: 0.


Internal statistics:

num_allocs_failed_limit: 3.
num_arena_births: 920.
num_arena_deaths: 0.
num_vsnodes_births: 2.
num_vsnodes_deaths: 0.
num_space_committed: 535.
num_space_uncommitted: 0.
num_chunks_returned_to_freelist: 3.
num_chunks_taken_from_freelist: 1898.
num_chunk_merges: 0.
num_chunk_splits: 1216.
num_chunks_enlarged: 775.
num_inconsistent_stats: 0.

CodeHeap 'non-profiled nmethods': size=120000Kb used=2153Kb max_used=2153Kb free=117846Kb
 bounds [0x0000022b317f0000, 0x0000022b31a60000, 0x0000022b38d20000]
CodeHeap 'profiled nmethods': size=120000Kb used=6413Kb max_used=6413Kb free=113586Kb
 bounds [0x0000022b29d20000, 0x0000022b2a370000, 0x0000022b31250000]
CodeHeap 'non-nmethods': size=5760Kb used=1416Kb max_used=1491Kb free=4344Kb
 bounds [0x0000022b31250000, 0x0000022b314c0000, 0x0000022b317f0000]
CodeCache: size=245760Kb, used=9982Kb, max_used=10057Kb, free=235776Kb
 total_blobs=3871, nmethods=3284, adapters=491, full_count=0
Compilation: enabled, stopped_count=0, restarted_count=0

Compilation events (20 events):
Event: 4.204 Thread 0x0000022b3e48b650 nmethod 3268 0x0000022b2a35d910 code [0x0000022b2a35db80, 0x0000022b2a35e688]
Event: 4.208 Thread 0x0000022b3e48abb0 3269       4       java.lang.Class::getPackageName (81 bytes)
Event: 4.211 Thread 0x0000022b3e48b650 3270       3       org.gradle.internal.service.DefaultServiceRegistry::access$2000 (4 bytes)
Event: 4.211 Thread 0x0000022b3e48b650 nmethod 3270 0x0000022b2a35eb10 code [0x0000022b2a35eca0, 0x0000022b2a35ed98]
Event: 4.211 Thread 0x0000022b3e48b650 3271       3       jdk.internal.reflect.MethodHandleAccessorFactory::slotCount (75 bytes)
Event: 4.212 Thread 0x0000022b3e48b650 nmethod 3271 0x0000022b2a35ee10 code [0x0000022b2a35f000, 0x0000022b2a35f4a0]
Event: 4.227 Thread 0x0000022b3e48abb0 nmethod 3269 0x0000022b31a05f10 code [0x0000022b31a06120, 0x0000022b31a06b90]
Event: 4.227 Thread 0x0000022b3e48abb0 3272       4       java.lang.ref.Cleaner::register (25 bytes)
Event: 4.228 Thread 0x0000022b3e48b650 3273       3       java.lang.reflect.Method::acquireMethodAccessor (55 bytes)
Event: 4.228 Thread 0x0000022b3e48b650 nmethod 3273 0x0000022b2a35f610 code [0x0000022b2a35f820, 0x0000022b2a35fd98]
Event: 4.230 Thread 0x0000022b3e48abb0 nmethod 3272 0x0000022b31a07090 code [0x0000022b31a07240, 0x0000022b31a074b8]
Event: 4.237 Thread 0x0000022b3e48abb0 3274       4       java.util.WeakHashMap::put (160 bytes)
Event: 4.246 Thread 0x0000022b3e48b650 3277       3       java.lang.WeakPairMap$Pair$Lookup::hashCode (12 bytes)
Event: 4.247 Thread 0x0000022b3e48b650 nmethod 3277 0x0000022b2a35ff90 code [0x0000022b2a360140, 0x0000022b2a360310]
Event: 4.247 Thread 0x0000022b3e48b650 3278       3       java.util.LinkedHashMap$LinkedValues::iterator (16 bytes)
Event: 4.247 Thread 0x0000022b3e48b650 nmethod 3278 0x0000022b2a360410 code [0x0000022b2a3605c0, 0x0000022b2a3607d0]
Event: 4.247 Thread 0x0000022b3e48b650 3279       3       java.util.LinkedHashMap$LinkedValueIterator::<init> (7 bytes)
Event: 4.247 Thread 0x0000022b3e48b650 nmethod 3279 0x0000022b2a360910 code [0x0000022b2a360ac0, 0x0000022b2a360bf8]
Event: 4.269 Thread 0x0000022b3e48b650 3280       3       jdk.internal.reflect.ConstantPool::getIntAt (10 bytes)
Event: 4.269 Thread 0x0000022b3e48b650 nmethod 3280 0x0000022b2a360c90 code [0x0000022b2a360e40, 0x0000022b2a360f88]

GC Heap History (12 events):
Event: 0.493 GC heap before
{Heap before GC invocations=0 (full 0):
 garbage-first heap   total 129024K, used 23552K [0x0000000080000000, 0x0000000100000000)
  region size 1024K, 23 young (23552K), 0 survivors (0K)
 Metaspace       used 7856K, committed 8000K, reserved 1114112K
  class space    used 733K, committed 768K, reserved 1048576K
}
Event: 0.496 GC heap after
{Heap after GC invocations=1 (full 0):
 garbage-first heap   total 129024K, used 1365K [0x0000000080000000, 0x0000000100000000)
  region size 1024K, 2 young (2048K), 2 survivors (2048K)
 Metaspace       used 7856K, committed 8000K, reserved 1114112K
  class space    used 733K, committed 768K, reserved 1048576K
}
Event: 1.057 GC heap before
{Heap before GC invocations=1 (full 0):
 garbage-first heap   total 129024K, used 42325K [0x0000000080000000, 0x0000000100000000)
  region size 1024K, 39 young (39936K), 2 survivors (2048K)
 Metaspace       used 11833K, committed 11968K, reserved 1114112K
  class space    used 1274K, committed 1344K, reserved 1048576K
}
Event: 1.064 GC heap after
{Heap after GC invocations=2 (full 0):
 garbage-first heap   total 129024K, used 11348K [0x0000000080000000, 0x0000000100000000)
  region size 1024K, 5 young (5120K), 5 survivors (5120K)
 Metaspace       used 11833K, committed 11968K, reserved 1114112K
  class space    used 1274K, committed 1344K, reserved 1048576K
}
Event: 1.470 GC heap before
{Heap before GC invocations=2 (full 0):
 garbage-first heap   total 129024K, used 83028K [0x0000000080000000, 0x0000000100000000)
  region size 1024K, 75 young (76800K), 5 survivors (5120K)
 Metaspace       used 12788K, committed 12992K, reserved 1114112K
  class space    used 1395K, committed 1472K, reserved 1048576K
}
Event: 1.477 GC heap after
{Heap after GC invocations=3 (full 0):
 garbage-first heap   total 129024K, used 12372K [0x0000000080000000, 0x0000000100000000)
  region size 1024K, 6 young (6144K), 6 survivors (6144K)
 Metaspace       used 12788K, committed 12992K, reserved 1114112K
  class space    used 1395K, committed 1472K, reserved 1048576K
}
Event: 2.561 GC heap before
{Heap before GC invocations=3 (full 0):
 garbage-first heap   total 129024K, used 84052K [0x0000000080000000, 0x0000000100000000)
  region size 1024K, 75 young (76800K), 6 survivors (6144K)
 Metaspace       used 19739K, committed 20032K, reserved 1114112K
  class space    used 2278K, committed 2432K, reserved 1048576K
}
Event: 2.571 GC heap after
{Heap after GC invocations=4 (full 0):
 garbage-first heap   total 129024K, used 19936K [0x0000000080000000, 0x0000000100000000)
  region size 1024K, 10 young (10240K), 10 survivors (10240K)
 Metaspace       used 19739K, committed 20032K, reserved 1114112K
  class space    used 2278K, committed 2432K, reserved 1048576K
}
Event: 2.699 GC heap before
{Heap before GC invocations=4 (full 0):
 garbage-first heap   total 129024K, used 24032K [0x0000000080000000, 0x0000000100000000)
  region size 1024K, 16 young (16384K), 10 survivors (10240K)
 Metaspace       used 21243K, committed 21504K, reserved 1114112K
  class space    used 2489K, committed 2624K, reserved 1048576K
}
Event: 2.707 GC heap after
{Heap after GC invocations=5 (full 0):
 garbage-first heap   total 129024K, used 21658K [0x0000000080000000, 0x0000000100000000)
  region size 1024K, 2 young (2048K), 2 survivors (2048K)
 Metaspace       used 21243K, committed 21504K, reserved 1114112K
  class space    used 2489K, committed 2624K, reserved 1048576K
}
Event: 3.692 GC heap before
{Heap before GC invocations=6 (full 0):
 garbage-first heap   total 75776K, used 63642K [0x0000000080000000, 0x0000000100000000)
  region size 1024K, 44 young (45056K), 2 survivors (2048K)
 Metaspace       used 28433K, committed 28992K, reserved 1114112K
  class space    used 3603K, committed 3840K, reserved 1048576K
}
Event: 3.697 GC heap after
{Heap after GC invocations=7 (full 0):
 garbage-first heap   total 75776K, used 23353K [0x0000000080000000, 0x0000000100000000)
  region size 1024K, 4 young (4096K), 4 survivors (4096K)
 Metaspace       used 28433K, committed 28992K, reserved 1114112K
  class space    used 3603K, committed 3840K, reserved 1048576K
}

Dll operation events (3 events):
Event: 0.014 Loaded shared library C:\Program Files\Android\Android Studio\jbr\bin\java.dll
Event: 0.025 Loaded shared library C:\Program Files\Android\Android Studio\jbr\bin\zip.dll
Event: 0.842 Loaded shared library C:\Program Files\Android\Android Studio\jbr\bin\verify.dll

Deoptimization events (20 events):
Event: 3.371 Thread 0x0000022b45440760 Uncommon trap: trap_request=0xffffff45 fr.pc=0x0000022b31831154 relative=0x00000000000004b4
Event: 3.371 Thread 0x0000022b45440760 Uncommon trap: reason=unstable_if action=reinterpret pc=0x0000022b31831154 method=java.util.regex.Matcher.match(II)Z @ 76 c2
Event: 3.371 Thread 0x0000022b45440760 DEOPT PACKING pc=0x0000022b31831154 sp=0x000000aa11dfa750
Event: 3.371 Thread 0x0000022b45440760 DEOPT UNPACKING pc=0x0000022b312a43a2 sp=0x000000aa11dfa708 mode 2
Event: 3.459 Thread 0x0000022b45440760 Uncommon trap: trap_request=0xffffff45 fr.pc=0x0000022b31836568 relative=0x0000000000000d68
Event: 3.459 Thread 0x0000022b45440760 Uncommon trap: reason=unstable_if action=reinterpret pc=0x0000022b31836568 method=java.io.WinNTFileSystem.resolve(Ljava/lang/String;Ljava/lang/String;)Ljava/lang/String; @ 19 c2
Event: 3.459 Thread 0x0000022b45440760 DEOPT PACKING pc=0x0000022b31836568 sp=0x000000aa11dfb230
Event: 3.459 Thread 0x0000022b45440760 DEOPT UNPACKING pc=0x0000022b312a43a2 sp=0x000000aa11dfb1c8 mode 2
Event: 3.460 Thread 0x0000022b45440760 Uncommon trap: trap_request=0xffffff45 fr.pc=0x0000022b31844760 relative=0x0000000000000600
Event: 3.460 Thread 0x0000022b45440760 Uncommon trap: reason=unstable_if action=reinterpret pc=0x0000022b31844760 method=java.io.File.getName()Ljava/lang/String; @ 16 c2
Event: 3.460 Thread 0x0000022b45440760 DEOPT PACKING pc=0x0000022b31844760 sp=0x000000aa11dfb1b0
Event: 3.460 Thread 0x0000022b45440760 DEOPT UNPACKING pc=0x0000022b312a43a2 sp=0x000000aa11dfb180 mode 2
Event: 3.536 Thread 0x0000022b45440760 Uncommon trap: trap_request=0xffffff45 fr.pc=0x0000022b3183d214 relative=0x00000000000000f4
Event: 3.536 Thread 0x0000022b45440760 Uncommon trap: reason=unstable_if action=reinterpret pc=0x0000022b3183d214 method=java.util.HashMap.hash(Ljava/lang/Object;)I @ 1 c2
Event: 3.537 Thread 0x0000022b45440760 DEOPT PACKING pc=0x0000022b3183d214 sp=0x000000aa11dfc080
Event: 3.537 Thread 0x0000022b45440760 DEOPT UNPACKING pc=0x0000022b312a43a2 sp=0x000000aa11dfbfc0 mode 2
Event: 3.738 Thread 0x0000022b45442ec0 Uncommon trap: trap_request=0xffffff45 fr.pc=0x0000022b3188c464 relative=0x00000000000002a4
Event: 3.738 Thread 0x0000022b45442ec0 Uncommon trap: reason=unstable_if action=reinterpret pc=0x0000022b3188c464 method=jdk.internal.misc.Unsafe.copyMemory(Ljava/lang/Object;JLjava/lang/Object;JJ)V @ 16 c2
Event: 3.738 Thread 0x0000022b45442ec0 DEOPT PACKING pc=0x0000022b3188c464 sp=0x000000aa11eff040
Event: 3.738 Thread 0x0000022b45442ec0 DEOPT UNPACKING pc=0x0000022b312a43a2 sp=0x000000aa11eff008 mode 2

Classes loaded (20 events):
Event: 3.935 Loading class java/util/regex/Pattern$Dollar
Event: 3.935 Loading class java/util/regex/Pattern$Dollar done
Event: 3.968 Loading class java/io/PrintWriter
Event: 3.968 Loading class java/io/PrintWriter done
Event: 4.042 Loading class java/lang/invoke/BoundMethodHandle$Species_LLLLLLLLLLLLLLLLLLLLLLLL
Event: 4.042 Loading class java/lang/invoke/BoundMethodHandle$Species_LLLLLLLLLLLLLLLLLLLLLLLL done
Event: 4.045 Loading class java/lang/invoke/BoundMethodHandle$Species_LLLLLLLLLLLLLLLLLLLLLLLLL
Event: 4.045 Loading class java/lang/invoke/BoundMethodHandle$Species_LLLLLLLLLLLLLLLLLLLLLLLLL done
Event: 4.047 Loading class java/lang/invoke/BoundMethodHandle$Species_LLLLLLLLLLLLLLLLLLLLLLLLLL
Event: 4.047 Loading class java/lang/invoke/BoundMethodHandle$Species_LLLLLLLLLLLLLLLLLLLLLLLLLL done
Event: 4.097 Loading class java/lang/Override
Event: 4.098 Loading class java/lang/Override done
Event: 4.102 Loading class java/util/concurrent/atomic/AtomicReferenceFieldUpdater
Event: 4.102 Loading class java/util/concurrent/atomic/AtomicReferenceFieldUpdater done
Event: 4.102 Loading class java/util/concurrent/atomic/AtomicReferenceFieldUpdater$AtomicReferenceFieldUpdaterImpl
Event: 4.102 Loading class java/util/concurrent/atomic/AtomicReferenceFieldUpdater$AtomicReferenceFieldUpdaterImpl done
Event: 4.102 Loading class java/util/concurrent/atomic/AtomicReferenceFieldUpdater$AtomicReferenceFieldUpdaterImpl$1
Event: 4.102 Loading class java/util/concurrent/atomic/AtomicReferenceFieldUpdater$AtomicReferenceFieldUpdaterImpl$1 done
Event: 4.110 Loading class java/lang/ThreadLocal$SuppliedThreadLocal
Event: 4.110 Loading class java/lang/ThreadLocal$SuppliedThreadLocal done

Classes unloaded (0 events):
No events

Classes redefined (0 events):
No events

Internal exceptions (20 events):
Event: 3.606 Thread 0x0000022b45440760 Exception <a 'java/lang/NoSuchMethodError'{0x00000000822dfab0}: 'java.lang.Object java.lang.invoke.DirectMethodHandle$Holder.invokeStatic(java.lang.Object, java.lang.Object, java.lang.Object, java.lang.Object, java.lang.Object, java.lang.Object, java.lang.Object, java.lang.Object, java.lang.Object, java.lang.Object, java.lang.Object, java.lang.Object, java.lang.Object, java.lang.Object, java.lang.Object, java.lang.Object, java.lang.Object, java.lang.Object, java.lang.Object)'> (0x00000000822dfab0) 
thrown 
Event: 3.610 Thread 0x0000022b45440760 Exception <a 'java/lang/NoSuchMethodError'{0x000000008210b438}: 'java.lang.Object java.lang.invoke.DirectMethodHandle$Holder.invokeStatic(java.lang.Object, java.lang.Object, java.lang.Object, java.lang.Object, java.lang.Object, java.lang.Object, java.lang.Object, java.lang.Object, java.lang.Object, java.lang.Object, java.lang.Object, java.lang.Object, java.lang.Object, java.lang.Object, java.lang.Object, java.lang.Object, java.lang.Object, java.lang.Object, java.lang.Object, java.lang.Object)'> (0x00000000
Event: 3.613 Thread 0x0000022b45440760 Exception <a 'java/lang/NoSuchMethodError'{0x0000000082137b70}: 'java.lang.Object java.lang.invoke.DirectMethodHandle$Holder.invokeStatic(java.lang.Object, java.lang.Object, java.lang.Object, java.lang.Object, java.lang.Object, java.lang.Object, java.lang.Object, java.lang.Object, java.lang.Object, java.lang.Object, java.lang.Object, java.lang.Object, java.lang.Object, java.lang.Object, java.lang.Object, java.lang.Object, java.lang.Object, java.lang.Object, java.lang.Object, java.lang.Object, java.lang.Obj
Event: 3.616 Thread 0x0000022b45440760 Exception <a 'java/lang/NoSuchMethodError'{0x000000008216b448}: 'java.lang.Object java.lang.invoke.DirectMethodHandle$Holder.invokeStatic(java.lang.Object, java.lang.Object, java.lang.Object, java.lang.Object, java.lang.Object, java.lang.Object, java.lang.Object, java.lang.Object, java.lang.Object, java.lang.Object, java.lang.Object, java.lang.Object, java.lang.Object, java.lang.Object, java.lang.Object, java.lang.Object, java.lang.Object, java.lang.Object, java.lang.Object, java.lang.Object, java.lang.Obj
Event: 3.619 Thread 0x0000022b45440760 Exception <a 'java/lang/NoSuchMethodError'{0x0000000082199bd8}: 'java.lang.Object java.lang.invoke.DirectMethodHandle$Holder.invokeStatic(java.lang.Object, java.lang.Object, java.lang.Object, java.lang.Object, java.lang.Object, java.lang.Object, java.lang.Object, java.lang.Object, java.lang.Object, java.lang.Object, java.lang.Object, java.lang.Object, java.lang.Object, java.lang.Object, java.lang.Object, java.lang.Object, java.lang.Object, java.lang.Object, java.lang.Object, java.lang.Object, java.lang.Obj
Event: 3.622 Thread 0x0000022b45440760 Exception <a 'java/lang/NoSuchMethodError'{0x00000000821c8e08}: 'java.lang.Object java.lang.invoke.DirectMethodHandle$Holder.invokeStatic(java.lang.Object, java.lang.Object, java.lang.Object, java.lang.Object, java.lang.Object, java.lang.Object, java.lang.Object, java.lang.Object, java.lang.Object, java.lang.Object, java.lang.Object, java.lang.Object, java.lang.Object, java.lang.Object, java.lang.Object, java.lang.Object, java.lang.Object, java.lang.Object, java.lang.Object, java.lang.Object, java.lang.Obj
Event: 3.626 Thread 0x0000022b45440760 Exception <a 'java/lang/NoSuchMethodError'{0x00000000821f8e70}: 'java.lang.Object java.lang.invoke.DirectMethodHandle$Holder.invokeStatic(java.lang.Object, java.lang.Object, java.lang.Object, java.lang.Object, java.lang.Object, java.lang.Object, java.lang.Object, java.lang.Object, java.lang.Object, java.lang.Object, java.lang.Object, java.lang.Object, java.lang.Object, java.lang.Object, java.lang.Object, java.lang.Object, java.lang.Object, java.lang.Object, java.lang.Object, java.lang.Object, java.lang.Obj
Event: 3.628 Thread 0x0000022b45440760 Exception <a 'java/lang/NoSuchMethodError'{0x000000008202a830}: 'java.lang.Object java.lang.invoke.DirectMethodHandle$Holder.invokeStatic(java.lang.Object, java.lang.Object, java.lang.Object, java.lang.Object, java.lang.Object, java.lang.Object, java.lang.Object, java.lang.Object, java.lang.Object, java.lang.Object, java.lang.Object, java.lang.Object, java.lang.Object, java.lang.Object, java.lang.Object, java.lang.Object, java.lang.Object, java.lang.Object, java.lang.Object, java.lang.Object, java.lang.Obj
Event: 3.661 Thread 0x0000022b45440760 Exception <a 'java/lang/IncompatibleClassChangeError'{0x0000000081f72fc0}: Found class java.lang.Object, but interface was expected> (0x0000000081f72fc0) 
thrown [s\src\hotspot\share\interpreter\linkResolver.cpp, line 851]
Event: 3.727 Thread 0x0000022b45440760 Exception <a 'sun/nio/fs/WindowsException'{0x000000008774b280}> (0x000000008774b280) 
thrown [s\src\hotspot\share\prims\jni.cpp, line 537]
Event: 3.930 Thread 0x0000022b45440760 Exception <a 'java/lang/NoSuchMethodError'{0x0000000083c27138}: 'java.lang.Object java.lang.invoke.DirectMethodHandle$Holder.newInvokeSpecial(java.lang.Object, java.lang.Object, java.lang.Object, java.lang.Object, java.lang.Object, java.lang.Object, java.lang.Object, java.lang.Object, java.lang.Object, java.lang.Object)'> (0x0000000083c27138) 
thrown [s\src\hotspot\share\interpreter\linkResolver.cpp, line 784]
Event: 3.951 Thread 0x0000022b45440760 Exception <a 'java/lang/NoSuchMethodError'{0x0000000083b41378}: 'java.lang.Object java.lang.invoke.DirectMethodHandle$Holder.invokeVirtual(java.lang.Object, java.lang.Object, java.lang.Object, java.lang.Object, java.lang.Object, java.lang.Object, java.lang.Object, java.lang.Object, java.lang.Object, java.lang.Object, java.lang.Object)'> (0x0000000083b41378) 
thrown [s\src\hotspot\share\interpreter\linkResolver.cpp, line 784]
Event: 3.977 Thread 0x0000022b45440760 Exception <a 'sun/nio/fs/WindowsException'{0x0000000083a91d10}> (0x0000000083a91d10) 
thrown [s\src\hotspot\share\prims\jni.cpp, line 537]
Event: 4.033 Thread 0x0000022b45440760 Exception <a 'java/lang/NoSuchMethodError'{0x000000008373aa80}: 'java.lang.Object java.lang.invoke.DelegatingMethodHandle$Holder.reinvoke_L(java.lang.Object, java.lang.Object, java.lang.Object, java.lang.Object, java.lang.Object, java.lang.Object, java.lang.Object, java.lang.Object, java.lang.Object, java.lang.Object, java.lang.Object, java.lang.Object, java.lang.Object, java.lang.Object, java.lang.Object, java.lang.Object, java.lang.Object, java.lang.Object, java.lang.Object, java.lang.Object, java.lang.O
Event: 4.043 Thread 0x0000022b45440760 Exception <a 'java/lang/NoSuchMethodError'{0x000000008360f7c0}: 'java.lang.Object java.lang.invoke.DirectMethodHandle$Holder.invokeStatic(java.lang.Object, java.lang.Object, java.lang.Object, java.lang.Object, java.lang.Object, java.lang.Object, java.lang.Object, java.lang.Object, java.lang.Object, java.lang.Object, java.lang.Object, java.lang.Object, java.lang.Object, java.lang.Object, java.lang.Object, java.lang.Object, java.lang.Object, java.lang.Object, java.lang.Object, java.lang.Object, java.lang.Obj
Event: 4.046 Thread 0x0000022b45440760 Exception <a 'java/lang/NoSuchMethodError'{0x00000000836432f8}: 'java.lang.Object java.lang.invoke.DirectMethodHandle$Holder.invokeStatic(java.lang.Object, java.lang.Object, java.lang.Object, java.lang.Object, java.lang.Object, java.lang.Object, java.lang.Object, java.lang.Object, java.lang.Object, java.lang.Object, java.lang.Object, java.lang.Object, java.lang.Object, java.lang.Object, java.lang.Object, java.lang.Object, java.lang.Object, java.lang.Object, java.lang.Object, java.lang.Object, java.lang.Obj
Event: 4.048 Thread 0x0000022b45440760 Exception <a 'java/lang/NoSuchMethodError'{0x0000000083678080}: 'java.lang.Object java.lang.invoke.DirectMethodHandle$Holder.invokeStatic(java.lang.Object, java.lang.Object, java.lang.Object, java.lang.Object, java.lang.Object, java.lang.Object, java.lang.Object, java.lang.Object, java.lang.Object, java.lang.Object, java.lang.Object, java.lang.Object, java.lang.Object, java.lang.Object, java.lang.Object, java.lang.Object, java.lang.Object, java.lang.Object, java.lang.Object, java.lang.Object, java.lang.Obj
Event: 4.113 Thread 0x0000022b45440760 Exception <a 'java/lang/IncompatibleClassChangeError'{0x00000000833687b0}: Found class java.lang.Object, but interface was expected> (0x00000000833687b0) 
thrown [s\src\hotspot\share\interpreter\linkResolver.cpp, line 851]
Event: 4.156 Thread 0x0000022b45440760 Exception <a 'java/lang/NoSuchMethodError'{0x0000000083017d88}: 'void java.lang.invoke.DirectMethodHandle$Holder.invokeVirtual(java.lang.Object, java.lang.Object, java.lang.Object, java.lang.Object, java.lang.Object)'> (0x0000000083017d88) 
thrown [s\src\hotspot\share\interpreter\linkResolver.cpp, line 784]
Event: 4.212 Thread 0x0000022b45440760 Exception <a 'sun/nio/fs/WindowsException'{0x0000000082d60260}> (0x0000000082d60260) 
thrown [s\src\hotspot\share\prims\jni.cpp, line 537]

ZGC Phase Switch (0 events):
No events

VM Operations (20 events):
Event: 2.561 Executing safepoint VM operation: G1CollectForAllocation (G1 Evacuation Pause)
Event: 2.571 Executing safepoint VM operation: G1CollectForAllocation (G1 Evacuation Pause) done
Event: 2.625 Executing non-safepoint VM operation: HandshakeAllThreads (Deoptimize)
Event: 2.625 Executing non-safepoint VM operation: HandshakeAllThreads (Deoptimize) done
Event: 2.699 Executing safepoint VM operation: CollectForMetadataAllocation (Metadata GC Threshold)
Event: 2.707 Executing safepoint VM operation: CollectForMetadataAllocation (Metadata GC Threshold) done
Event: 2.715 Executing safepoint VM operation: G1PauseRemark
Event: 2.717 Executing safepoint VM operation: G1PauseRemark done
Event: 2.721 Executing safepoint VM operation: G1PauseCleanup
Event: 2.726 Executing safepoint VM operation: G1PauseCleanup done
Event: 3.346 Executing non-safepoint VM operation: HandshakeAllThreads (Deoptimize)
Event: 3.346 Executing non-safepoint VM operation: HandshakeAllThreads (Deoptimize) done
Event: 3.413 Executing safepoint VM operation: ICBufferFull
Event: 3.413 Executing safepoint VM operation: ICBufferFull done
Event: 3.636 Executing non-safepoint VM operation: HandshakeAllThreads (Deoptimize)
Event: 3.636 Executing non-safepoint VM operation: HandshakeAllThreads (Deoptimize) done
Event: 3.637 Executing non-safepoint VM operation: HandshakeAllThreads (Deoptimize)
Event: 3.637 Executing non-safepoint VM operation: HandshakeAllThreads (Deoptimize) done
Event: 3.691 Executing safepoint VM operation: G1CollectForAllocation (G1 Evacuation Pause)
Event: 3.697 Executing safepoint VM operation: G1CollectForAllocation (G1 Evacuation Pause) done

Memory protections (0 events):
No events

Nmethod flushes (0 events):
No events

Events (20 events):
Event: 0.870 Loaded shared library C:\Users\201407\.gradle\native\660c5614fbf4a5f2a75b1949f50a0caf5cd603558e7d8a26e50b933a0cfb79d1\windows-amd64\native-platform.dll
Event: 0.881 Loaded shared library C:\Users\201407\.gradle\native\0.2.8\x86_64-windows-gnu\gradle-fileevents.dll
Event: 1.222 Thread 0x0000022b3ed22c90 Thread exited: 0x0000022b3ed22c90
Event: 2.218 Loaded shared library C:\Program Files\Android\Android Studio\jbr\bin\management.dll
Event: 2.222 Loaded shared library C:\Program Files\Android\Android Studio\jbr\bin\management_ext.dll
Event: 2.257 Thread 0x0000022b24873a60 Thread added: 0x0000022b3e7d3fe0
Event: 2.391 Loaded shared library C:\Program Files\Android\Android Studio\jbr\bin\extnet.dll
Event: 2.509 Thread 0x0000022b24873a60 Thread added: 0x0000022b3e7d32c0
Event: 2.608 Thread 0x0000022b24873a60 Thread added: 0x0000022b3e7d5a20
Event: 2.633 Thread 0x0000022b3e48b650 Thread added: 0x0000022b455a1750
Event: 2.657 Thread 0x0000022b3e7d32c0 Thread added: 0x0000022b3e7d4d00
Event: 2.661 Thread 0x0000022b3e7d4d00 Thread added: 0x0000022b3e7d5390
Event: 2.748 Thread 0x0000022b3e7d4d00 Thread added: 0x0000022b3e7d25a0
Event: 2.761 Thread 0x0000022b3e7d4d00 Thread added: 0x0000022b45440760
Event: 2.775 Thread 0x0000022b45440760 Thread added: 0x0000022b45442ec0
Event: 2.780 Thread 0x0000022b45440760 Thread added: 0x0000022b45442830
Event: 2.789 Thread 0x0000022b45440760 Thread added: 0x0000022b45443550
Event: 3.346 Thread 0x0000022b45440760 Thread added: 0x0000022b454421a0
Event: 3.358 Thread 0x0000022b45440760 Thread added: 0x0000022b454400d0
Event: 3.433 Thread 0x0000022b45440760 Thread added: 0x0000022b45443be0


Dynamic libraries:
0x00007ff713fd0000 - 0x00007ff713fda000 	C:\Program Files\Android\Android Studio\jbr\bin\java.exe
0x00007ffb7dea0000 - 0x00007ffb7e107000 	C:\WINDOWS\SYSTEM32\ntdll.dll
0x00007ffb7c2a0000 - 0x00007ffb7c369000 	C:\WINDOWS\System32\KERNEL32.DLL
0x00007ffb7b4d0000 - 0x00007ffb7b8c4000 	C:\WINDOWS\System32\KERNELBASE.dll
0x00007ffb7b2c0000 - 0x00007ffb7b40b000 	C:\WINDOWS\System32\ucrtbase.dll
0x00007ffb723e0000 - 0x00007ffb723fb000 	C:\Program Files\Android\Android Studio\jbr\bin\VCRUNTIME140.dll
0x00007ffb6aba0000 - 0x00007ffb6abb8000 	C:\Program Files\Android\Android Studio\jbr\bin\jli.dll
0x00007ffb7bfd0000 - 0x00007ffb7c195000 	C:\WINDOWS\System32\USER32.dll
0x00007ffb63840000 - 0x00007ffb63ad3000 	C:\WINDOWS\WinSxS\amd64_microsoft.windows.common-controls_6595b64144ccf1df_6.0.26100.8115_none_3e075c82e3354f9c\COMCTL32.dll
0x00007ffb7b410000 - 0x00007ffb7b437000 	C:\WINDOWS\System32\win32u.dll
0x00007ffb7bc30000 - 0x00007ffb7bcd9000 	C:\WINDOWS\System32\msvcrt.dll
0x00007ffb7cea0000 - 0x00007ffb7cecb000 	C:\WINDOWS\System32\GDI32.dll
0x00007ffb7b980000 - 0x00007ffb7baab000 	C:\WINDOWS\System32\gdi32full.dll
0x00007ffb7a9a0000 - 0x00007ffb7aa43000 	C:\WINDOWS\System32\msvcp_win.dll
0x00007ffb7d1b0000 - 0x00007ffb7d1e2000 	C:\WINDOWS\System32\IMM32.DLL
0x00007ffb72850000 - 0x00007ffb7285c000 	C:\Program Files\Android\Android Studio\jbr\bin\vcruntime140_1.dll
0x00007ffb665d0000 - 0x00007ffb6665d000 	C:\Program Files\Android\Android Studio\jbr\bin\msvcp140.dll
0x00007ffabba90000 - 0x00007ffabc726000 	C:\Program Files\Android\Android Studio\jbr\bin\server\jvm.dll
0x00007ffb7ced0000 - 0x00007ffb7cf86000 	C:\WINDOWS\System32\ADVAPI32.dll
0x00007ffb7d100000 - 0x00007ffb7d1a7000 	C:\WINDOWS\System32\sechost.dll
0x00007ffb7d980000 - 0x00007ffb7da98000 	C:\WINDOWS\System32\RPCRT4.dll
0x00007ffb7c550000 - 0x00007ffb7c5d0000 	C:\WINDOWS\System32\WS2_32.dll
0x00007ffb7a5d0000 - 0x00007ffb7a62e000 	C:\WINDOWS\SYSTEM32\POWRPROF.dll
0x00007ffb6a6c0000 - 0x00007ffb6a6cb000 	C:\WINDOWS\SYSTEM32\VERSION.dll
0x00007ffb64150000 - 0x00007ffb64186000 	C:\WINDOWS\SYSTEM32\WINMM.dll
0x00007ffb7a5b0000 - 0x00007ffb7a5c4000 	C:\WINDOWS\SYSTEM32\UMPDC.dll
0x00007ffb794c0000 - 0x00007ffb794db000 	C:\WINDOWS\SYSTEM32\kernel.appcore.dll
0x00007ffb727d0000 - 0x00007ffb727da000 	C:\Program Files\Android\Android Studio\jbr\bin\jimage.dll
0x00007ffb78860000 - 0x00007ffb78aa2000 	C:\WINDOWS\SYSTEM32\DBGHELP.DLL
0x00007ffb7dad0000 - 0x00007ffb7de52000 	C:\WINDOWS\System32\combase.dll
0x00007ffb7cdb0000 - 0x00007ffb7ce88000 	C:\WINDOWS\System32\OLEAUT32.dll
0x00007ffb4fbd0000 - 0x00007ffb4fc0b000 	C:\WINDOWS\SYSTEM32\dbgcore.DLL
0x00007ffb7b8d0000 - 0x00007ffb7b975000 	C:\WINDOWS\System32\bcryptPrimitives.dll
0x00007ffb70fd0000 - 0x00007ffb70fde000 	C:\Program Files\Android\Android Studio\jbr\bin\instrument.dll
0x00007ffb72340000 - 0x00007ffb72360000 	C:\Program Files\Android\Android Studio\jbr\bin\java.dll
0x00007ffaf8f40000 - 0x00007ffaf8f58000 	C:\Program Files\Android\Android Studio\jbr\bin\zip.dll
0x00007ffb7c5e0000 - 0x00007ffb7cd47000 	C:\WINDOWS\System32\SHELL32.dll
0x00007ffb7a830000 - 0x00007ffb7a99a000 	C:\WINDOWS\System32\wintypes.dll
0x00007ffb7aa50000 - 0x00007ffb7b2b8000 	C:\WINDOWS\System32\windows.storage.dll
0x00007ffb7bd60000 - 0x00007ffb7be58000 	C:\WINDOWS\System32\SHCORE.dll
0x00007ffb7c1b0000 - 0x00007ffb7c216000 	C:\WINDOWS\System32\shlwapi.dll
0x00007ffb7a690000 - 0x00007ffb7a6b9000 	C:\WINDOWS\SYSTEM32\profapi.dll
0x00007ffb1cc50000 - 0x00007ffb1cc60000 	C:\Program Files\Android\Android Studio\jbr\bin\net.dll
0x00007ffb6b100000 - 0x00007ffb6b22d000 	C:\WINDOWS\SYSTEM32\WINHTTP.dll
0x00007ffb79a10000 - 0x00007ffb79a7c000 	C:\WINDOWS\system32\mswsock.dll
0x00007ffaf4fa0000 - 0x00007ffaf4fb6000 	C:\Program Files\Android\Android Studio\jbr\bin\nio.dll
0x00007ffb727c0000 - 0x00007ffb727d0000 	C:\Program Files\Android\Android Studio\jbr\bin\verify.dll
0x00007ffb6ab70000 - 0x00007ffb6ab97000 	C:\Users\201407\.gradle\native\660c5614fbf4a5f2a75b1949f50a0caf5cd603558e7d8a26e50b933a0cfb79d1\windows-amd64\native-platform.dll
0x00007ffb66550000 - 0x00007ffb665c7000 	C:\Users\201407\.gradle\native\0.2.8\x86_64-windows-gnu\gradle-fileevents.dll
0x00007ffb1b2f0000 - 0x00007ffb1b2f9000 	C:\Program Files\Android\Android Studio\jbr\bin\management.dll
0x00007ffb1b270000 - 0x00007ffb1b27b000 	C:\Program Files\Android\Android Studio\jbr\bin\management_ext.dll
0x00007ffb7c1a0000 - 0x00007ffb7c1a8000 	C:\WINDOWS\System32\PSAPI.DLL
0x00007ffb78ea0000 - 0x00007ffb78ed2000 	C:\WINDOWS\SYSTEM32\IPHLPAPI.DLL
0x00007ffb7be60000 - 0x00007ffb7be6a000 	C:\WINDOWS\System32\NSI.dll
0x00007ffb1c730000 - 0x00007ffb1c739000 	C:\Program Files\Android\Android Studio\jbr\bin\extnet.dll
0x00007ffb79e10000 - 0x00007ffb79e2b000 	C:\WINDOWS\SYSTEM32\CRYPTSP.dll
0x00007ffb79420000 - 0x00007ffb79459000 	C:\WINDOWS\system32\rsaenh.dll
0x00007ffb79ac0000 - 0x00007ffb79af3000 	C:\WINDOWS\SYSTEM32\USERENV.dll
0x00007ffb7a660000 - 0x00007ffb7a68a000 	C:\WINDOWS\SYSTEM32\bcrypt.dll
0x00007ffb79c70000 - 0x00007ffb79c7c000 	C:\WINDOWS\SYSTEM32\CRYPTBASE.dll
0x00007ffb4a250000 - 0x00007ffb4a258000 	C:\WINDOWS\system32\wshunix.dll

JVMTI agents:
C:\Users\201407\.gradle\wrapper\dists\gradle-9.3.1-bin\23ovyewtku6u96viwx3xl3oks\gradle-9.3.1\lib\agents\gradle-instrumentation-agent-9.3.1.jar path:C:\Program Files\Android\Android Studio\jbr\bin\instrument.dll, loaded, initialized, instrumentlib options:none

dbghelp: loaded successfully - version: 4.0.5 - missing functions: none
symbol engine: initialized successfully - sym options: 0x614 - pdb path: .;C:\Program Files\Android\Android Studio\jbr\bin;C:\WINDOWS\SYSTEM32;C:\WINDOWS\WinSxS\amd64_microsoft.windows.common-controls_6595b64144ccf1df_6.0.26100.8115_none_3e075c82e3354f9c;C:\Program Files\Android\Android Studio\jbr\bin\server;C:\Users\201407\.gradle\native\660c5614fbf4a5f2a75b1949f50a0caf5cd603558e7d8a26e50b933a0cfb79d1\windows-amd64;C:\Users\201407\.gradle\native\0.2.8\x86_64-windows-gnu

VM Arguments:
jvm_args: --add-opens=java.base/java.lang=ALL-UNNAMED --add-opens=java.base/java.lang.invoke=ALL-UNNAMED --add-opens=java.base/java.util=ALL-UNNAMED --add-opens=java.prefs/java.util.prefs=ALL-UNNAMED --add-exports=jdk.compiler/com.sun.tools.javac.api=ALL-UNNAMED --add-exports=jdk.compiler/com.sun.tools.javac.util=ALL-UNNAMED --add-opens=java.base/java.util=ALL-UNNAMED --add-opens=java.prefs/java.util.prefs=ALL-UNNAMED --add-opens=java.base/java.nio.charset=ALL-UNNAMED --add-opens=java.base/java.net=ALL-UNNAMED --add-opens=java.base/java.util.concurrent=ALL-UNNAMED --add-opens=java.base/java.util.concurrent.atomic=ALL-UNNAMED --add-opens=java.xml/javax.xml.namespace=ALL-UNNAMED --add-opens=java.base/java.time=ALL-UNNAMED -Xmx2048m -Dfile.encoding=UTF-8 -Duser.country=US -Duser.language=en -Duser.variant -javaagent:C:\Users\201407\.gradle\wrapper\dists\gradle-9.3.1-bin\23ovyewtku6u96viwx3xl3oks\gradle-9.3.1\lib\agents\gradle-instrumentation-agent-9.3.1.jar 
java_command: org.gradle.launcher.daemon.bootstrap.GradleDaemon 9.3.1
java_class_path (initial): C:\Users\201407\.gradle\wrapper\dists\gradle-9.3.1-bin\23ovyewtku6u96viwx3xl3oks\gradle-9.3.1\lib\gradle-daemon-main-9.3.1.jar
Launcher Type: SUN_STANDARD

[Global flags]
     intx CICompilerCount                          = 4                                         {product} {ergonomic}
     uint ConcGCThreads                            = 2                                         {product} {ergonomic}
     uint G1ConcRefinementThreads                  = 8                                         {product} {ergonomic}
   size_t G1HeapRegionSize                         = 1048576                                   {product} {ergonomic}
    uintx GCDrainStackTargetSize                   = 64                                        {product} {ergonomic}
   size_t InitialHeapSize                          = 132120576                                 {product} {ergonomic}
   size_t MarkStackSize                            = 4194304                                   {product} {ergonomic}
   size_t MaxHeapSize                              = 2147483648                                {product} {command line}
   size_t MaxNewSize                               = 1287651328                                {product} {ergonomic}
   size_t MinHeapDeltaBytes                        = 1048576                                   {product} {ergonomic}
   size_t MinHeapSize                              = 8388608                                   {product} {ergonomic}
    uintx NonNMethodCodeHeapSize                   = 5839372                                {pd product} {ergonomic}
    uintx NonProfiledCodeHeapSize                  = 122909434                              {pd product} {ergonomic}
    uintx ProfiledCodeHeapSize                     = 122909434                              {pd product} {ergonomic}
    uintx ReservedCodeCacheSize                    = 251658240                              {pd product} {ergonomic}
     bool SegmentedCodeCache                       = true                                      {product} {ergonomic}
   size_t SoftMaxHeapSize                          = 2147483648                             {manageable} {ergonomic}
     bool UseCompressedOops                        = true                           {product lp64_product} {ergonomic}
     bool UseG1GC                                  = true                                      {product} {ergonomic}
     bool UseLargePagesIndividualAllocation        = false                                  {pd product} {ergonomic}

Logging:
Log output configuration:
 #0: stdout all=warning uptime,level,tags foldmultilines=false
 #1: stderr all=off uptime,level,tags foldmultilines=false

Release file:
JAVA_VERSION="21.0.10" 
MODULES="java.base java.compiler java.datatransfer java.xml java.prefs java.desktop java.instrument java.logging java.management java.security.sasl java.naming java.rmi java.management.rmi java.net.http java.scripting java.security.jgss java.transaction.xa java.sql java.sql.rowset java.xml.crypto java.se java.smartcardio jdk.accessibility jdk.internal.jvmstat jdk.attach jdk.charsets jdk.internal.opt jdk.zipfs jdk.compiler jdk.crypto.ec jdk.crypto.cryptoki jdk.dynalink jdk.hotspot.agent jdk.httpserver jdk.internal.ed jdk.internal.le jdk.internal.vm.ci jdk.jartool jdk.javadoc jdk.jcmd jdk.jdeps jdk.jdwp.agent jdk.jdi jdk.jfr jdk.jlink jdk.jsobject jdk.localedata jdk.management jdk.management.agent jdk.management.jfr jdk.naming.dns jdk.naming.rmi jdk.net jdk.sctp jdk.security.auth jdk.security.jgss jdk.unsupported jdk.unsupported.desktop jdk.xml.dom" 
IMPLEMENTOR="JetBrains s.r.o." 
JAVA_RUNTIME_VERSION="21.0.10+-14961533-b1163.108" 
LIBC="default" 
OS_ARCH="x86_64" 
OS_NAME="Windows" 
SOURCE=".:git:1351622c2ff2" 

Environment Variables:
PATH=C:\WINDOWS\system32;C:\WINDOWS;C:\WINDOWS\System32\Wbem;C:\WINDOWS\System32\WindowsPowerShell\v1.0\;C:\WINDOWS\System32\OpenSSH\;C:\Users\201407\AppData\Local\Microsoft\WindowsApps;C:\Users\201407\AppData\Local\Programs\Git\cmd
USERNAME=201407
OS=Windows_NT
PROCESSOR_IDENTIFIER=Intel64 Family 6 Model 142 Stepping 10, GenuineIntel
TMP=C:\Users\201407\AppData\Local\Temp
TEMP=C:\Users\201407\AppData\Local\Temp




Periodic native trim disabled

JNI global refs:
JNI global refs: 24, weak refs: 0

JNI global refs memory usage: 835, weak refs: 833

Process memory usage:
Resident Set Size: 225632K (2% of 8228052K total physical memory with 1074076K free physical memory)

OOME stack traces (most recent first):
Classloader memory used:
Loader bootstrap                                                                       : 17309K
Loader org.gradle.internal.classloader.VisitableURLClassLoader                         : 14060K
Loader org.gradle.initialization.MixInLegacyTypesClassLoader                           : 1999K
Loader jdk.internal.loader.ClassLoaders$AppClassLoader                                 : 229K
Loader jdk.internal.loader.ClassLoaders$PlatformClassLoader                            : 116K
Loader jdk.internal.reflect.DelegatingClassLoader                                      : 38272B

Classes loaded by more than one classloader:
Class org.gradle.internal.classloader.FilteringClassLoader                            : loaded 2 times (x 105B)
Class org.gradle.internal.classloader.ClassLoaderHierarchy                            : loaded 2 times (x 70B)
Class org.gradle.api.internal.classpath.ManifestUtil                                  : loaded 2 times (x 71B)
Class org.gradle.internal.classloader.DefaultClassLoaderFactory                       : loaded 2 times (x 82B)
Class org.gradle.internal.classloader.ClassLoaderVisitor                              : loaded 2 times (x 76B)
Class org.gradle.api.internal.classpath.EffectiveClassPath                            : loaded 2 times (x 90B)
Class org.gradle.api.internal.DefaultClassPathProvider                                : loaded 2 times (x 76B)
Class [Lorg.gradle.api.internal.ClassPathProvider;                                    : loaded 2 times (x 69B)
Class org.gradle.api.internal.ClassPathProvider                                       : loaded 2 times (x 70B)
Class org.gradle.internal.service.UnknownServiceException                             : loaded 2 times (x 83B)
Class org.gradle.internal.classpath.TransformedClassPath                              : loaded 2 times (x 96B)
Class org.gradle.internal.classloader.InstrumentingClassLoader                        : loaded 2 times (x 70B)
Class org.gradle.internal.service.ServiceLocator                                      : loaded 2 times (x 70B)
Class org.gradle.internal.classloader.ClasspathUtil$1                                 : loaded 2 times (x 76B)
Class org.gradle.api.internal.classpath.DefaultModuleRegistry$DefaultModule           : loaded 2 times (x 86B)
Class org.gradle.api.internal.classpath.Module                                        : loaded 2 times (x 70B)
Class org.gradle.api.internal.classpath.UnknownModuleException                        : loaded 2 times (x 82B)
Class org.gradle.api.internal.DefaultClassPathRegistry                                : loaded 2 times (x 76B)
Class org.gradle.api.internal.ClassPathRegistry                                       : loaded 2 times (x 70B)
Class org.gradle.internal.classpath.DefaultClassPath$ImmutableUniqueList              : loaded 2 times (x 199B)
Class org.gradle.internal.classpath.ClassPath                                         : loaded 2 times (x 70B)
Class org.gradle.api.internal.classpath.ModuleRegistry                                : loaded 2 times (x 70B)
Class org.gradle.internal.installation.GradleInstallation$1                           : loaded 2 times (x 75B)
Class org.gradle.api.internal.classpath.DefaultModuleRegistry                         : loaded 2 times (x 86B)
Class org.gradle.internal.service.ServiceLookupException                              : loaded 2 times (x 82B)
Class org.gradle.internal.classloader.ClassLoaderFactory                              : loaded 2 times (x 70B)
Class org.gradle.internal.service.CachingServiceLocator                               : loaded 2 times (x 82B)
Class org.gradle.internal.classloader.ClasspathUtil                                   : loaded 2 times (x 71B)
Class org.gradle.api.specs.Spec                                                       : loaded 2 times (x 70B)
Class org.gradle.internal.classloader.VisitableURLClassLoader$InstrumentingVisitableURLClassLoader: loaded 2 times (x 123B)
Class org.gradle.internal.classloader.VisitableURLClassLoader$Spec                    : loaded 2 times (x 74B)
Class org.gradle.internal.classpath.DefaultClassPath                                  : loaded 2 times (x 90B)
Class org.gradle.internal.classloader.ClassLoaderSpec                                 : loaded 2 times (x 71B)
Class org.gradle.internal.classloader.VisitableURLClassLoader                         : loaded 2 times (x 117B)
Class org.gradle.internal.Cast                                                        : loaded 2 times (x 71B)
Class org.gradle.api.Action                                                           : loaded 2 times (x 70B)
Class org.gradle.internal.classpath.DefaultClassPath$ImmutableUniqueList$Builder      : loaded 2 times (x 75B)
Class org.gradle.api.GradleException                                                  : loaded 2 times (x 82B)
Class org.gradle.internal.IoActions                                                   : loaded 2 times (x 71B)
Class org.gradle.internal.classloader.SystemClassLoaderSpec                           : loaded 2 times (x 71B)
Class org.gradle.api.internal.classpath.GlobalCacheRootsProvider                      : loaded 2 times (x 70B)
Class org.gradle.internal.installation.CurrentGradleInstallationLocator               : loaded 2 times (x 71B)
Class org.gradle.internal.service.DefaultServiceLocator                               : loaded 2 times (x 83B)
Class org.gradle.internal.installation.CurrentGradleInstallation                      : loaded 2 times (x 73B)
Class org.gradle.util.internal.GUtil                                                  : loaded 2 times (x 71B)
Class org.gradle.internal.installation.GradleInstallation                             : loaded 2 times (x 75B)

---------------  S Y S T E M  ---------------

OS:
 Windows 11 , 64 bit Build 26100 (10.0.26100.8246)
OS uptime: 7 days 22:30 hours
Hyper-V role detected

CPU: total 8 (initial active 8) (4 cores per cpu, 2 threads per core) family 6 model 142 stepping 10 microcode 0xf6, cx8, cmov, fxsr, ht, mmx, 3dnowpref, sse, sse2, sse3, ssse3, sse4.1, sse4.2, popcnt, lzcnt, tsc, tscinvbit, avx, avx2, aes, erms, clmul, bmi1, bmi2, adx, fma, vzeroupper, clflush, clflushopt, hv, rdtscp, f16c
Processor Information for the first 8 processors :
  Max Mhz: 1800, Current Mhz: 1600, Mhz Limit: 1584

Memory: 4k page, system-wide physical 8035M (1048M free)
TotalPageFile size 12566M (AvailPageFile size 6M)
current process WorkingSet (physical memory assigned to process): 220M, peak: 220M
current process commit charge ("private bytes"): 262M, peak: 264M

vm_info: OpenJDK 64-Bit Server VM (21.0.10+-14961533-b1163.108) for windows-amd64 JRE (21.0.10+-14961533-b1163.108), built on 2026-03-02T19:58:50Z by "builder" with MS VC++ 16.10 / 16.11 (VS2019)

END.
