#
# There is insufficient memory for the Java Runtime Environment to continue.
# Native memory allocation (mmap) failed to map 20971520 bytes. Error detail: G1 virtual space
# Possible reasons:
#   The system is out of physical RAM or swap space
#   This process is running with CompressedOops enabled, and the Java Heap may be blocking the growth of the native heap
# Possible solutions:
#   Reduce memory load on the system
#   Increase physical memory or swap space
#   Check if swap backing store is full
#   Decrease Java heap size (-Xmx/-Xms)
#   Decrease number of Java threads
#   Decrease Java thread stack sizes (-Xss)
#   Set larger code cache with -XX:ReservedCodeCacheSize=
#   JVM is running with Unscaled Compressed Oops mode in which the Java heap is
#     placed in the first 4GB address space. The Java Heap base address is the
#     maximum limit for the native heap growth. Please use -XX:HeapBaseMinAddress
#     to set the Java Heap base and to place the Java Heap above 4GB virtual address.
# This output file may be truncated or incomplete.
#
#  Out of Memory Error (os_windows.cpp:3926), pid=22428, tid=12616
#
# JRE version: OpenJDK Runtime Environment (21.0.10) (build 21.0.10+-14961533-b1163.108)
# Java VM: OpenJDK 64-Bit Server VM (21.0.10+-14961533-b1163.108, mixed mode, tiered, compressed oops, compressed class ptrs, g1 gc, windows-amd64)
# No core dump will be written. Minidumps are not enabled by default on client versions of Windows
#

---------------  S U M M A R Y ------------

Command Line: --add-opens=java.base/java.lang=ALL-UNNAMED --add-opens=java.base/java.lang.invoke=ALL-UNNAMED --add-opens=java.base/java.util=ALL-UNNAMED --add-opens=java.prefs/java.util.prefs=ALL-UNNAMED --add-exports=jdk.compiler/com.sun.tools.javac.api=ALL-UNNAMED --add-exports=jdk.compiler/com.sun.tools.javac.util=ALL-UNNAMED --add-opens=java.base/java.util=ALL-UNNAMED --add-opens=java.prefs/java.util.prefs=ALL-UNNAMED --add-opens=java.base/java.nio.charset=ALL-UNNAMED --add-opens=java.base/java.net=ALL-UNNAMED --add-opens=java.base/java.util.concurrent=ALL-UNNAMED --add-opens=java.base/java.util.concurrent.atomic=ALL-UNNAMED --add-opens=java.xml/javax.xml.namespace=ALL-UNNAMED --add-opens=java.base/java.time=ALL-UNNAMED -Xmx2048m -Dfile.encoding=UTF-8 -Duser.country=US -Duser.language=en -Duser.variant -javaagent:C:\Users\201407\.gradle\wrapper\dists\gradle-9.3.1-bin\23ovyewtku6u96viwx3xl3oks\gradle-9.3.1\lib\agents\gradle-instrumentation-agent-9.3.1.jar org.gradle.launcher.daemon.bootstrap.GradleDaemon 9.3.1

Host: Intel(R) Core(TM) i5-8250U CPU @ 1.60GHz, 8 cores, 7G,  Windows 11 , 64 bit Build 26100 (10.0.26100.8246)
Time: Thu May  7 15:09:37 2026 E. Africa Standard Time elapsed time: 9.312057 seconds (0d 0h 0m 9s)

---------------  T H R E A D  ---------------

Current thread (0x000002d9ff37c820):  VMThread "VM Thread"          [id=12616, stack(0x000000de8e700000,0x000000de8e800000) (1024K)]

Stack: [0x000000de8e700000,0x000000de8e800000]
Native frames: (J=compiled Java code, j=interpreted, Vv=VM code, C=native code)
V  [jvm.dll+0x6d78a9]
V  [jvm.dll+0x8665b3]
V  [jvm.dll+0x868bde]
V  [jvm.dll+0x8692c3]
V  [jvm.dll+0x280ee6]
V  [jvm.dll+0x6d4165]
V  [jvm.dll+0x6c77fa]
V  [jvm.dll+0x358f4b]
V  [jvm.dll+0x360bc6]
V  [jvm.dll+0x3b2ea6]
V  [jvm.dll+0x3b3178]
V  [jvm.dll+0x32b65c]
V  [jvm.dll+0x32b6e7]
V  [jvm.dll+0x3715cc]
V  [jvm.dll+0x36fd7e]
V  [jvm.dll+0x32adb1]
V  [jvm.dll+0x36f480]
V  [jvm.dll+0x86f048]
V  [jvm.dll+0x870394]
V  [jvm.dll+0x8708d0]
V  [jvm.dll+0x870b63]
V  [jvm.dll+0x80fd28]
V  [jvm.dll+0x6d60fd]
C  [ucrtbase.dll+0x37b0]
C  [KERNEL32.DLL+0x2e8d7]
C  [ntdll.dll+0x8c3fc]

VM_Operation (0x000000de901f5fb0): G1CollectForAllocation, mode: safepoint, requested by thread 0x000002d98626c420


---------------  P R O C E S S  ---------------

Threads class SMR info:
_java_thread_list=0x000002d985494b50, length=69, elements={
0x000002d9e7af90e0, 0x000002d9ff3c9650, 0x000002d9ff3cb4e0, 0x000002d9ff3ccab0,
0x000002d9ff3f0ae0, 0x000002d9ff402130, 0x000002d9ff4049d0, 0x000002d9ff405040,
0x000002d9ff406940, 0x000002d9ff40a090, 0x000002d9ff71a320, 0x000002d984aeffa0,
0x000002d98424b9d0, 0x000002d9864cc7d0, 0x000002d985e6adc0, 0x000002d984977e20,
0x000002d98626de60, 0x000002d98626c420, 0x000002d98626f210, 0x000002d98626eb80,
0x000002d98626d7d0, 0x000002d98626d140, 0x000002d98626bd90, 0x000002d986b25df0,
0x000002d986b27ec0, 0x000002d986b26480, 0x000002d986b28be0, 0x000002d986b25760,
0x000002d986b26b10, 0x000002d986b2c6f0, 0x000002d986b29f90, 0x000002d986b2c060,
0x000002d986b29270, 0x000002d986b2b340, 0x000002d986b29900, 0x000002d986b2a620,
0x000002d986b2acb0, 0x000002d986b2b9d0, 0x000002d989119ff0, 0x000002d98911ad10,
0x000002d989119960, 0x000002d984f4e0a0, 0x000002d984f4d380, 0x000002d984f4ccf0,
0x000002d984f4da10, 0x000002d984f4ac20, 0x000002d984f4e730, 0x000002d984f4b2b0,
0x000002d984f4edc0, 0x000002d984f4b940, 0x000002d984f4f450, 0x000002d984f4bfd0,
0x000002d984f4c660, 0x000002d984f50800, 0x000002d984f51520, 0x000002d984f4fae0,
0x000002d984f50e90, 0x000002d984f50170, 0x000002d984f51bb0, 0x000002d98a671fe0,
0x000002d98a674dd0, 0x000002d98838daf0, 0x000002d98a678f70, 0x000002d98a677530,
0x000002d98a676ea0, 0x000002d98a677bc0, 0x000002d98a679600, 0x000002d98a678250,
0x000002d98a6788e0
}

Java Threads: ( => current thread )
  0x000002d9e7af90e0 JavaThread "main"                              [_thread_blocked, id=32680, stack(0x000000de8e000000,0x000000de8e100000) (1024K)]
  0x000002d9ff3c9650 JavaThread "Common-Cleaner"             daemon [_thread_blocked, id=11300, stack(0x000000de8e800000,0x000000de8e900000) (1024K)]
  0x000002d9ff3cb4e0 JavaThread "Reference Handler"          daemon [_thread_blocked, id=32752, stack(0x000000de8e900000,0x000000de8ea00000) (1024K)]
  0x000002d9ff3ccab0 JavaThread "Finalizer"                  daemon [_thread_blocked, id=19884, stack(0x000000de8ea00000,0x000000de8eb00000) (1024K)]
  0x000002d9ff3f0ae0 JavaThread "Signal Dispatcher"          daemon [_thread_blocked, id=8180, stack(0x000000de8eb00000,0x000000de8ec00000) (1024K)]
  0x000002d9ff402130 JavaThread "Attach Listener"            daemon [_thread_blocked, id=34308, stack(0x000000de8ec00000,0x000000de8ed00000) (1024K)]
  0x000002d9ff4049d0 JavaThread "Service Thread"             daemon [_thread_blocked, id=12064, stack(0x000000de8ed00000,0x000000de8ee00000) (1024K)]
  0x000002d9ff405040 JavaThread "Monitor Deflation Thread"   daemon [_thread_blocked, id=19436, stack(0x000000de8ee00000,0x000000de8ef00000) (1024K)]
  0x000002d9ff406940 JavaThread "C2 CompilerThread0"         daemon [_thread_blocked, id=31420, stack(0x000000de8ef00000,0x000000de8f000000) (1024K)]
  0x000002d9ff40a090 JavaThread "C1 CompilerThread0"         daemon [_thread_blocked, id=32560, stack(0x000000de8f000000,0x000000de8f100000) (1024K)]
  0x000002d9ff71a320 JavaThread "Notification Thread"        daemon [_thread_blocked, id=33196, stack(0x000000de8f100000,0x000000de8f200000) (1024K)]
  0x000002d984aeffa0 JavaThread "Daemon health stats"               [_thread_blocked, id=36728, stack(0x000000de8f500000,0x000000de8f600000) (1024K)]
  0x000002d98424b9d0 JavaThread "Incoming local TCP Connector on port 61761"        [_thread_in_native, id=35548, stack(0x000000de8f800000,0x000000de8f900000) (1024K)]
  0x000002d9864cc7d0 JavaThread "Daemon periodic checks"            [_thread_blocked, id=12456, stack(0x000000de8fc00000,0x000000de8fd00000) (1024K)]
  0x000002d985e6adc0 JavaThread "Daemon"                            [_thread_blocked, id=15520, stack(0x000000de8fd00000,0x000000de8fe00000) (1024K)]
  0x000002d984977e20 JavaThread "Handler for socket connection from /127.0.0.1:61761 to /127.0.0.1:61762"        [_thread_in_native, id=9660, stack(0x000000de8fe00000,0x000000de8ff00000) (1024K)]
  0x000002d98626de60 JavaThread "Cancel handler"                    [_thread_blocked, id=30228, stack(0x000000de90000000,0x000000de90100000) (1024K)]
  0x000002d98626c420 JavaThread "Daemon worker"                     [_thread_blocked, id=20948, stack(0x000000de90100000,0x000000de90200000) (1024K)]
  0x000002d98626f210 JavaThread "Asynchronous log dispatcher for DefaultDaemonConnection: socket connection from /127.0.0.1:61761 to /127.0.0.1:61762"        [_thread_blocked, id=33652, stack(0x000000de90200000,0x000000de90300000) (1024K)]
  0x000002d98626eb80 JavaThread "Stdin handler"                     [_thread_blocked, id=22412, stack(0x000000de90300000,0x000000de90400000) (1024K)]
  0x000002d98626d7d0 JavaThread "Daemon client event forwarder"        [_thread_blocked, id=21188, stack(0x000000de90400000,0x000000de90500000) (1024K)]
  0x000002d98626d140 JavaThread "Cache worker for journal cache (C:\Users\201407\.gradle\caches\journal-1)"        [_thread_blocked, id=21368, stack(0x000000de90500000,0x000000de90600000) (1024K)]
  0x000002d98626bd90 JavaThread "File lock request listener"        [_thread_in_native, id=30728, stack(0x000000de90600000,0x000000de90700000) (1024K)]
  0x000002d986b25df0 JavaThread "Cache worker for file hash cache (C:\Users\201407\.gradle\caches\9.3.1\fileHashes)"        [_thread_blocked, id=21064, stack(0x000000de90700000,0x000000de90800000) (1024K)]
  0x000002d986b27ec0 JavaThread "Cache worker for file hash cache (C:\Users\201407\AndroidStudioProjects\Andrew-s-app\.gradle\9.3.1\fileHashes)"        [_thread_blocked, id=35688, stack(0x000000de90900000,0x000000de90a00000) (1024K)]
  0x000002d986b26480 JavaThread "Cache worker for Build Output Cleanup Cache (C:\Users\201407\AndroidStudioProjects\Andrew-s-app\.gradle\buildOutputCleanup)"        [_thread_blocked, id=17960, stack(0x000000de90a00000,0x000000de90b00000) (1024K)]
  0x000002d986b28be0 JavaThread "File watcher server"        daemon [_thread_in_native, id=17140, stack(0x000000de90b00000,0x000000de90c00000) (1024K)]
  0x000002d986b25760 JavaThread "File watcher consumer"      daemon [_thread_blocked, id=34660, stack(0x000000de90c00000,0x000000de90d00000) (1024K)]
  0x000002d986b26b10 JavaThread "jar transforms"                    [_thread_blocked, id=30676, stack(0x000000de90d00000,0x000000de90e00000) (1024K)]
  0x000002d986b2c6f0 JavaThread "jar transforms Thread 2"           [_thread_blocked, id=9176, stack(0x000000de90e00000,0x000000de90f00000) (1024K)]
  0x000002d986b29f90 JavaThread "jar transforms Thread 3"           [_thread_blocked, id=26156, stack(0x000000de90f00000,0x000000de91000000) (1024K)]
  0x000002d986b2c060 JavaThread "jar transforms Thread 4"           [_thread_blocked, id=22240, stack(0x000000de91000000,0x000000de91100000) (1024K)]
  0x000002d986b29270 JavaThread "jar transforms Thread 5"           [_thread_blocked, id=7560, stack(0x000000de91100000,0x000000de91200000) (1024K)]
  0x000002d986b2b340 JavaThread "jar transforms Thread 6"           [_thread_blocked, id=13900, stack(0x000000de91200000,0x000000de91300000) (1024K)]
  0x000002d986b29900 JavaThread "jar transforms Thread 7"           [_thread_blocked, id=22896, stack(0x000000de91300000,0x000000de91400000) (1024K)]
  0x000002d986b2a620 JavaThread "jar transforms Thread 8"           [_thread_blocked, id=11408, stack(0x000000de91400000,0x000000de91500000) (1024K)]
  0x000002d986b2acb0 JavaThread "Cache worker for checksums cache (C:\Users\201407\AndroidStudioProjects\Andrew-s-app\.gradle\9.3.1\checksums)"        [_thread_blocked, id=1576, stack(0x000000de91500000,0x000000de91600000) (1024K)]
  0x000002d986b2b9d0 JavaThread "Cache worker for file content cache (C:\Users\201407\.gradle\caches\9.3.1\fileContent)"        [_thread_blocked, id=13476, stack(0x000000de91600000,0x000000de91700000) (1024K)]
  0x000002d989119ff0 JavaThread "Cache worker for cache directory md-supplier (C:\Users\201407\.gradle\caches\9.3.1\md-supplier)"        [_thread_blocked, id=11708, stack(0x000000de91700000,0x000000de91800000) (1024K)]
  0x000002d98911ad10 JavaThread "Cache worker for cache directory md-rule (C:\Users\201407\.gradle\caches\9.3.1\md-rule)"        [_thread_blocked, id=22232, stack(0x000000de91800000,0x000000de91900000) (1024K)]
  0x000002d989119960 JavaThread "Unconstrained build operations"        [_thread_blocked, id=32016, stack(0x000000de91900000,0x000000de91a00000) (1024K)]
  0x000002d984f4e0a0 JavaThread "Unconstrained build operations Thread 2"        [_thread_blocked, id=35848, stack(0x000000de91a00000,0x000000de91b00000) (1024K)]
  0x000002d984f4d380 JavaThread "Unconstrained build operations Thread 3"        [_thread_blocked, id=30284, stack(0x000000de91b00000,0x000000de91c00000) (1024K)]
  0x000002d984f4ccf0 JavaThread "Unconstrained build operations Thread 4"        [_thread_blocked, id=33060, stack(0x000000de91c00000,0x000000de91d00000) (1024K)]
  0x000002d984f4da10 JavaThread "Unconstrained build operations Thread 5"        [_thread_blocked, id=27796, stack(0x000000de91d00000,0x000000de91e00000) (1024K)]
  0x000002d984f4ac20 JavaThread "Unconstrained build operations Thread 6"        [_thread_blocked, id=30140, stack(0x000000de91e00000,0x000000de91f00000) (1024K)]
  0x000002d984f4e730 JavaThread "Unconstrained build operations Thread 7"        [_thread_blocked, id=11500, stack(0x000000de91f00000,0x000000de92000000) (1024K)]
  0x000002d984f4b2b0 JavaThread "Unconstrained build operations Thread 8"        [_thread_blocked, id=4736, stack(0x000000de92000000,0x000000de92100000) (1024K)]
  0x000002d984f4edc0 JavaThread "Unconstrained build operations Thread 9"        [_thread_blocked, id=18212, stack(0x000000de92100000,0x000000de92200000) (1024K)]
  0x000002d984f4b940 JavaThread "Unconstrained build operations Thread 10"        [_thread_blocked, id=16904, stack(0x000000de92200000,0x000000de92300000) (1024K)]
  0x000002d984f4f450 JavaThread "Unconstrained build operations Thread 11"        [_thread_blocked, id=26308, stack(0x000000de92300000,0x000000de92400000) (1024K)]
  0x000002d984f4bfd0 JavaThread "Unconstrained build operations Thread 12"        [_thread_blocked, id=34352, stack(0x000000de92400000,0x000000de92500000) (1024K)]
  0x000002d984f4c660 JavaThread "Unconstrained build operations Thread 13"        [_thread_blocked, id=36436, stack(0x000000de92500000,0x000000de92600000) (1024K)]
  0x000002d984f50800 JavaThread "Unconstrained build operations Thread 14"        [_thread_blocked, id=32776, stack(0x000000de92600000,0x000000de92700000) (1024K)]
  0x000002d984f51520 JavaThread "Unconstrained build operations Thread 15"        [_thread_blocked, id=34220, stack(0x000000de92700000,0x000000de92800000) (1024K)]
  0x000002d984f4fae0 JavaThread "Unconstrained build operations Thread 16"        [_thread_blocked, id=36080, stack(0x000000de92800000,0x000000de92900000) (1024K)]
  0x000002d984f50e90 JavaThread "Unconstrained build operations Thread 17"        [_thread_blocked, id=19420, stack(0x000000de92900000,0x000000de92a00000) (1024K)]
  0x000002d984f50170 JavaThread "Unconstrained build operations Thread 18"        [_thread_blocked, id=26264, stack(0x000000de92a00000,0x000000de92b00000) (1024K)]
  0x000002d984f51bb0 JavaThread "Unconstrained build operations Thread 19"        [_thread_blocked, id=29096, stack(0x000000de90800000,0x000000de90900000) (1024K)]
  0x000002d98a671fe0 JavaThread "Unconstrained build operations Thread 20"        [_thread_blocked, id=36832, stack(0x000000de92b00000,0x000000de92c00000) (1024K)]
  0x000002d98a674dd0 JavaThread "Unconstrained build operations Thread 21"        [_thread_blocked, id=29968, stack(0x000000de92c00000,0x000000de92d00000) (1024K)]
  0x000002d98838daf0 JavaThread "C2 CompilerThread1"         daemon [_thread_blocked, id=12008, stack(0x000000de8f200000,0x000000de8f300000) (1024K)]
  0x000002d98a678f70 JavaThread "Unconstrained build operations Thread 22"        [_thread_blocked, id=21420, stack(0x000000de92d00000,0x000000de92e00000) (1024K)]
  0x000002d98a677530 JavaThread "Unconstrained build operations Thread 23"        [_thread_blocked, id=25812, stack(0x000000de92e00000,0x000000de92f00000) (1024K)]
  0x000002d98a676ea0 JavaThread "Unconstrained build operations Thread 24"        [_thread_blocked, id=35984, stack(0x000000de92f00000,0x000000de93000000) (1024K)]
  0x000002d98a677bc0 JavaThread "Unconstrained build operations Thread 25"        [_thread_blocked, id=36520, stack(0x000000de93000000,0x000000de93100000) (1024K)]
  0x000002d98a679600 JavaThread "Unconstrained build operations Thread 26"        [_thread_blocked, id=24996, stack(0x000000de93100000,0x000000de93200000) (1024K)]
  0x000002d98a678250 JavaThread "Unconstrained build operations Thread 27"        [_thread_blocked, id=23088, stack(0x000000de93200000,0x000000de93300000) (1024K)]
  0x000002d98a6788e0 JavaThread "Unconstrained build operations Thread 28"        [_thread_blocked, id=16856, stack(0x000000de93300000,0x000000de93400000) (1024K)]
Total: 69

Other Threads:
=>0x000002d9ff37c820 VMThread "VM Thread"                           [id=12616, stack(0x000000de8e700000,0x000000de8e800000) (1024K)]
  0x000002d9ff1bb200 WatcherThread "VM Periodic Task Thread"        [id=11284, stack(0x000000de8e600000,0x000000de8e700000) (1024K)]
  0x000002d9e7b53f80 WorkerThread "GC Thread#0"                     [id=1800, stack(0x000000de8e100000,0x000000de8e200000) (1024K)]
  0x000002d9ffc51230 WorkerThread "GC Thread#1"                     [id=836, stack(0x000000de8f300000,0x000000de8f400000) (1024K)]
  0x000002d9ffc515e0 WorkerThread "GC Thread#2"                     [id=36588, stack(0x000000de8f400000,0x000000de8f500000) (1024K)]
  0x000002d984289cb0 WorkerThread "GC Thread#3"                     [id=32896, stack(0x000000de8f600000,0x000000de8f700000) (1024K)]
  0x000002d98455fb00 WorkerThread "GC Thread#4"                     [id=20672, stack(0x000000de8f700000,0x000000de8f800000) (1024K)]
  0x000002d98665db90 WorkerThread "GC Thread#5"                     [id=20692, stack(0x000000de8f900000,0x000000de8fa00000) (1024K)]
  0x000002d984a9b060 WorkerThread "GC Thread#6"                     [id=31112, stack(0x000000de8fa00000,0x000000de8fb00000) (1024K)]
  0x000002d986252660 WorkerThread "GC Thread#7"                     [id=17860, stack(0x000000de8fb00000,0x000000de8fc00000) (1024K)]
  0x000002d9e7b64e80 ConcurrentGCThread "G1 Main Marker"            [id=27376, stack(0x000000de8e200000,0x000000de8e300000) (1024K)]
  0x000002d9e7b666e0 WorkerThread "G1 Conc#0"                       [id=34460, stack(0x000000de8e300000,0x000000de8e400000) (1024K)]
  0x000002d986398f90 WorkerThread "G1 Conc#1"                       [id=33516, stack(0x000000de8ff00000,0x000000de90000000) (1024K)]
  0x000002d9ff08fbe0 ConcurrentGCThread "G1 Refine#0"               [id=32960, stack(0x000000de8e400000,0x000000de8e500000) (1024K)]
  0x000002d9ff090410 ConcurrentGCThread "G1 Service"                [id=22696, stack(0x000000de8e500000,0x000000de8e600000) (1024K)]
Total: 15

Threads with active compile tasks:
Total: 0

VM state: at safepoint (normal execution)

VM Mutex/Monitor currently owned by a thread:  ([mutex/lock_event])
[0x00007ffabc6486d0] Threads_lock - owner thread: 0x000002d9ff37c820
[0x00007ffabc6487d0] Heap_lock - owner thread: 0x000002d98626c420

Heap address: 0x0000000080000000, size: 2048 MB, Compressed Oops mode: 32-bit

CDS archive(s) not mapped
Compressed class space mapped at: 0x0000000100000000-0x0000000140000000, reserved size: 1073741824
Narrow klass base: 0x0000000000000000, Narrow klass shift: 3, Narrow klass range: 0x140000000

GC Precious Log:
 CardTable entry size: 512
 Card Set container configuration: InlinePtr #cards 5 size 8 Array Of Cards #cards 12 size 40 Howl #buckets 4 coarsen threshold 1843 Howl Bitmap #cards 512 size 80 coarsen threshold 460 Card regions per heap region 1 cards per card region 2048
 CPUs: 8 total, 8 available
 Memory: 8035M
 Large Page Support: Disabled
 NUMA Support: Disabled
 Compressed Oops: Enabled (32-bit)
 Heap Region Size: 1M
 Heap Min Capacity: 8M
 Heap Initial Capacity: 126M
 Heap Max Capacity: 2G
 Pre-touch: Disabled
 Parallel Workers: 8
 Concurrent Workers: 2
 Concurrent Refinement Workers: 8
 Periodic GC: Disabled

Heap:
 garbage-first heap   total 132096K, used 78816K [0x0000000080000000, 0x0000000100000000)
  region size 1024K, 6 young (6144K), 6 survivors (6144K)
 Metaspace       used 72994K, committed 74880K, reserved 1114112K
  class space    used 10472K, committed 11392K, reserved 1048576K

Heap Regions: E=young(eden), S=young(survivor), O=old, HS=humongous(starts), HC=humongous(continues), CS=collection set, F=free, TAMS=top-at-mark-start, PB=parsable bottom
|   0|0x0000000080000000, 0x0000000080100000, 0x0000000080100000|100%|HS|  |TAMS 0x0000000080000000| PB 0x0000000080000000| Complete 
|   1|0x0000000080100000, 0x0000000080200000, 0x0000000080200000|100%|HC|  |TAMS 0x0000000080100000| PB 0x0000000080100000| Complete 
|   2|0x0000000080200000, 0x0000000080300000, 0x0000000080300000|100%|HC|  |TAMS 0x0000000080200000| PB 0x0000000080200000| Complete 
|   3|0x0000000080300000, 0x0000000080400000, 0x0000000080400000|100%|HC|  |TAMS 0x0000000080300000| PB 0x0000000080300000| Complete 
|   4|0x0000000080400000, 0x0000000080500000, 0x0000000080500000|100%| O|  |TAMS 0x0000000080400000| PB 0x0000000080400000| Untracked 
|   5|0x0000000080500000, 0x0000000080600000, 0x0000000080600000|100%| O|  |TAMS 0x0000000080500000| PB 0x0000000080500000| Untracked 
|   6|0x0000000080600000, 0x0000000080700000, 0x0000000080700000|100%| O|  |TAMS 0x0000000080600000| PB 0x0000000080600000| Untracked 
|   7|0x0000000080700000, 0x0000000080800000, 0x0000000080800000|100%|HS|  |TAMS 0x0000000080700000| PB 0x0000000080700000| Complete 
|   8|0x0000000080800000, 0x0000000080900000, 0x0000000080900000|100%| O|  |TAMS 0x0000000080800000| PB 0x0000000080800000| Untracked 
|   9|0x0000000080900000, 0x0000000080a00000, 0x0000000080a00000|100%| O|  |TAMS 0x0000000080900000| PB 0x0000000080900000| Untracked 
|  10|0x0000000080a00000, 0x0000000080b00000, 0x0000000080b00000|100%| O|  |TAMS 0x0000000080a00000| PB 0x0000000080a00000| Untracked 
|  11|0x0000000080b00000, 0x0000000080c00000, 0x0000000080c00000|100%| O|  |TAMS 0x0000000080b00000| PB 0x0000000080b00000| Untracked 
|  12|0x0000000080c00000, 0x0000000080d00000, 0x0000000080d00000|100%| O|  |TAMS 0x0000000080c00000| PB 0x0000000080c00000| Untracked 
|  13|0x0000000080d00000, 0x0000000080e00000, 0x0000000080e00000|100%| O|  |TAMS 0x0000000080d00000| PB 0x0000000080d00000| Untracked 
|  14|0x0000000080e00000, 0x0000000080f00000, 0x0000000080f00000|100%| O|  |TAMS 0x0000000080e00000| PB 0x0000000080e00000| Untracked 
|  15|0x0000000080f00000, 0x0000000081000000, 0x0000000081000000|100%| O|  |TAMS 0x0000000080f00000| PB 0x0000000080f00000| Untracked 
|  16|0x0000000081000000, 0x0000000081100000, 0x0000000081100000|100%| O|  |TAMS 0x0000000081000000| PB 0x0000000081000000| Untracked 
|  17|0x0000000081100000, 0x0000000081200000, 0x0000000081200000|100%| O|  |TAMS 0x0000000081100000| PB 0x0000000081100000| Untracked 
|  18|0x0000000081200000, 0x0000000081300000, 0x0000000081300000|100%| O|  |TAMS 0x0000000081200000| PB 0x0000000081200000| Untracked 
|  19|0x0000000081300000, 0x0000000081400000, 0x0000000081400000|100%| O|  |TAMS 0x0000000081300000| PB 0x0000000081300000| Untracked 
|  20|0x0000000081400000, 0x0000000081500000, 0x0000000081500000|100%| O|  |TAMS 0x0000000081400000| PB 0x0000000081400000| Untracked 
|  21|0x0000000081500000, 0x0000000081600000, 0x0000000081600000|100%| O|  |TAMS 0x0000000081500000| PB 0x0000000081500000| Untracked 
|  22|0x0000000081600000, 0x0000000081700000, 0x0000000081700000|100%| O|  |TAMS 0x0000000081600000| PB 0x0000000081600000| Untracked 
|  23|0x0000000081700000, 0x0000000081800000, 0x0000000081800000|100%|HS|  |TAMS 0x0000000081700000| PB 0x0000000081700000| Complete 
|  24|0x0000000081800000, 0x0000000081900000, 0x0000000081900000|100%|HC|  |TAMS 0x0000000081800000| PB 0x0000000081800000| Complete 
|  25|0x0000000081900000, 0x0000000081a00000, 0x0000000081a00000|100%|HC|  |TAMS 0x0000000081900000| PB 0x0000000081900000| Complete 
|  26|0x0000000081a00000, 0x0000000081b00000, 0x0000000081b00000|100%|HC|  |TAMS 0x0000000081a00000| PB 0x0000000081a00000| Complete 
|  27|0x0000000081b00000, 0x0000000081c00000, 0x0000000081c00000|100%|HC|  |TAMS 0x0000000081b00000| PB 0x0000000081b00000| Complete 
|  28|0x0000000081c00000, 0x0000000081d00000, 0x0000000081d00000|100%|HC|  |TAMS 0x0000000081c00000| PB 0x0000000081c00000| Complete 
|  29|0x0000000081d00000, 0x0000000081e00000, 0x0000000081e00000|100%|HS|  |TAMS 0x0000000081d00000| PB 0x0000000081d00000| Complete 
|  30|0x0000000081e00000, 0x0000000081f00000, 0x0000000081f00000|100%|HC|  |TAMS 0x0000000081e00000| PB 0x0000000081e00000| Complete 
|  31|0x0000000081f00000, 0x0000000082000000, 0x0000000082000000|100%|HS|  |TAMS 0x0000000081f00000| PB 0x0000000081f00000| Complete 
|  32|0x0000000082000000, 0x0000000082100000, 0x0000000082100000|100%|HS|  |TAMS 0x0000000082000000| PB 0x0000000082000000| Complete 
|  33|0x0000000082100000, 0x0000000082200000, 0x0000000082200000|100%| O|  |TAMS 0x0000000082100000| PB 0x0000000082100000| Untracked 
|  34|0x0000000082200000, 0x0000000082300000, 0x0000000082300000|100%| O|  |TAMS 0x0000000082200000| PB 0x0000000082200000| Untracked 
|  35|0x0000000082300000, 0x0000000082400000, 0x0000000082400000|100%| O|  |TAMS 0x0000000082300000| PB 0x0000000082300000| Untracked 
|  36|0x0000000082400000, 0x0000000082500000, 0x0000000082500000|100%| O|  |TAMS 0x0000000082400000| PB 0x0000000082400000| Untracked 
|  37|0x0000000082500000, 0x0000000082600000, 0x0000000082600000|100%| O|  |TAMS 0x0000000082500000| PB 0x0000000082500000| Untracked 
|  38|0x0000000082600000, 0x0000000082700000, 0x0000000082700000|100%| O|  |TAMS 0x0000000082600000| PB 0x0000000082600000| Untracked 
|  39|0x0000000082700000, 0x0000000082800000, 0x0000000082800000|100%| O|  |TAMS 0x0000000082700000| PB 0x0000000082700000| Untracked 
|  40|0x0000000082800000, 0x0000000082900000, 0x0000000082900000|100%| O|  |TAMS 0x0000000082800000| PB 0x0000000082800000| Untracked 
|  41|0x0000000082900000, 0x0000000082a00000, 0x0000000082a00000|100%| O|  |TAMS 0x0000000082900000| PB 0x0000000082900000| Untracked 
|  42|0x0000000082a00000, 0x0000000082b00000, 0x0000000082b00000|100%| O|  |TAMS 0x0000000082a00000| PB 0x0000000082a00000| Untracked 
|  43|0x0000000082b00000, 0x0000000082c00000, 0x0000000082c00000|100%| O|  |TAMS 0x0000000082b00000| PB 0x0000000082b00000| Untracked 
|  44|0x0000000082c00000, 0x0000000082d00000, 0x0000000082d00000|100%| O|  |TAMS 0x0000000082c00000| PB 0x0000000082c00000| Untracked 
|  45|0x0000000082d00000, 0x0000000082e00000, 0x0000000082e00000|100%| O|  |TAMS 0x0000000082d00000| PB 0x0000000082d00000| Untracked 
|  46|0x0000000082e00000, 0x0000000082f00000, 0x0000000082f00000|100%| O|  |TAMS 0x0000000082e00000| PB 0x0000000082e00000| Untracked 
|  47|0x0000000082f00000, 0x0000000083000000, 0x0000000083000000|100%| O|  |TAMS 0x0000000082f00000| PB 0x0000000082f00000| Untracked 
|  48|0x0000000083000000, 0x0000000083100000, 0x0000000083100000|100%| O|  |TAMS 0x0000000083000000| PB 0x0000000083000000| Untracked 
|  49|0x0000000083100000, 0x0000000083200000, 0x0000000083200000|100%| O|  |TAMS 0x0000000083100000| PB 0x0000000083100000| Untracked 
|  50|0x0000000083200000, 0x0000000083300000, 0x0000000083300000|100%|HS|  |TAMS 0x0000000083200000| PB 0x0000000083200000| Complete 
|  51|0x0000000083300000, 0x0000000083400000, 0x0000000083400000|100%|HC|  |TAMS 0x0000000083300000| PB 0x0000000083300000| Complete 
|  52|0x0000000083400000, 0x0000000083500000, 0x0000000083500000|100%| O|  |TAMS 0x0000000083400000| PB 0x0000000083400000| Untracked 
|  53|0x0000000083500000, 0x0000000083600000, 0x0000000083600000|100%| O|  |TAMS 0x0000000083500000| PB 0x0000000083500000| Untracked 
|  54|0x0000000083600000, 0x0000000083700000, 0x0000000083700000|100%| O|  |TAMS 0x0000000083600000| PB 0x0000000083600000| Untracked 
|  55|0x0000000083700000, 0x0000000083800000, 0x0000000083800000|100%| O|  |TAMS 0x0000000083700000| PB 0x0000000083700000| Untracked 
|  56|0x0000000083800000, 0x0000000083900000, 0x0000000083900000|100%| O|  |TAMS 0x0000000083800000| PB 0x0000000083800000| Untracked 
|  57|0x0000000083900000, 0x0000000083900000, 0x0000000083a00000|  0%| F|  |TAMS 0x0000000083900000| PB 0x0000000083900000| Untracked 
|  58|0x0000000083a00000, 0x0000000083b00000, 0x0000000083b00000|100%| O|  |TAMS 0x0000000083a00000| PB 0x0000000083a00000| Untracked 
|  59|0x0000000083b00000, 0x0000000083c00000, 0x0000000083c00000|100%| O|  |TAMS 0x0000000083b00000| PB 0x0000000083b00000| Untracked 
|  60|0x0000000083c00000, 0x0000000083d00000, 0x0000000083d00000|100%| O|Cm|TAMS 0x0000000083c00000| PB 0x0000000083c00000| Complete 
|  61|0x0000000083d00000, 0x0000000083d00000, 0x0000000083e00000|  0%| F|  |TAMS 0x0000000083d00000| PB 0x0000000083d00000| Untracked 
|  62|0x0000000083e00000, 0x0000000083e3cb40, 0x0000000083f00000| 23%| O|  |TAMS 0x0000000083e00000| PB 0x0000000083e00000| Untracked 
|  63|0x0000000083f00000, 0x0000000083f00000, 0x0000000084000000|  0%| F|  |TAMS 0x0000000083f00000| PB 0x0000000083f00000| Untracked 
|  64|0x0000000084000000, 0x0000000084000000, 0x0000000084100000|  0%| F|  |TAMS 0x0000000084000000| PB 0x0000000084000000| Untracked 
|  65|0x0000000084100000, 0x0000000084100000, 0x0000000084200000|  0%| F|  |TAMS 0x0000000084100000| PB 0x0000000084100000| Untracked 
|  66|0x0000000084200000, 0x0000000084200000, 0x0000000084300000|  0%| F|  |TAMS 0x0000000084200000| PB 0x0000000084200000| Untracked 
|  67|0x0000000084300000, 0x0000000084300000, 0x0000000084400000|  0%| F|  |TAMS 0x0000000084300000| PB 0x0000000084300000| Untracked 
|  68|0x0000000084400000, 0x0000000084400000, 0x0000000084500000|  0%| F|  |TAMS 0x0000000084400000| PB 0x0000000084400000| Untracked 
|  69|0x0000000084500000, 0x00000000845bb640, 0x0000000084600000| 73%| S|CS|TAMS 0x0000000084500000| PB 0x0000000084500000| Complete 
|  70|0x0000000084600000, 0x0000000084700000, 0x0000000084700000|100%| S|CS|TAMS 0x0000000084600000| PB 0x0000000084600000| Complete 
|  71|0x0000000084700000, 0x0000000084800000, 0x0000000084800000|100%|HS|  |TAMS 0x0000000084700000| PB 0x0000000084700000| Complete 
|  72|0x0000000084800000, 0x0000000084900000, 0x0000000084900000|100%|HC|  |TAMS 0x0000000084800000| PB 0x0000000084800000| Complete 
|  73|0x0000000084900000, 0x0000000084a00000, 0x0000000084a00000|100%|HC|  |TAMS 0x0000000084900000| PB 0x0000000084900000| Complete 
|  74|0x0000000084a00000, 0x0000000084b00000, 0x0000000084b00000|100%|HC|  |TAMS 0x0000000084a00000| PB 0x0000000084a00000| Complete 
|  75|0x0000000084b00000, 0x0000000084c00000, 0x0000000084c00000|100%|HC|  |TAMS 0x0000000084b00000| PB 0x0000000084b00000| Complete 
|  76|0x0000000084c00000, 0x0000000084d00000, 0x0000000084d00000|100%|HC|  |TAMS 0x0000000084c00000| PB 0x0000000084c00000| Complete 
|  77|0x0000000084d00000, 0x0000000084e00000, 0x0000000084e00000|100%|HS|  |TAMS 0x0000000084d00000| PB 0x0000000084d00000| Complete 
|  78|0x0000000084e00000, 0x0000000084f00000, 0x0000000084f00000|100%|HC|  |TAMS 0x0000000084e00000| PB 0x0000000084e00000| Complete 
|  79|0x0000000084f00000, 0x0000000085000000, 0x0000000085000000|100%| S|CS|TAMS 0x0000000084f00000| PB 0x0000000084f00000| Complete 
|  80|0x0000000085000000, 0x0000000085100000, 0x0000000085100000|100%| S|CS|TAMS 0x0000000085000000| PB 0x0000000085000000| Complete 
|  81|0x0000000085100000, 0x0000000085200000, 0x0000000085200000|100%| S|CS|TAMS 0x0000000085100000| PB 0x0000000085100000| Complete 
|  82|0x0000000085200000, 0x0000000085300000, 0x0000000085300000|100%| S|CS|TAMS 0x0000000085200000| PB 0x0000000085200000| Complete 
|  83|0x0000000085300000, 0x0000000085300000, 0x0000000085400000|  0%| F|  |TAMS 0x0000000085300000| PB 0x0000000085300000| Untracked 
|  84|0x0000000085400000, 0x0000000085400000, 0x0000000085500000|  0%| F|  |TAMS 0x0000000085400000| PB 0x0000000085400000| Untracked 
|  85|0x0000000085500000, 0x0000000085500000, 0x0000000085600000|  0%| F|  |TAMS 0x0000000085500000| PB 0x0000000085500000| Untracked 
|  86|0x0000000085600000, 0x0000000085600000, 0x0000000085700000|  0%| F|  |TAMS 0x0000000085600000| PB 0x0000000085600000| Untracked 
|  87|0x0000000085700000, 0x0000000085700000, 0x0000000085800000|  0%| F|  |TAMS 0x0000000085700000| PB 0x0000000085700000| Untracked 
|  88|0x0000000085800000, 0x0000000085800000, 0x0000000085900000|  0%| F|  |TAMS 0x0000000085800000| PB 0x0000000085800000| Untracked 
|  89|0x0000000085900000, 0x0000000085900000, 0x0000000085a00000|  0%| F|  |TAMS 0x0000000085900000| PB 0x0000000085900000| Untracked 
|  90|0x0000000085a00000, 0x0000000085a00000, 0x0000000085b00000|  0%| F|  |TAMS 0x0000000085a00000| PB 0x0000000085a00000| Untracked 
|  91|0x0000000085b00000, 0x0000000085b00000, 0x0000000085c00000|  0%| F|  |TAMS 0x0000000085b00000| PB 0x0000000085b00000| Untracked 
|  92|0x0000000085c00000, 0x0000000085c00000, 0x0000000085d00000|  0%| F|  |TAMS 0x0000000085c00000| PB 0x0000000085c00000| Untracked 
|  93|0x0000000085d00000, 0x0000000085d00000, 0x0000000085e00000|  0%| F|  |TAMS 0x0000000085d00000| PB 0x0000000085d00000| Untracked 
|  94|0x0000000085e00000, 0x0000000085e00000, 0x0000000085f00000|  0%| F|  |TAMS 0x0000000085e00000| PB 0x0000000085e00000| Untracked 
|  95|0x0000000085f00000, 0x0000000085f00000, 0x0000000086000000|  0%| F|  |TAMS 0x0000000085f00000| PB 0x0000000085f00000| Untracked 
|  96|0x0000000086000000, 0x0000000086000000, 0x0000000086100000|  0%| F|  |TAMS 0x0000000086000000| PB 0x0000000086000000| Untracked 
|  97|0x0000000086100000, 0x0000000086100000, 0x0000000086200000|  0%| F|  |TAMS 0x0000000086100000| PB 0x0000000086100000| Untracked 
|  98|0x0000000086200000, 0x0000000086200000, 0x0000000086300000|  0%| F|  |TAMS 0x0000000086200000| PB 0x0000000086200000| Untracked 
|  99|0x0000000086300000, 0x0000000086300000, 0x0000000086400000|  0%| F|  |TAMS 0x0000000086300000| PB 0x0000000086300000| Untracked 
| 100|0x0000000086400000, 0x0000000086400000, 0x0000000086500000|  0%| F|  |TAMS 0x0000000086400000| PB 0x0000000086400000| Untracked 
| 101|0x0000000086500000, 0x0000000086500000, 0x0000000086600000|  0%| F|  |TAMS 0x0000000086500000| PB 0x0000000086500000| Untracked 
| 102|0x0000000086600000, 0x0000000086600000, 0x0000000086700000|  0%| F|  |TAMS 0x0000000086600000| PB 0x0000000086600000| Untracked 
| 103|0x0000000086700000, 0x0000000086700000, 0x0000000086800000|  0%| F|  |TAMS 0x0000000086700000| PB 0x0000000086700000| Untracked 
| 104|0x0000000086800000, 0x0000000086800000, 0x0000000086900000|  0%| F|  |TAMS 0x0000000086800000| PB 0x0000000086800000| Untracked 
| 105|0x0000000086900000, 0x0000000086900000, 0x0000000086a00000|  0%| F|  |TAMS 0x0000000086900000| PB 0x0000000086900000| Untracked 
| 106|0x0000000086a00000, 0x0000000086a00000, 0x0000000086b00000|  0%| F|  |TAMS 0x0000000086a00000| PB 0x0000000086a00000| Untracked 
| 107|0x0000000086b00000, 0x0000000086b00000, 0x0000000086c00000|  0%| F|  |TAMS 0x0000000086b00000| PB 0x0000000086b00000| Untracked 
| 108|0x0000000086c00000, 0x0000000086c00000, 0x0000000086d00000|  0%| F|  |TAMS 0x0000000086c00000| PB 0x0000000086c00000| Untracked 
| 109|0x0000000086d00000, 0x0000000086d00000, 0x0000000086e00000|  0%| F|  |TAMS 0x0000000086d00000| PB 0x0000000086d00000| Untracked 
| 110|0x0000000086e00000, 0x0000000086e00000, 0x0000000086f00000|  0%| F|  |TAMS 0x0000000086e00000| PB 0x0000000086e00000| Untracked 
| 111|0x0000000086f00000, 0x0000000086f00000, 0x0000000087000000|  0%| F|  |TAMS 0x0000000086f00000| PB 0x0000000086f00000| Untracked 
| 112|0x0000000087000000, 0x0000000087000000, 0x0000000087100000|  0%| F|  |TAMS 0x0000000087000000| PB 0x0000000087000000| Untracked 
| 113|0x0000000087100000, 0x0000000087100000, 0x0000000087200000|  0%| F|  |TAMS 0x0000000087100000| PB 0x0000000087100000| Untracked 
| 114|0x0000000087200000, 0x0000000087200000, 0x0000000087300000|  0%| F|  |TAMS 0x0000000087200000| PB 0x0000000087200000| Untracked 
| 115|0x0000000087300000, 0x0000000087300000, 0x0000000087400000|  0%| F|  |TAMS 0x0000000087300000| PB 0x0000000087300000| Untracked 
| 116|0x0000000087400000, 0x0000000087400000, 0x0000000087500000|  0%| F|  |TAMS 0x0000000087400000| PB 0x0000000087400000| Untracked 
| 117|0x0000000087500000, 0x0000000087500000, 0x0000000087600000|  0%| F|  |TAMS 0x0000000087500000| PB 0x0000000087500000| Untracked 
| 118|0x0000000087600000, 0x0000000087600000, 0x0000000087700000|  0%| F|  |TAMS 0x0000000087600000| PB 0x0000000087600000| Untracked 
| 119|0x0000000087700000, 0x0000000087700000, 0x0000000087800000|  0%| F|  |TAMS 0x0000000087700000| PB 0x0000000087700000| Untracked 
| 120|0x0000000087800000, 0x0000000087800000, 0x0000000087900000|  0%| F|  |TAMS 0x0000000087800000| PB 0x0000000087800000| Untracked 
| 121|0x0000000087900000, 0x0000000087900000, 0x0000000087a00000|  0%| F|  |TAMS 0x0000000087900000| PB 0x0000000087900000| Untracked 
| 122|0x0000000087a00000, 0x0000000087a00000, 0x0000000087b00000|  0%| F|  |TAMS 0x0000000087a00000| PB 0x0000000087a00000| Untracked 
| 123|0x0000000087b00000, 0x0000000087b00000, 0x0000000087c00000|  0%| F|  |TAMS 0x0000000087b00000| PB 0x0000000087b00000| Untracked 
| 124|0x0000000087c00000, 0x0000000087c00000, 0x0000000087d00000|  0%| F|  |TAMS 0x0000000087c00000| PB 0x0000000087c00000| Untracked 
| 125|0x0000000087d00000, 0x0000000087d00000, 0x0000000087e00000|  0%| F|  |TAMS 0x0000000087d00000| PB 0x0000000087d00000| Untracked 
|2045|0x00000000ffd00000, 0x00000000ffe00000, 0x00000000ffe00000|100%| O|  |TAMS 0x00000000ffd00000| PB 0x00000000ffd00000| Untracked 
|2046|0x00000000ffe00000, 0x00000000fff00000, 0x00000000fff00000|100%| O|  |TAMS 0x00000000ffe00000| PB 0x00000000ffe00000| Untracked 
|2047|0x00000000fff00000, 0x0000000100000000, 0x0000000100000000|100%| O|  |TAMS 0x00000000fff00000| PB 0x00000000fff00000| Untracked 

Card table byte_map: [0x000002d9fa390000,0x000002d9fa790000] _byte_map_base: 0x000002d9f9f90000

Marking Bits: (CMBitMap*) 0x000002d9e7b545a0
 Bits: [0x000002d9fa790000, 0x000002d9fc790000)

Polling page: 0x000002d9e5920000

Metaspace:

Usage:
  Non-class:     61.06 MB used.
      Class:     10.23 MB used.
       Both:     71.28 MB used.

Virtual space:
  Non-class space:       64.00 MB reserved,      62.00 MB ( 97%) committed,  1 nodes.
      Class space:        1.00 GB reserved,      11.12 MB (  1%) committed,  1 nodes.
             Both:        1.06 GB reserved,      73.12 MB (  7%) committed. 

Chunk freelists:
   Non-Class:  1.58 MB
       Class:  4.83 MB
        Both:  6.41 MB

MaxMetaspaceSize: unlimited
CompressedClassSpaceSize: 1.00 GB
Initial GC threshold: 21.00 MB
Current GC threshold: 118.69 MB
CDS: off
 - commit_granule_bytes: 65536.
 - commit_granule_words: 8192.
 - virtual_space_node_default_size: 8388608.
 - enlarge_chunks_in_place: 1.
 - use_allocation_guard: 0.


Internal statistics:

num_allocs_failed_limit: 6.
num_arena_births: 3632.
num_arena_deaths: 0.
num_vsnodes_births: 2.
num_vsnodes_deaths: 0.
num_space_committed: 1170.
num_space_uncommitted: 0.
num_chunks_returned_to_freelist: 6.
num_chunks_taken_from_freelist: 6786.
num_chunk_merges: 3.
num_chunk_splits: 4375.
num_chunks_enlarged: 2672.
num_inconsistent_stats: 0.

CodeHeap 'non-profiled nmethods': size=120000Kb used=3889Kb max_used=3889Kb free=116110Kb
 bounds [0x000002d9f2730000, 0x000002d9f2b00000, 0x000002d9f9c60000]
CodeHeap 'profiled nmethods': size=120000Kb used=12437Kb max_used=12437Kb free=107562Kb
 bounds [0x000002d9eac60000, 0x000002d9eb890000, 0x000002d9f2190000]
CodeHeap 'non-nmethods': size=5760Kb used=1901Kb max_used=1959Kb free=3858Kb
 bounds [0x000002d9f2190000, 0x000002d9f2400000, 0x000002d9f2730000]
CodeCache: size=245760Kb, used=18227Kb, max_used=18285Kb, free=227530Kb
 total_blobs=7550, nmethods=6762, adapters=692, full_count=0
Compilation: enabled, stopped_count=0, restarted_count=0

Compilation events (20 events):
Event: 9.300 Thread 0x000002d9ff40a090 7916       3       org.gradle.internal.serialize.kryo.KryoBackedEncoder::<init> (9 bytes)
Event: 9.300 Thread 0x000002d9ff40a090 nmethod 7916 0x000002d9eb880a90 code [0x000002d9eb880c40, 0x000002d9eb880d80]
Event: 9.300 Thread 0x000002d9ff40a090 7918   !   3       java.io.BufferedOutputStream::flush (60 bytes)
Event: 9.300 Thread 0x000002d9ff40a090 nmethod 7918 0x000002d9eb880e10 code [0x000002d9eb881100, 0x000002d9eb8821c8]
Event: 9.300 Thread 0x000002d9ff40a090 7919       3       java.io.BufferedOutputStream::implFlush (12 bytes)
Event: 9.301 Thread 0x000002d9ff40a090 nmethod 7919 0x000002d9eb882810 code [0x000002d9eb8829e0, 0x000002d9eb882d20]
Event: 9.301 Thread 0x000002d9ff40a090 7920       3       org.gradle.api.internal.artifacts.ivyservice.ivyresolve.CachingModuleComponentRepository::access$500 (4 bytes)
Event: 9.301 Thread 0x000002d9ff40a090 nmethod 7920 0x000002d9eb882e90 code [0x000002d9eb883020, 0x000002d9eb883118]
Event: 9.301 Thread 0x000002d9ff40a090 7921       3       org.gradle.api.internal.artifacts.ivyservice.WritableArtifactCacheLockingAccessCoordinator$CacheLockingIndexedCache::getIfPresent (20 bytes)
Event: 9.302 Thread 0x000002d9ff40a090 nmethod 7921 0x000002d9eb883190 code [0x000002d9eb8833a0, 0x000002d9eb883ae8]
Event: 9.302 Thread 0x000002d9ff40a090 7922       3       org.gradle.api.internal.artifacts.ivyservice.WritableArtifactCacheLockingAccessCoordinator$CacheLockingIndexedCache$$Lambda/0x0000000100941f88::<init> (15 bytes)
Event: 9.302 Thread 0x000002d9ff40a090 nmethod 7922 0x000002d9eb883d90 code [0x000002d9eb883f40, 0x000002d9eb884160]
Event: 9.303 Thread 0x000002d9ff40a090 7923       3       org.gradle.cache.internal.AsyncCacheAccessDecoratedCache$$Lambda/0x0000000100575a58::run (20 bytes)
Event: 9.303 Thread 0x000002d9ff40a090 nmethod 7923 0x000002d9eb884210 code [0x000002d9eb884400, 0x000002d9eb884820]
Event: 9.303 Thread 0x000002d9ff40a090 7924   !   3       org.gradle.cache.internal.AsyncCacheAccessDecoratedCache::lambda$putLater$1 (32 bytes)
Event: 9.303 Thread 0x000002d9ff40a090 nmethod 7924 0x000002d9eb884a10 code [0x000002d9eb884be0, 0x000002d9eb884f88]
Event: 9.303 Thread 0x000002d9ff40a090 7925       3       org.gradle.cache.internal.btree.BTreePersistentIndexedCache$IndexBlock::access$600 (6 bytes)
Event: 9.303 Thread 0x000002d9ff40a090 nmethod 7925 0x000002d9eb885110 code [0x000002d9eb8852c0, 0x000002d9eb8853e0]
Event: 9.303 Thread 0x000002d9ff40a090 7926       3       org.gradle.api.internal.provider.ValueSupplier$Value::present (4 bytes)
Event: 9.303 Thread 0x000002d9ff40a090 nmethod 7926 0x000002d9eb885490 code [0x000002d9eb885620, 0x000002d9eb885718]

GC Heap History (20 events):
Event: 3.879 GC heap after
{Heap after GC invocations=9 (full 0):
 garbage-first heap   total 75776K, used 25856K [0x0000000080000000, 0x0000000100000000)
  region size 1024K, 3 young (3072K), 3 survivors (3072K)
 Metaspace       used 35243K, committed 35968K, reserved 1114112K
  class space    used 4620K, committed 4992K, reserved 1048576K
}
Event: 4.622 GC heap before
{Heap before GC invocations=10 (full 0):
 garbage-first heap   total 83968K, used 82176K [0x0000000080000000, 0x0000000100000000)
  region size 1024K, 42 young (43008K), 3 survivors (3072K)
 Metaspace       used 39525K, committed 40448K, reserved 1114112K
  class space    used 5383K, committed 5824K, reserved 1048576K
}
Event: 4.629 GC heap after
{Heap after GC invocations=11 (full 0):
 garbage-first heap   total 112640K, used 50176K [0x0000000080000000, 0x0000000100000000)
  region size 1024K, 6 young (6144K), 6 survivors (6144K)
 Metaspace       used 39525K, committed 40448K, reserved 1114112K
  class space    used 5383K, committed 5824K, reserved 1048576K
}
Event: 5.237 GC heap before
{Heap before GC invocations=11 (full 0):
 garbage-first heap   total 112640K, used 98304K [0x0000000080000000, 0x0000000100000000)
  region size 1024K, 53 young (54272K), 6 survivors (6144K)
 Metaspace       used 44986K, committed 46208K, reserved 1114112K
  class space    used 6288K, committed 6912K, reserved 1048576K
}
Event: 5.243 GC heap after
{Heap after GC invocations=12 (full 0):
 garbage-first heap   total 112640K, used 56506K [0x0000000080000000, 0x0000000100000000)
  region size 1024K, 5 young (5120K), 5 survivors (5120K)
 Metaspace       used 44986K, committed 46208K, reserved 1114112K
  class space    used 6288K, committed 6912K, reserved 1048576K
}
Event: 5.946 GC heap before
{Heap before GC invocations=12 (full 0):
 garbage-first heap   total 112640K, used 99514K [0x0000000080000000, 0x0000000100000000)
  region size 1024K, 48 young (49152K), 5 survivors (5120K)
 Metaspace       used 51658K, committed 53056K, reserved 1114112K
  class space    used 7168K, committed 7872K, reserved 1048576K
}
Event: 5.953 GC heap after
{Heap after GC invocations=13 (full 0):
 garbage-first heap   total 112640K, used 61568K [0x0000000080000000, 0x0000000100000000)
  region size 1024K, 5 young (5120K), 5 survivors (5120K)
 Metaspace       used 51658K, committed 53056K, reserved 1114112K
  class space    used 7168K, committed 7872K, reserved 1048576K
}
Event: 6.594 GC heap before
{Heap before GC invocations=14 (full 0):
 garbage-first heap   total 112640K, used 100480K [0x0000000080000000, 0x0000000100000000)
  region size 1024K, 43 young (44032K), 5 survivors (5120K)
 Metaspace       used 56232K, committed 57792K, reserved 1114112K
  class space    used 7965K, committed 8704K, reserved 1048576K
}
Event: 6.599 GC heap after
{Heap after GC invocations=15 (full 0):
 garbage-first heap   total 112640K, used 63683K [0x0000000080000000, 0x0000000100000000)
  region size 1024K, 3 young (3072K), 3 survivors (3072K)
 Metaspace       used 56232K, committed 57792K, reserved 1114112K
  class space    used 7965K, committed 8704K, reserved 1048576K
}
Event: 7.103 GC heap before
{Heap before GC invocations=15 (full 0):
 garbage-first heap   total 112640K, used 102595K [0x0000000080000000, 0x0000000100000000)
  region size 1024K, 39 young (39936K), 3 survivors (3072K)
 Metaspace       used 57385K, committed 59008K, reserved 1114112K
  class space    used 8133K, committed 8896K, reserved 1048576K
}
Event: 7.108 GC heap after
{Heap after GC invocations=16 (full 0):
 garbage-first heap   total 112640K, used 69994K [0x0000000080000000, 0x0000000100000000)
  region size 1024K, 5 young (5120K), 5 survivors (5120K)
 Metaspace       used 57385K, committed 59008K, reserved 1114112K
  class space    used 8133K, committed 8896K, reserved 1048576K
}
Event: 7.294 GC heap before
{Heap before GC invocations=16 (full 0):
 garbage-first heap   total 112640K, used 101738K [0x0000000080000000, 0x0000000100000000)
  region size 1024K, 36 young (36864K), 5 survivors (5120K)
 Metaspace       used 58685K, committed 60352K, reserved 1114112K
  class space    used 8306K, committed 9088K, reserved 1048576K
}
Event: 7.298 GC heap after
{Heap after GC invocations=17 (full 0):
 garbage-first heap   total 112640K, used 71438K [0x0000000080000000, 0x0000000100000000)
  region size 1024K, 2 young (2048K), 2 survivors (2048K)
 Metaspace       used 58685K, committed 60352K, reserved 1114112K
  class space    used 8306K, committed 9088K, reserved 1048576K
}
Event: 7.619 GC heap before
{Heap before GC invocations=18 (full 0):
 garbage-first heap   total 121856K, used 102158K [0x0000000080000000, 0x0000000100000000)
  region size 1024K, 32 young (32768K), 2 survivors (2048K)
 Metaspace       used 60882K, committed 62656K, reserved 1114112K
  class space    used 8676K, committed 9536K, reserved 1048576K
}
Event: 7.622 GC heap after
{Heap after GC invocations=19 (full 0):
 garbage-first heap   total 121856K, used 72213K [0x0000000080000000, 0x0000000100000000)
  region size 1024K, 2 young (2048K), 2 survivors (2048K)
 Metaspace       used 60882K, committed 62656K, reserved 1114112K
  class space    used 8676K, committed 9536K, reserved 1048576K
}
Event: 8.155 GC heap before
{Heap before GC invocations=19 (full 0):
 garbage-first heap   total 121856K, used 113173K [0x0000000080000000, 0x0000000100000000)
  region size 1024K, 42 young (43008K), 2 survivors (2048K)
 Metaspace       used 65811K, committed 67584K, reserved 1114112K
  class space    used 9370K, committed 10240K, reserved 1048576K
}
Event: 8.160 GC heap after
{Heap after GC invocations=20 (full 0):
 garbage-first heap   total 121856K, used 72894K [0x0000000080000000, 0x0000000100000000)
  region size 1024K, 4 young (4096K), 4 survivors (4096K)
 Metaspace       used 65811K, committed 67584K, reserved 1114112K
  class space    used 9370K, committed 10240K, reserved 1048576K
}
Event: 8.598 GC heap before
{Heap before GC invocations=20 (full 0):
 garbage-first heap   total 121856K, used 112830K [0x0000000080000000, 0x0000000100000000)
  region size 1024K, 43 young (44032K), 4 survivors (4096K)
 Metaspace       used 70687K, committed 72512K, reserved 1114112K
  class space    used 10124K, committed 11008K, reserved 1048576K
}
Event: 8.604 GC heap after
{Heap after GC invocations=21 (full 0):
 garbage-first heap   total 121856K, used 74968K [0x0000000080000000, 0x0000000100000000)
  region size 1024K, 5 young (5120K), 5 survivors (5120K)
 Metaspace       used 70687K, committed 72512K, reserved 1114112K
  class space    used 10124K, committed 11008K, reserved 1048576K
}
Event: 9.303 GC heap before
{Heap before GC invocations=22 (full 0):
 garbage-first heap   total 126976K, used 112856K [0x0000000080000000, 0x0000000100000000)
  region size 1024K, 43 young (44032K), 5 survivors (5120K)
 Metaspace       used 72994K, committed 74880K, reserved 1114112K
  class space    used 10472K, committed 11392K, reserved 1048576K
}

Dll operation events (3 events):
Event: 0.009 Loaded shared library C:\Program Files\Android\Android Studio\jbr\bin\java.dll
Event: 0.015 Loaded shared library C:\Program Files\Android\Android Studio\jbr\bin\zip.dll
Event: 0.864 Loaded shared library C:\Program Files\Android\Android Studio\jbr\bin\verify.dll

Deoptimization events (20 events):
Event: 8.975 Thread 0x000002d98626c420 DEOPT PACKING pc=0x000002d9f2957dec sp=0x000000de901f4a80
Event: 8.975 Thread 0x000002d98626c420 DEOPT UNPACKING pc=0x000002d9f21e43a2 sp=0x000000de901f4a48 mode 2
Event: 8.975 Thread 0x000002d98626c420 Uncommon trap: trap_request=0xffffffd6 fr.pc=0x000002d9f2957dec relative=0x000000000000038c
Event: 8.975 Thread 0x000002d98626c420 Uncommon trap: reason=array_check action=maybe_recompile pc=0x000002d9f2957dec method=com.google.common.collect.ImmutableMap$Builder.put(Ljava/lang/Object;Ljava/lang/Object;)Lcom/google/common/collect/ImmutableMap$Builder; @ 32 c2
Event: 8.975 Thread 0x000002d98626c420 DEOPT PACKING pc=0x000002d9f2957dec sp=0x000000de901f4a80
Event: 8.975 Thread 0x000002d98626c420 DEOPT UNPACKING pc=0x000002d9f21e43a2 sp=0x000000de901f4a48 mode 2
Event: 8.975 Thread 0x000002d98626c420 Uncommon trap: trap_request=0xffffffd6 fr.pc=0x000002d9f2957dec relative=0x000000000000038c
Event: 8.975 Thread 0x000002d98626c420 Uncommon trap: reason=array_check action=maybe_recompile pc=0x000002d9f2957dec method=com.google.common.collect.ImmutableMap$Builder.put(Ljava/lang/Object;Ljava/lang/Object;)Lcom/google/common/collect/ImmutableMap$Builder; @ 32 c2
Event: 8.975 Thread 0x000002d98626c420 DEOPT PACKING pc=0x000002d9f2957dec sp=0x000000de901f4a80
Event: 8.975 Thread 0x000002d98626c420 DEOPT UNPACKING pc=0x000002d9f21e43a2 sp=0x000000de901f4a48 mode 2
Event: 8.979 Thread 0x000002d98626c420 DEOPT PACKING pc=0x000002d9eb5fee81 sp=0x000000de901f4d50
Event: 8.979 Thread 0x000002d98626c420 DEOPT UNPACKING pc=0x000002d9f21e4b42 sp=0x000000de901f4260 mode 0
Event: 8.982 Thread 0x000002d98626c420 Uncommon trap: trap_request=0xffffffcc fr.pc=0x000002d9f293daf4 relative=0x0000000000002174
Event: 8.982 Thread 0x000002d98626c420 Uncommon trap: reason=intrinsic_or_type_checked_inlining action=make_not_entrant pc=0x000002d9f293daf4 method=java.util.ArrayList$SubList.toArray([Ljava/lang/Object;)[Ljava/lang/Object; @ 58 c2
Event: 8.982 Thread 0x000002d98626c420 DEOPT PACKING pc=0x000002d9f293daf4 sp=0x000000de901f5670
Event: 8.982 Thread 0x000002d98626c420 DEOPT UNPACKING pc=0x000002d9f21e43a2 sp=0x000000de901f55a8 mode 2
Event: 9.089 Thread 0x000002d98626c420 DEOPT PACKING pc=0x000002d9eb5feea2 sp=0x000000de901f4c90
Event: 9.089 Thread 0x000002d98626c420 DEOPT UNPACKING pc=0x000002d9f21e4b42 sp=0x000000de901f41a0 mode 0
Event: 9.268 Thread 0x000002d98a678250 DEOPT PACKING pc=0x000002d9eb5fee81 sp=0x000000de932fd7c0
Event: 9.268 Thread 0x000002d98a678250 DEOPT UNPACKING pc=0x000002d9f21e4b42 sp=0x000000de932fccd0 mode 0

Classes loaded (20 events):
Event: 8.578 Loading class java/util/IdentityHashMap$IdentityHashMapIterator done
Event: 8.578 Loading class java/util/IdentityHashMap$EntryIterator done
Event: 8.579 Loading class java/util/IdentityHashMap$EntryIterator$Entry
Event: 8.579 Loading class java/util/IdentityHashMap$EntryIterator$Entry done
Event: 8.634 Loading class java/lang/invoke/SerializedLambda$1
Event: 8.634 Loading class java/lang/invoke/SerializedLambda$1 done
Event: 8.661 Loading class org/xml/sax/SAXParseException
Event: 8.661 Loading class org/xml/sax/SAXParseException done
Event: 8.662 Loading class org/xml/sax/Attributes
Event: 8.662 Loading class org/xml/sax/Attributes done
Event: 8.662 Loading class org/xml/sax/Locator
Event: 8.662 Loading class org/xml/sax/Locator done
Event: 8.758 Loading class java/util/function/LongUnaryOperator
Event: 8.758 Loading class java/util/function/LongUnaryOperator done
Event: 8.774 Loading class java/util/TreeMap$KeySpliterator
Event: 8.774 Loading class java/util/TreeMap$TreeMapSpliterator
Event: 8.774 Loading class java/util/TreeMap$TreeMapSpliterator done
Event: 8.774 Loading class java/util/TreeMap$KeySpliterator done
Event: 9.224 Loading class java/util/LinkedList$LLSpliterator
Event: 9.224 Loading class java/util/LinkedList$LLSpliterator done

Classes unloaded (0 events):
No events

Classes redefined (0 events):
No events

Internal exceptions (20 events):
Event: 9.183 Thread 0x000002d98626c420 Exception <a 'sun/nio/fs/WindowsException'{0x0000000085844340}> (0x0000000085844340) 
thrown [s\src\hotspot\share\prims\jni.cpp, line 537]
Event: 9.185 Thread 0x000002d98626c420 Exception <a 'sun/nio/fs/WindowsException'{0x0000000085854430}> (0x0000000085854430) 
thrown [s\src\hotspot\share\prims\jni.cpp, line 537]
Event: 9.187 Thread 0x000002d98626c420 Exception <a 'sun/nio/fs/WindowsException'{0x0000000085864eb8}> (0x0000000085864eb8) 
thrown [s\src\hotspot\share\prims\jni.cpp, line 537]
Event: 9.188 Thread 0x000002d98626c420 Exception <a 'sun/nio/fs/WindowsException'{0x0000000085873bf0}> (0x0000000085873bf0) 
thrown [s\src\hotspot\share\prims\jni.cpp, line 537]
Event: 9.190 Thread 0x000002d98626c420 Exception <a 'sun/nio/fs/WindowsException'{0x0000000085882598}> (0x0000000085882598) 
thrown [s\src\hotspot\share\prims\jni.cpp, line 537]
Event: 9.193 Thread 0x000002d98626c420 Exception <a 'sun/nio/fs/WindowsException'{0x00000000858989e8}> (0x00000000858989e8) 
thrown [s\src\hotspot\share\prims\jni.cpp, line 537]
Event: 9.195 Thread 0x000002d98626c420 Exception <a 'sun/nio/fs/WindowsException'{0x00000000858aa828}> (0x00000000858aa828) 
thrown [s\src\hotspot\share\prims\jni.cpp, line 537]
Event: 9.196 Thread 0x000002d98626c420 Exception <a 'sun/nio/fs/WindowsException'{0x00000000858bde70}> (0x00000000858bde70) 
thrown [s\src\hotspot\share\prims\jni.cpp, line 537]
Event: 9.200 Thread 0x000002d98626c420 Exception <a 'sun/nio/fs/WindowsException'{0x00000000858d2fc0}> (0x00000000858d2fc0) 
thrown [s\src\hotspot\share\prims\jni.cpp, line 537]
Event: 9.202 Thread 0x000002d98626c420 Exception <a 'sun/nio/fs/WindowsException'{0x00000000858e3228}> (0x00000000858e3228) 
thrown [s\src\hotspot\share\prims\jni.cpp, line 537]
Event: 9.203 Thread 0x000002d98626c420 Exception <a 'sun/nio/fs/WindowsException'{0x00000000858f2f38}> (0x00000000858f2f38) 
thrown [s\src\hotspot\share\prims\jni.cpp, line 537]
Event: 9.205 Thread 0x000002d98626c420 Exception <a 'sun/nio/fs/WindowsException'{0x0000000085709b40}> (0x0000000085709b40) 
thrown [s\src\hotspot\share\prims\jni.cpp, line 537]
Event: 9.206 Thread 0x000002d98626c420 Exception <a 'sun/nio/fs/WindowsException'{0x0000000085716980}> (0x0000000085716980) 
thrown [s\src\hotspot\share\prims\jni.cpp, line 537]
Event: 9.209 Thread 0x000002d98626c420 Exception <a 'sun/nio/fs/WindowsException'{0x0000000085728188}> (0x0000000085728188) 
thrown [s\src\hotspot\share\prims\jni.cpp, line 537]
Event: 9.211 Thread 0x000002d98626c420 Exception <a 'sun/nio/fs/WindowsException'{0x000000008573aa38}> (0x000000008573aa38) 
thrown [s\src\hotspot\share\prims\jni.cpp, line 537]
Event: 9.213 Thread 0x000002d98626c420 Exception <a 'sun/nio/fs/WindowsException'{0x0000000085747968}> (0x0000000085747968) 
thrown [s\src\hotspot\share\prims\jni.cpp, line 537]
Event: 9.215 Thread 0x000002d98626c420 Exception <a 'sun/nio/fs/WindowsException'{0x0000000085759a10}> (0x0000000085759a10) 
thrown [s\src\hotspot\share\prims\jni.cpp, line 537]
Event: 9.218 Thread 0x000002d98626c420 Exception <a 'sun/nio/fs/WindowsException'{0x000000008576ecb8}> (0x000000008576ecb8) 
thrown [s\src\hotspot\share\prims\jni.cpp, line 537]
Event: 9.220 Thread 0x000002d98626c420 Exception <a 'sun/nio/fs/WindowsException'{0x000000008577ebf8}> (0x000000008577ebf8) 
thrown [s\src\hotspot\share\prims\jni.cpp, line 537]
Event: 9.225 Thread 0x000002d98626c420 Exception <a 'java/lang/IncompatibleClassChangeError'{0x00000000857bd450}: Found class java.lang.Object, but interface was expected> (0x00000000857bd450) 
thrown [s\src\hotspot\share\interpreter\linkResolver.cpp, line 851]

ZGC Phase Switch (0 events):
No events

VM Operations (20 events):
Event: 8.160 Executing safepoint VM operation: G1CollectForAllocation (G1 Evacuation Pause) done
Event: 8.322 Executing non-safepoint VM operation: HandshakeAllThreads (Deoptimize)
Event: 8.322 Executing non-safepoint VM operation: HandshakeAllThreads (Deoptimize) done
Event: 8.386 Executing safepoint VM operation: ICBufferFull
Event: 8.386 Executing safepoint VM operation: ICBufferFull done
Event: 8.520 Executing non-safepoint VM operation: HandshakeAllThreads (Deoptimize)
Event: 8.520 Executing non-safepoint VM operation: HandshakeAllThreads (Deoptimize) done
Event: 8.598 Executing safepoint VM operation: G1CollectForAllocation (G1 Evacuation Pause)
Event: 8.604 Executing safepoint VM operation: G1CollectForAllocation (G1 Evacuation Pause) done
Event: 8.636 Executing safepoint VM operation: G1PauseRemark
Event: 8.640 Executing safepoint VM operation: G1PauseRemark done
Event: 8.651 Executing safepoint VM operation: G1PauseCleanup
Event: 8.652 Executing safepoint VM operation: G1PauseCleanup done
Event: 8.927 Executing non-safepoint VM operation: HandshakeAllThreads (Deoptimize)
Event: 8.927 Executing non-safepoint VM operation: HandshakeAllThreads (Deoptimize) done
Event: 8.998 Executing safepoint VM operation: ICBufferFull
Event: 8.998 Executing safepoint VM operation: ICBufferFull done
Event: 9.182 Executing safepoint VM operation: ICBufferFull
Event: 9.183 Executing safepoint VM operation: ICBufferFull done
Event: 9.303 Executing safepoint VM operation: G1CollectForAllocation (G1 Evacuation Pause)

Memory protections (0 events):
No events

Nmethod flushes (20 events):
Event: 8.639 Thread 0x000002d9ff37c820 flushing  nmethod 0x000002d9ead92d90
Event: 8.639 Thread 0x000002d9ff37c820 flushing  nmethod 0x000002d9eae2a910
Event: 8.639 Thread 0x000002d9ff37c820 flushing  nmethod 0x000002d9eae81c10
Event: 8.639 Thread 0x000002d9ff37c820 flushing  nmethod 0x000002d9eae82610
Event: 8.639 Thread 0x000002d9ff37c820 flushing  nmethod 0x000002d9eae83710
Event: 8.639 Thread 0x000002d9ff37c820 flushing  nmethod 0x000002d9eae83e90
Event: 8.639 Thread 0x000002d9ff37c820 flushing  nmethod 0x000002d9eaedb710
Event: 8.639 Thread 0x000002d9ff37c820 flushing  nmethod 0x000002d9eafa1f10
Event: 8.639 Thread 0x000002d9ff37c820 flushing  nmethod 0x000002d9eaff6910
Event: 8.639 Thread 0x000002d9ff37c820 flushing  nmethod 0x000002d9eaff7110
Event: 8.639 Thread 0x000002d9ff37c820 flushing  nmethod 0x000002d9eb021910
Event: 8.639 Thread 0x000002d9ff37c820 flushing  nmethod 0x000002d9eb060d90
Event: 8.639 Thread 0x000002d9ff37c820 flushing  nmethod 0x000002d9eb0df890
Event: 8.639 Thread 0x000002d9ff37c820 flushing  nmethod 0x000002d9eb0e0810
Event: 8.639 Thread 0x000002d9ff37c820 flushing  nmethod 0x000002d9eb136e10
Event: 8.639 Thread 0x000002d9ff37c820 flushing  nmethod 0x000002d9eb13f910
Event: 8.639 Thread 0x000002d9ff37c820 flushing  nmethod 0x000002d9eb13fc90
Event: 8.639 Thread 0x000002d9ff37c820 flushing  nmethod 0x000002d9eb143990
Event: 8.639 Thread 0x000002d9ff37c820 flushing  nmethod 0x000002d9eb2fe990
Event: 8.639 Thread 0x000002d9ff37c820 flushing  nmethod 0x000002d9eb446090

Events (20 events):
Event: 6.849 Thread 0x000002d98626c420 Thread added: 0x000002d984f50800
Event: 6.850 Thread 0x000002d98626c420 Thread added: 0x000002d984f51520
Event: 6.851 Thread 0x000002d98626c420 Thread added: 0x000002d984f4fae0
Event: 6.852 Thread 0x000002d98626c420 Thread added: 0x000002d984f50e90
Event: 6.853 Thread 0x000002d98626c420 Thread added: 0x000002d984f50170
Event: 7.180 Thread 0x000002d987d73ab0 Thread exited: 0x000002d987d73ab0
Event: 7.180 Thread 0x000002d9849a69f0 Thread exited: 0x000002d9849a69f0
Event: 7.466 Thread 0x000002d9ff40a090 Thread added: 0x000002d987d733e0
Event: 7.647 Thread 0x000002d98626c420 Thread added: 0x000002d984f51bb0
Event: 7.656 Thread 0x000002d98626c420 Thread added: 0x000002d98a671fe0
Event: 7.669 Thread 0x000002d98626c420 Thread added: 0x000002d98a674dd0
Event: 8.570 Thread 0x000002d987d733e0 Thread exited: 0x000002d987d733e0
Event: 8.594 Thread 0x000002d9ff40a090 Thread added: 0x000002d98838daf0
Event: 9.240 Thread 0x000002d98626c420 Thread added: 0x000002d98a678f70
Event: 9.240 Thread 0x000002d98626c420 Thread added: 0x000002d98a677530
Event: 9.240 Thread 0x000002d98626c420 Thread added: 0x000002d98a676ea0
Event: 9.241 Thread 0x000002d98626c420 Thread added: 0x000002d98a677bc0
Event: 9.241 Thread 0x000002d98626c420 Thread added: 0x000002d98a679600
Event: 9.241 Thread 0x000002d98626c420 Thread added: 0x000002d98a678250
Event: 9.241 Thread 0x000002d98626c420 Thread added: 0x000002d98a6788e0


Dynamic libraries:
0x00007ff7e5910000 - 0x00007ff7e591a000 	C:\Program Files\Android\Android Studio\jbr\bin\java.exe
0x00007ffb7dea0000 - 0x00007ffb7e107000 	C:\WINDOWS\SYSTEM32\ntdll.dll
0x00007ffb7c2a0000 - 0x00007ffb7c369000 	C:\WINDOWS\System32\KERNEL32.DLL
0x00007ffb7b4d0000 - 0x00007ffb7b8c4000 	C:\WINDOWS\System32\KERNELBASE.dll
0x00007ffb7b2c0000 - 0x00007ffb7b40b000 	C:\WINDOWS\System32\ucrtbase.dll
0x00007ffb723e0000 - 0x00007ffb723fb000 	C:\Program Files\Android\Android Studio\jbr\bin\VCRUNTIME140.dll
0x00007ffb70f90000 - 0x00007ffb70fa8000 	C:\Program Files\Android\Android Studio\jbr\bin\jli.dll
0x00007ffb7bfd0000 - 0x00007ffb7c195000 	C:\WINDOWS\System32\USER32.dll
0x00007ffb7b410000 - 0x00007ffb7b437000 	C:\WINDOWS\System32\win32u.dll
0x00007ffb63840000 - 0x00007ffb63ad3000 	C:\WINDOWS\WinSxS\amd64_microsoft.windows.common-controls_6595b64144ccf1df_6.0.26100.8115_none_3e075c82e3354f9c\COMCTL32.dll
0x00007ffb7cea0000 - 0x00007ffb7cecb000 	C:\WINDOWS\System32\GDI32.dll
0x00007ffb7bc30000 - 0x00007ffb7bcd9000 	C:\WINDOWS\System32\msvcrt.dll
0x00007ffb7b980000 - 0x00007ffb7baab000 	C:\WINDOWS\System32\gdi32full.dll
0x00007ffb7a9a0000 - 0x00007ffb7aa43000 	C:\WINDOWS\System32\msvcp_win.dll
0x00007ffb7d1b0000 - 0x00007ffb7d1e2000 	C:\WINDOWS\System32\IMM32.DLL
0x00007ffb72850000 - 0x00007ffb7285c000 	C:\Program Files\Android\Android Studio\jbr\bin\vcruntime140_1.dll
0x00007ffb36a70000 - 0x00007ffb36afd000 	C:\Program Files\Android\Android Studio\jbr\bin\msvcp140.dll
0x00007ffabba90000 - 0x00007ffabc726000 	C:\Program Files\Android\Android Studio\jbr\bin\server\jvm.dll
0x00007ffb7ced0000 - 0x00007ffb7cf86000 	C:\WINDOWS\System32\ADVAPI32.dll
0x00007ffb7d100000 - 0x00007ffb7d1a7000 	C:\WINDOWS\System32\sechost.dll
0x00007ffb7d980000 - 0x00007ffb7da98000 	C:\WINDOWS\System32\RPCRT4.dll
0x00007ffb7c550000 - 0x00007ffb7c5d0000 	C:\WINDOWS\System32\WS2_32.dll
0x00007ffb7a5d0000 - 0x00007ffb7a62e000 	C:\WINDOWS\SYSTEM32\POWRPROF.dll
0x00007ffb64150000 - 0x00007ffb64186000 	C:\WINDOWS\SYSTEM32\WINMM.dll
0x00007ffb6a6c0000 - 0x00007ffb6a6cb000 	C:\WINDOWS\SYSTEM32\VERSION.dll
0x00007ffb7a5b0000 - 0x00007ffb7a5c4000 	C:\WINDOWS\SYSTEM32\UMPDC.dll
0x00007ffb794c0000 - 0x00007ffb794db000 	C:\WINDOWS\SYSTEM32\kernel.appcore.dll
0x00007ffb727d0000 - 0x00007ffb727da000 	C:\Program Files\Android\Android Studio\jbr\bin\jimage.dll
0x00007ffb78860000 - 0x00007ffb78aa2000 	C:\WINDOWS\SYSTEM32\DBGHELP.DLL
0x00007ffb7dad0000 - 0x00007ffb7de52000 	C:\WINDOWS\System32\combase.dll
0x00007ffb7cdb0000 - 0x00007ffb7ce88000 	C:\WINDOWS\System32\OLEAUT32.dll
0x00007ffb4fbd0000 - 0x00007ffb4fc0b000 	C:\WINDOWS\SYSTEM32\dbgcore.DLL
0x00007ffb7b8d0000 - 0x00007ffb7b975000 	C:\WINDOWS\System32\bcryptPrimitives.dll
0x00007ffb70fd0000 - 0x00007ffb70fde000 	C:\Program Files\Android\Android Studio\jbr\bin\instrument.dll
0x00007ffb72340000 - 0x00007ffb72360000 	C:\Program Files\Android\Android Studio\jbr\bin\java.dll
0x00007ffaf8f40000 - 0x00007ffaf8f58000 	C:\Program Files\Android\Android Studio\jbr\bin\zip.dll
0x00007ffb7c5e0000 - 0x00007ffb7cd47000 	C:\WINDOWS\System32\SHELL32.dll
0x00007ffb7a830000 - 0x00007ffb7a99a000 	C:\WINDOWS\System32\wintypes.dll
0x00007ffb7aa50000 - 0x00007ffb7b2b8000 	C:\WINDOWS\System32\windows.storage.dll
0x00007ffb7bd60000 - 0x00007ffb7be58000 	C:\WINDOWS\System32\SHCORE.dll
0x00007ffb7c1b0000 - 0x00007ffb7c216000 	C:\WINDOWS\System32\shlwapi.dll
0x00007ffb7a690000 - 0x00007ffb7a6b9000 	C:\WINDOWS\SYSTEM32\profapi.dll
0x00007ffb1cc50000 - 0x00007ffb1cc60000 	C:\Program Files\Android\Android Studio\jbr\bin\net.dll
0x00007ffb6b100000 - 0x00007ffb6b22d000 	C:\WINDOWS\SYSTEM32\WINHTTP.dll
0x00007ffb79a10000 - 0x00007ffb79a7c000 	C:\WINDOWS\system32\mswsock.dll
0x00007ffaf4fa0000 - 0x00007ffaf4fb6000 	C:\Program Files\Android\Android Studio\jbr\bin\nio.dll
0x00007ffb727c0000 - 0x00007ffb727d0000 	C:\Program Files\Android\Android Studio\jbr\bin\verify.dll
0x00007ffb6ab70000 - 0x00007ffb6ab97000 	C:\Users\201407\.gradle\native\660c5614fbf4a5f2a75b1949f50a0caf5cd603558e7d8a26e50b933a0cfb79d1\windows-amd64\native-platform.dll
0x00007ffb4cef0000 - 0x00007ffb4cf67000 	C:\Users\201407\.gradle\native\0.2.8\x86_64-windows-gnu\gradle-fileevents.dll
0x00007ffb1b2f0000 - 0x00007ffb1b2f9000 	C:\Program Files\Android\Android Studio\jbr\bin\management.dll
0x00007ffb1b270000 - 0x00007ffb1b27b000 	C:\Program Files\Android\Android Studio\jbr\bin\management_ext.dll
0x00007ffb7c1a0000 - 0x00007ffb7c1a8000 	C:\WINDOWS\System32\PSAPI.DLL
0x00007ffb78ea0000 - 0x00007ffb78ed2000 	C:\WINDOWS\SYSTEM32\IPHLPAPI.DLL
0x00007ffb7be60000 - 0x00007ffb7be6a000 	C:\WINDOWS\System32\NSI.dll
0x00007ffb1c730000 - 0x00007ffb1c739000 	C:\Program Files\Android\Android Studio\jbr\bin\extnet.dll
0x00007ffb79e10000 - 0x00007ffb79e2b000 	C:\WINDOWS\SYSTEM32\CRYPTSP.dll
0x00007ffb79420000 - 0x00007ffb79459000 	C:\WINDOWS\system32\rsaenh.dll
0x00007ffb79ac0000 - 0x00007ffb79af3000 	C:\WINDOWS\SYSTEM32\USERENV.dll
0x00007ffb7a660000 - 0x00007ffb7a68a000 	C:\WINDOWS\SYSTEM32\bcrypt.dll
0x00007ffb79c70000 - 0x00007ffb79c7c000 	C:\WINDOWS\SYSTEM32\CRYPTBASE.dll
0x00007ffb4a250000 - 0x00007ffb4a258000 	C:\WINDOWS\system32\wshunix.dll

JVMTI agents:
C:\Users\201407\.gradle\wrapper\dists\gradle-9.3.1-bin\23ovyewtku6u96viwx3xl3oks\gradle-9.3.1\lib\agents\gradle-instrumentation-agent-9.3.1.jar path:C:\Program Files\Android\Android Studio\jbr\bin\instrument.dll, loaded, initialized, instrumentlib options:none

dbghelp: loaded successfully - version: 4.0.5 - missing functions: none
symbol engine: initialized successfully - sym options: 0x614 - pdb path: .;C:\Program Files\Android\Android Studio\jbr\bin;C:\WINDOWS\SYSTEM32;C:\WINDOWS\WinSxS\amd64_microsoft.windows.common-controls_6595b64144ccf1df_6.0.26100.8115_none_3e075c82e3354f9c;C:\Program Files\Android\Android Studio\jbr\bin\server;C:\Users\201407\.gradle\native\660c5614fbf4a5f2a75b1949f50a0caf5cd603558e7d8a26e50b933a0cfb79d1\windows-amd64;C:\Users\201407\.gradle\native\0.2.8\x86_64-windows-gnu

VM Arguments:
jvm_args: --add-opens=java.base/java.lang=ALL-UNNAMED --add-opens=java.base/java.lang.invoke=ALL-UNNAMED --add-opens=java.base/java.util=ALL-UNNAMED --add-opens=java.prefs/java.util.prefs=ALL-UNNAMED --add-exports=jdk.compiler/com.sun.tools.javac.api=ALL-UNNAMED --add-exports=jdk.compiler/com.sun.tools.javac.util=ALL-UNNAMED --add-opens=java.base/java.util=ALL-UNNAMED --add-opens=java.prefs/java.util.prefs=ALL-UNNAMED --add-opens=java.base/java.nio.charset=ALL-UNNAMED --add-opens=java.base/java.net=ALL-UNNAMED --add-opens=java.base/java.util.concurrent=ALL-UNNAMED --add-opens=java.base/java.util.concurrent.atomic=ALL-UNNAMED --add-opens=java.xml/javax.xml.namespace=ALL-UNNAMED --add-opens=java.base/java.time=ALL-UNNAMED -Xmx2048m -Dfile.encoding=UTF-8 -Duser.country=US -Duser.language=en -Duser.variant -javaagent:C:\Users\201407\.gradle\wrapper\dists\gradle-9.3.1-bin\23ovyewtku6u96viwx3xl3oks\gradle-9.3.1\lib\agents\gradle-instrumentation-agent-9.3.1.jar 
java_command: org.gradle.launcher.daemon.bootstrap.GradleDaemon 9.3.1
java_class_path (initial): C:\Users\201407\.gradle\wrapper\dists\gradle-9.3.1-bin\23ovyewtku6u96viwx3xl3oks\gradle-9.3.1\lib\gradle-daemon-main-9.3.1.jar
Launcher Type: SUN_STANDARD

[Global flags]
     intx CICompilerCount                          = 4                                         {product} {ergonomic}
     uint ConcGCThreads                            = 2                                         {product} {ergonomic}
     uint G1ConcRefinementThreads                  = 8                                         {product} {ergonomic}
   size_t G1HeapRegionSize                         = 1048576                                   {product} {ergonomic}
    uintx GCDrainStackTargetSize                   = 64                                        {product} {ergonomic}
   size_t InitialHeapSize                          = 132120576                                 {product} {ergonomic}
   size_t MarkStackSize                            = 4194304                                   {product} {ergonomic}
   size_t MaxHeapSize                              = 2147483648                                {product} {command line}
   size_t MaxNewSize                               = 1287651328                                {product} {ergonomic}
   size_t MinHeapDeltaBytes                        = 1048576                                   {product} {ergonomic}
   size_t MinHeapSize                              = 8388608                                   {product} {ergonomic}
    uintx NonNMethodCodeHeapSize                   = 5839372                                {pd product} {ergonomic}
    uintx NonProfiledCodeHeapSize                  = 122909434                              {pd product} {ergonomic}
    uintx ProfiledCodeHeapSize                     = 122909434                              {pd product} {ergonomic}
    uintx ReservedCodeCacheSize                    = 251658240                              {pd product} {ergonomic}
     bool SegmentedCodeCache                       = true                                      {product} {ergonomic}
   size_t SoftMaxHeapSize                          = 2147483648                             {manageable} {ergonomic}
     bool UseCompressedOops                        = true                           {product lp64_product} {ergonomic}
     bool UseG1GC                                  = true                                      {product} {ergonomic}
     bool UseLargePagesIndividualAllocation        = false                                  {pd product} {ergonomic}

Logging:
Log output configuration:
 #0: stdout all=warning uptime,level,tags foldmultilines=false
 #1: stderr all=off uptime,level,tags foldmultilines=false

Release file:
JAVA_VERSION="21.0.10" 
MODULES="java.base java.compiler java.datatransfer java.xml java.prefs java.desktop java.instrument java.logging java.management java.security.sasl java.naming java.rmi java.management.rmi java.net.http java.scripting java.security.jgss java.transaction.xa java.sql java.sql.rowset java.xml.crypto java.se java.smartcardio jdk.accessibility jdk.internal.jvmstat jdk.attach jdk.charsets jdk.internal.opt jdk.zipfs jdk.compiler jdk.crypto.ec jdk.crypto.cryptoki jdk.dynalink jdk.hotspot.agent jdk.httpserver jdk.internal.ed jdk.internal.le jdk.internal.vm.ci jdk.jartool jdk.javadoc jdk.jcmd jdk.jdeps jdk.jdwp.agent jdk.jdi jdk.jfr jdk.jlink jdk.jsobject jdk.localedata jdk.management jdk.management.agent jdk.management.jfr jdk.naming.dns jdk.naming.rmi jdk.net jdk.sctp jdk.security.auth jdk.security.jgss jdk.unsupported jdk.unsupported.desktop jdk.xml.dom" 
IMPLEMENTOR="JetBrains s.r.o." 
JAVA_RUNTIME_VERSION="21.0.10+-14961533-b1163.108" 
LIBC="default" 
OS_ARCH="x86_64" 
OS_NAME="Windows" 
SOURCE=".:git:1351622c2ff2" 

Environment Variables:
PATH=C:\WINDOWS\system32;C:\WINDOWS;C:\WINDOWS\System32\Wbem;C:\WINDOWS\System32\WindowsPowerShell\v1.0\;C:\WINDOWS\System32\OpenSSH\;C:\Users\201407\AppData\Local\Microsoft\WindowsApps;C:\Users\201407\AppData\Local\Programs\Git\cmd
USERNAME=201407
OS=Windows_NT
PROCESSOR_IDENTIFIER=Intel64 Family 6 Model 142 Stepping 10, GenuineIntel
TMP=C:\Users\201407\AppData\Local\Temp
TEMP=C:\Users\201407\AppData\Local\Temp




Periodic native trim disabled

JNI global refs:
JNI global refs: 27, weak refs: 0

JNI global refs memory usage: 835, weak refs: 833

Process memory usage:
Resident Set Size: 356788K (4% of 8228052K total physical memory with 1177560K free physical memory)

OOME stack traces (most recent first):
Classloader memory used:
Loader org.gradle.internal.classloader.VisitableURLClassLoader                         : 36793K
Loader bootstrap                                                                       : 22543K
Loader org.gradle.initialization.MixInLegacyTypesClassLoader                           : 11031K
Loader org.gradle.internal.classloader.VisitableURLClassLoader                         : 1145K
Loader org.gradle.internal.classloader.VisitableURLClassLoader$InstrumentingVisitableURLClassLoader: 738K
Loader jdk.internal.reflect.DelegatingClassLoader                                      : 291K
Loader jdk.internal.loader.ClassLoaders$AppClassLoader                                 : 229K
Loader jdk.internal.loader.ClassLoaders$PlatformClassLoader                            : 130K
Loader org.gradle.groovy.scripts.internal.DefaultScriptCompilationHandler$ScriptClassLoader: 92360B

Classes loaded by more than one classloader:
Class org.gradle.internal.IoActions                                                   : loaded 3 times (x 71B)
Class org.gradle.api.Action                                                           : loaded 3 times (x 70B)
Class org.gradle.internal.Cast                                                        : loaded 3 times (x 71B)
Class org.gradle.api.GradleException                                                  : loaded 3 times (x 82B)
Class Program                                                                         : loaded 3 times (x 72B)
Class org.gradle.internal.operations.MultipleBuildOperationFailures                   : loaded 2 times (x 95B)
Class org.gradle.internal.classloader.DefaultClassLoaderFactory                       : loaded 2 times (x 82B)
Class kotlin.collections.AbstractList$Companion                                       : loaded 2 times (x 71B)
Class org.gradle.internal.classloader.ClassLoaderVisitor                              : loaded 2 times (x 76B)
Class org.gradle.api.internal.classpath.EffectiveClassPath                            : loaded 2 times (x 90B)
Class org.gradle.tooling.internal.gradle.DefaultProjectIdentifier                     : loaded 2 times (x 86B)
Class org.gradle.api.internal.DefaultClassPathProvider                                : loaded 2 times (x 76B)
Class [Lorg.gradle.api.internal.ClassPathProvider;                                    : loaded 2 times (x 69B)
Class org.gradle.api.internal.ClassPathProvider                                       : loaded 2 times (x 70B)
Class org.gradle.internal.service.UnknownServiceException                             : loaded 2 times (x 83B)
Class org.gradle.internal.classpath.TransformedClassPath                              : loaded 2 times (x 96B)
Class org.gradle.internal.classloader.InstrumentingClassLoader                        : loaded 2 times (x 70B)
Class com.google.common.collect.Iterators$ArrayItr                                    : loaded 2 times (x 97B)
Class kotlin.enums.EnumEntriesList                                                    : loaded 2 times (x 223B)
Class com.google.common.collect.UnmodifiableIterator                                  : loaded 2 times (x 80B)
Class org.gradle.internal.service.ServiceLocator                                      : loaded 2 times (x 70B)
Class com.intellij.gradle.toolingExtension.util.GradleVersionUtil                     : loaded 2 times (x 71B)
Class com.google.common.collect.Iterators$SingletonIterator                           : loaded 2 times (x 81B)
Class org.gradle.tooling.model.UnsupportedMethodException                             : loaded 2 times (x 82B)
Class com.google.common.collect.Iterators                                             : loaded 2 times (x 71B)
Class com.google.common.collect.Lists$StringAsImmutableList                           : loaded 2 times (x 207B)
Class org.gradle.internal.time.DefaultTimer                                           : loaded 2 times (x 80B)
Class org.gradle.internal.classloader.ClasspathUtil$1                                 : loaded 2 times (x 76B)
Class org.gradle.api.internal.classpath.DefaultModuleRegistry$DefaultModule           : loaded 2 times (x 86B)
Class com.google.common.collect.AbstractIterator                                      : loaded 2 times (x 82B)
Class com.google.common.collect.AbstractIndexedListIterator                           : loaded 2 times (x 96B)
Class ijInit1_4ekozaobyte4eozk6etdpdk1x                                               : loaded 2 times (x 171B)
Class org.gradle.internal.time.DefaultCountdownTimer                                  : loaded 2 times (x 88B)
Class org.gradle.tooling.internal.gradle.DefaultBuildIdentifier                       : loaded 2 times (x 79B)
Class org.gradle.api.internal.classpath.Module                                        : loaded 2 times (x 70B)
Class org.gradle.api.internal.classpath.UnknownModuleException                        : loaded 2 times (x 82B)
Class org.gradle.tooling.internal.gradle.GradleProjectIdentity                        : loaded 2 times (x 70B)
Class org.gradle.api.internal.DefaultClassPathRegistry                                : loaded 2 times (x 76B)
Class org.gradle.api.internal.ClassPathRegistry                                       : loaded 2 times (x 70B)
Class org.gradle.internal.classpath.DefaultClassPath$ImmutableUniqueList              : loaded 2 times (x 199B)
Class com.google.common.collect.UnmodifiableListIterator                              : loaded 2 times (x 95B)
Class Settings_gradle$1                                                               : loaded 2 times (x 74B)
Class org.gradle.api.internal.classpath.ManifestUtil                                  : loaded 2 times (x 71B)
Class com.google.common.collect.Iterators$1                                           : loaded 2 times (x 81B)
Class org.gradle.tooling.model.Model                                                  : loaded 2 times (x 70B)
Class kotlin.UninitializedPropertyAccessException                                     : loaded 2 times (x 82B)
Class com.google.common.collect.Iterators$4                                           : loaded 2 times (x 82B)
Class org.gradle.api.internal.classpath.ModuleRegistry                                : loaded 2 times (x 70B)
Class org.gradle.internal.installation.GradleInstallation$1                           : loaded 2 times (x 75B)
Class com.google.common.collect.Iterators$5                                           : loaded 2 times (x 82B)
Class com.google.common.collect.ImmutableCollection                                   : loaded 2 times (x 125B)
Class org.gradle.api.internal.classpath.DefaultModuleRegistry                         : loaded 2 times (x 86B)
Class com.google.common.collect.Lists                                                 : loaded 2 times (x 71B)
Class com.google.common.collect.Iterators$9                                           : loaded 2 times (x 81B)
Class org.gradle.internal.time.MonotonicClock                                         : loaded 2 times (x 77B)
Class org.gradle.internal.service.ServiceLookupException                              : loaded 2 times (x 82B)
Class org.gradle.internal.classloader.ClassLoaderFactory                              : loaded 2 times (x 70B)
Class org.gradle.internal.service.CachingServiceLocator                               : loaded 2 times (x 82B)
Class org.gradle.internal.time.TimeSource                                             : loaded 2 times (x 70B)
Class org.gradle.tooling.internal.gradle.GradleBuildIdentity                          : loaded 2 times (x 70B)
Class kotlin.enums.EnumEntries                                                        : loaded 2 times (x 70B)
Class org.gradle.internal.exceptions.ResolutionProvider                               : loaded 2 times (x 70B)
Class org.gradle.tooling.model.ProjectIdentifier                                      : loaded 2 times (x 70B)
Class org.gradle.internal.classloader.ClasspathUtil                                   : loaded 2 times (x 71B)
Class org.gradle.internal.time.TimeSource$1                                           : loaded 2 times (x 77B)
Class kotlin.jvm.internal.DefaultConstructorMarker                                    : loaded 2 times (x 71B)
Class org.gradle.api.specs.Spec                                                       : loaded 2 times (x 70B)
Class com.intellij.gradle.toolingExtension.impl.model.utilDummyModel.DummyModel       : loaded 2 times (x 70B)
Class org.gradle.internal.time.Clock                                                  : loaded 2 times (x 70B)
Class kotlin.collections.AbstractList                                                 : loaded 2 times (x 197B)
Class kotlin.collections.AbstractCollection                                           : loaded 2 times (x 117B)
Class sync_studio_tooling1_358s477se0h3feqyj3m27o6ht                                  : loaded 2 times (x 171B)
Class org.gradle.internal.classloader.VisitableURLClassLoader$InstrumentingVisitableURLClassLoader: loaded 2 times (x 123B)
Class org.gradle.internal.classloader.VisitableURLClassLoader$Spec                    : loaded 2 times (x 74B)
Class org.gradle.internal.classpath.DefaultClassPath                                  : loaded 2 times (x 90B)
Class org.gradle.util.internal.DefaultGradleVersion                                   : loaded 2 times (x 82B)
Class org.gradle.internal.classloader.ClassLoaderSpec                                 : loaded 2 times (x 71B)
Class Settings_gradle$1$1                                                             : loaded 2 times (x 74B)
Class org.gradle.internal.classloader.VisitableURLClassLoader                         : loaded 2 times (x 117B)
Class Settings_gradle                                                                 : loaded 2 times (x 124B)
Class org.gradle.internal.classloader.ClassLoaderHierarchy                            : loaded 2 times (x 70B)
Class org.gradle.internal.classloader.FilteringClassLoader                            : loaded 2 times (x 105B)
Class org.gradle.internal.classpath.DefaultClassPath$ImmutableUniqueList$Builder      : loaded 2 times (x 75B)
Class org.gradle.internal.classpath.ClassPath                                         : loaded 2 times (x 70B)
Class org.gradle.internal.exceptions.NonGradleCauseExceptionsHolder                   : loaded 2 times (x 70B)
Class kotlin.NotImplementedError                                                      : loaded 2 times (x 82B)
Class kotlin.enums.EnumEntriesKt                                                      : loaded 2 times (x 71B)
Class org.gradle.internal.classloader.SystemClassLoaderSpec                           : loaded 2 times (x 71B)
Class org.gradle.internal.exceptions.MultiCauseException                              : loaded 2 times (x 70B)
Class org.gradle.internal.time.CountdownTimer                                         : loaded 2 times (x 70B)
Class kotlin.jvm.internal.Intrinsics                                                  : loaded 2 times (x 71B)
Class org.gradle.tooling.model.ProjectModel                                           : loaded 2 times (x 70B)
Class kotlin.KotlinNullPointerException                                               : loaded 2 times (x 83B)
Class org.gradle.internal.exceptions.DefaultMultiCauseException                       : loaded 2 times (x 95B)
Class com.google.common.base.Preconditions                                            : loaded 2 times (x 71B)
Class com.google.common.collect.PeekingIterator                                       : loaded 2 times (x 70B)
Class org.gradle.internal.time.Time                                                   : loaded 2 times (x 71B)
Class org.gradle.api.internal.classpath.GlobalCacheRootsProvider                      : loaded 2 times (x 70B)
Class sync_studio_tooling1_358s477se0h3feqyj3m27o6ht$_run_closure1                    : loaded 2 times (x 139B)
Class org.gradle.tooling.model.BuildIdentifier                                        : loaded 2 times (x 70B)
Class kotlin.NoWhenBranchMatchedException                                             : loaded 2 times (x 82B)
Class org.gradle.internal.time.Timer                                                  : loaded 2 times (x 70B)
Class kotlin.jvm.internal.markers.KMappedMarker                                       : loaded 2 times (x 70B)
Class org.gradle.internal.installation.CurrentGradleInstallationLocator               : loaded 2 times (x 71B)
Class com.google.common.collect.ImmutableList                                         : loaded 2 times (x 206B)
Class org.gradle.internal.service.DefaultServiceLocator                               : loaded 2 times (x 83B)
Class org.gradle.util.GradleVersion                                                   : loaded 2 times (x 81B)
Class org.gradle.internal.installation.CurrentGradleInstallation                      : loaded 2 times (x 73B)
Class org.gradle.util.internal.GUtil                                                  : loaded 2 times (x 71B)
Class com.google.common.collect.Iterators$MergingIterator                             : loaded 2 times (x 81B)
Class ijInit1_4ekozaobyte4eozk6etdpdk1x$_run_closure1                                 : loaded 2 times (x 140B)
Class org.gradle.internal.installation.GradleInstallation                             : loaded 2 times (x 75B)

---------------  S Y S T E M  ---------------

OS:
 Windows 11 , 64 bit Build 26100 (10.0.26100.8246)
OS uptime: 7 days 23:17 hours
Hyper-V role detected

CPU: total 8 (initial active 8) (4 cores per cpu, 2 threads per core) family 6 model 142 stepping 10 microcode 0xf6, cx8, cmov, fxsr, ht, mmx, 3dnowpref, sse, sse2, sse3, ssse3, sse4.1, sse4.2, popcnt, lzcnt, tsc, tscinvbit, avx, avx2, aes, erms, clmul, bmi1, bmi2, adx, fma, vzeroupper, clflush, clflushopt, hv, rdtscp, f16c
Processor Information for the first 8 processors :
  Max Mhz: 1800, Current Mhz: 1600, Mhz Limit: 1584

Memory: 4k page, system-wide physical 8035M (1149M free)
TotalPageFile size 12566M (AvailPageFile size 25M)
current process WorkingSet (physical memory assigned to process): 348M, peak: 348M
current process commit charge ("private bytes"): 390M, peak: 411M

vm_info: OpenJDK 64-Bit Server VM (21.0.10+-14961533-b1163.108) for windows-amd64 JRE (21.0.10+-14961533-b1163.108), built on 2026-03-02T19:58:50Z by "builder" with MS VC++ 16.10 / 16.11 (VS2019)

END.
