#
# There is insufficient memory for the Java Runtime Environment to continue.
# Native memory allocation (malloc) failed to allocate 1818096 bytes. Error detail: Chunk::new
# Possible reasons:
#   The system is out of physical RAM or swap space
#   This process is running with CompressedOops enabled, and the Java Heap may be blocking the growth of the native heap
# Possible solutions:
#   Reduce memory load on the system
#   Increase physical memory or swap space
#   Check if swap backing store is full
#   Decrease Java heap size (-Xmx/-Xms)
#   Decrease number of Java threads
#   Decrease Java thread stack sizes (-Xss)
#   Set larger code cache with -XX:ReservedCodeCacheSize=
#   JVM is running with Unscaled Compressed Oops mode in which the Java heap is
#     placed in the first 4GB address space. The Java Heap base address is the
#     maximum limit for the native heap growth. Please use -XX:HeapBaseMinAddress
#     to set the Java Heap base and to place the Java Heap above 4GB virtual address.
# This output file may be truncated or incomplete.
#
#  Out of Memory Error (arena.cpp:168), pid=34916, tid=5344
#
# JRE version: OpenJDK Runtime Environment (21.0.10) (build 21.0.10+-14961533-b1163.108)
# Java VM: OpenJDK 64-Bit Server VM (21.0.10+-14961533-b1163.108, mixed mode, tiered, compressed oops, compressed class ptrs, g1 gc, windows-amd64)
# No core dump will be written. Minidumps are not enabled by default on client versions of Windows
#

---------------  S U M M A R Y ------------

Command Line: --add-opens=java.base/java.lang=ALL-UNNAMED --add-opens=java.base/java.lang.invoke=ALL-UNNAMED --add-opens=java.base/java.util=ALL-UNNAMED --add-opens=java.prefs/java.util.prefs=ALL-UNNAMED --add-exports=jdk.compiler/com.sun.tools.javac.api=ALL-UNNAMED --add-exports=jdk.compiler/com.sun.tools.javac.util=ALL-UNNAMED --add-opens=java.base/java.util=ALL-UNNAMED --add-opens=java.prefs/java.util.prefs=ALL-UNNAMED --add-opens=java.base/java.nio.charset=ALL-UNNAMED --add-opens=java.base/java.net=ALL-UNNAMED --add-opens=java.base/java.util.concurrent=ALL-UNNAMED --add-opens=java.base/java.util.concurrent.atomic=ALL-UNNAMED --add-opens=java.xml/javax.xml.namespace=ALL-UNNAMED --add-opens=java.base/java.time=ALL-UNNAMED -Xmx2048m -Dfile.encoding=UTF-8 -Duser.country=US -Duser.language=en -Duser.variant -javaagent:C:\Users\201407\.gradle\wrapper\dists\gradle-9.3.1-bin\23ovyewtku6u96viwx3xl3oks\gradle-9.3.1\lib\agents\gradle-instrumentation-agent-9.3.1.jar org.gradle.launcher.daemon.bootstrap.GradleDaemon 9.3.1

Host: Intel(R) Core(TM) i5-8250U CPU @ 1.60GHz, 8 cores, 7G,  Windows 11 , 64 bit Build 26100 (10.0.26100.8246)
Time: Thu May  7 15:11:34 2026 E. Africa Standard Time elapsed time: 9.510644 seconds (0d 0h 0m 9s)

---------------  T H R E A D  ---------------

Current thread (0x0000025ad20896b0):  JavaThread "C2 CompilerThread0" daemon [_thread_in_native, id=5344, stack(0x0000006426600000,0x0000006426700000) (1024K)]


Current CompileTask:
C2:9510 6208       4       java.net.URLClassLoader$1::run (5 bytes)

Stack: [0x0000006426600000,0x0000006426700000]
Native frames: (J=compiled Java code, j=interpreted, Vv=VM code, C=native code)
V  [jvm.dll+0x6d78a9]
V  [jvm.dll+0x8665b3]
V  [jvm.dll+0x868bde]
V  [jvm.dll+0x8692c3]
V  [jvm.dll+0x280ee6]
V  [jvm.dll+0xc07cd]
V  [jvm.dll+0xc0d03]
V  [jvm.dll+0x3ba0cb]
V  [jvm.dll+0x385df7]
V  [jvm.dll+0x38526a]
V  [jvm.dll+0x249bd2]
V  [jvm.dll+0x2491a1]
V  [jvm.dll+0x1c76e4]
V  [jvm.dll+0x25891e]
V  [jvm.dll+0x256e66]
V  [jvm.dll+0x3f513e]
V  [jvm.dll+0x80fd28]
V  [jvm.dll+0x6d60fd]
C  [ucrtbase.dll+0x37b0]
C  [KERNEL32.DLL+0x2e8d7]
C  [ntdll.dll+0x8c3fc]


---------------  P R O C E S S  ---------------

Threads class SMR info:
_java_thread_list=0x0000025ad7143170, length=63, elements={
0x0000025ab4293e90, 0x0000025ad2032ff0, 0x0000025ad206f7c0, 0x0000025ad20709c0,
0x0000025ad2086a40, 0x0000025ad20874a0, 0x0000025ad2087f00, 0x0000025ad2088570,
0x0000025ad20896b0, 0x0000025ad2090cc0, 0x0000025ad24190b0, 0x0000025ad4728b30,
0x0000025ad35d5df0, 0x0000025ad4be7980, 0x0000025ad4d30a10, 0x0000025ad4c3fc00,
0x0000025ad4b47760, 0x0000025ad3410f60, 0x0000025ad340f520, 0x0000025ad34115f0,
0x0000025ad3411c80, 0x0000025ad340fbb0, 0x0000025ad340ee90, 0x0000025ad4096680,
0x0000025ad3410240, 0x0000025ad4095fb0, 0x0000025ad6572c00, 0x0000025ad6571850,
0x0000025ad6572570, 0x0000025ad6573290, 0x0000025ad656fe10, 0x0000025ad6573920,
0x0000025ad65704a0, 0x0000025ad6571ee0, 0x0000025ad6570b30, 0x0000025ad6574cd0,
0x0000025ad6574640, 0x0000025ad6576080, 0x0000025ad65759f0, 0x0000025ad6576710,
0x0000025ad6573fb0, 0x0000025ad6576da0, 0x0000025ad6577430, 0x0000025ad70d15d0,
0x0000025ad70cf500, 0x0000025ad70cee70, 0x0000025ad70cfb90, 0x0000025ad70d0f40,
0x0000025ad70d0220, 0x0000025ad70ce150, 0x0000025ad70d08b0, 0x0000025ad70d1c60,
0x0000025ad70ce7e0, 0x0000025ad70d4a50, 0x0000025ad70d43c0, 0x0000025ad70d50e0,
0x0000025ad70d22f0, 0x0000025ad70d5770, 0x0000025ad70d36a0, 0x0000025ad70d2980,
0x0000025ad70d3d30, 0x0000025ad840d100, 0x0000025ad840d790
}

Java Threads: ( => current thread )
  0x0000025ab4293e90 JavaThread "main"                              [_thread_blocked, id=8612, stack(0x0000006425700000,0x0000006425800000) (1024K)]
  0x0000025ad2032ff0 JavaThread "Common-Cleaner"             daemon [_thread_blocked, id=15528, stack(0x0000006425f00000,0x0000006426000000) (1024K)]
  0x0000025ad206f7c0 JavaThread "Reference Handler"          daemon [_thread_blocked, id=1428, stack(0x0000006426000000,0x0000006426100000) (1024K)]
  0x0000025ad20709c0 JavaThread "Finalizer"                  daemon [_thread_blocked, id=7216, stack(0x0000006426100000,0x0000006426200000) (1024K)]
  0x0000025ad2086a40 JavaThread "Signal Dispatcher"          daemon [_thread_blocked, id=14748, stack(0x0000006426200000,0x0000006426300000) (1024K)]
  0x0000025ad20874a0 JavaThread "Attach Listener"            daemon [_thread_blocked, id=27304, stack(0x0000006426300000,0x0000006426400000) (1024K)]
  0x0000025ad2087f00 JavaThread "Service Thread"             daemon [_thread_blocked, id=24428, stack(0x0000006426400000,0x0000006426500000) (1024K)]
  0x0000025ad2088570 JavaThread "Monitor Deflation Thread"   daemon [_thread_blocked, id=23780, stack(0x0000006426500000,0x0000006426600000) (1024K)]
=>0x0000025ad20896b0 JavaThread "C2 CompilerThread0"         daemon [_thread_in_native, id=5344, stack(0x0000006426600000,0x0000006426700000) (1024K)]
  0x0000025ad2090cc0 JavaThread "C1 CompilerThread0"         daemon [_thread_blocked, id=30052, stack(0x0000006426700000,0x0000006426800000) (1024K)]
  0x0000025ad24190b0 JavaThread "Notification Thread"        daemon [_thread_blocked, id=6536, stack(0x0000006426800000,0x0000006426900000) (1024K)]
  0x0000025ad4728b30 JavaThread "Daemon health stats"               [_thread_blocked, id=12068, stack(0x0000006426c00000,0x0000006426d00000) (1024K)]
  0x0000025ad35d5df0 JavaThread "Incoming local TCP Connector on port 54658"        [_thread_in_native, id=24304, stack(0x0000006427000000,0x0000006427100000) (1024K)]
  0x0000025ad4be7980 JavaThread "Daemon periodic checks"            [_thread_blocked, id=9324, stack(0x0000006427400000,0x0000006427500000) (1024K)]
  0x0000025ad4d30a10 JavaThread "Daemon"                            [_thread_blocked, id=36808, stack(0x0000006427500000,0x0000006427600000) (1024K)]
  0x0000025ad4c3fc00 JavaThread "Handler for socket connection from /127.0.0.1:54658 to /127.0.0.1:54659"        [_thread_in_native, id=23784, stack(0x0000006427600000,0x0000006427700000) (1024K)]
  0x0000025ad4b47760 JavaThread "Cancel handler"                    [_thread_blocked, id=34620, stack(0x0000006427800000,0x0000006427900000) (1024K)]
  0x0000025ad3410f60 JavaThread "Daemon worker"                     [_thread_in_vm, id=30412, stack(0x0000006427900000,0x0000006427a00000) (1024K)]
  0x0000025ad340f520 JavaThread "Asynchronous log dispatcher for DefaultDaemonConnection: socket connection from /127.0.0.1:54658 to /127.0.0.1:54659"        [_thread_blocked, id=15776, stack(0x0000006427a00000,0x0000006427b00000) (1024K)]
  0x0000025ad34115f0 JavaThread "Stdin handler"                     [_thread_blocked, id=10376, stack(0x0000006427b00000,0x0000006427c00000) (1024K)]
  0x0000025ad3411c80 JavaThread "Daemon client event forwarder"        [_thread_blocked, id=34232, stack(0x0000006427c00000,0x0000006427d00000) (1024K)]
  0x0000025ad340fbb0 JavaThread "Cache worker for journal cache (C:\Users\201407\.gradle\caches\journal-1)"        [_thread_blocked, id=29348, stack(0x0000006426900000,0x0000006426a00000) (1024K)]
  0x0000025ad340ee90 JavaThread "File lock request listener"        [_thread_in_native, id=35724, stack(0x0000006426f00000,0x0000006427000000) (1024K)]
  0x0000025ad4096680 JavaThread "C2 CompilerThread1"         daemon [_thread_in_native, id=26236, stack(0x0000006427d00000,0x0000006427e00000) (1024K)]
  0x0000025ad3410240 JavaThread "Cache worker for file hash cache (C:\Users\201407\.gradle\caches\9.3.1\fileHashes)"        [_thread_blocked, id=32468, stack(0x0000006427e00000,0x0000006427f00000) (1024K)]
  0x0000025ad4095fb0 JavaThread "C2 CompilerThread2"         daemon [_thread_in_native, id=16148, stack(0x0000006427f00000,0x0000006428000000) (1024K)]
  0x0000025ad6572c00 JavaThread "Cache worker for file hash cache (C:\Users\201407\AndroidStudioProjects\Andrew-s-app\.gradle\9.3.1\fileHashes)"        [_thread_blocked, id=14112, stack(0x0000006428000000,0x0000006428100000) (1024K)]
  0x0000025ad6571850 JavaThread "Cache worker for Build Output Cleanup Cache (C:\Users\201407\AndroidStudioProjects\Andrew-s-app\.gradle\buildOutputCleanup)"        [_thread_blocked, id=33064, stack(0x0000006428100000,0x0000006428200000) (1024K)]
  0x0000025ad6572570 JavaThread "File watcher server"        daemon [_thread_in_native, id=34368, stack(0x0000006428200000,0x0000006428300000) (1024K)]
  0x0000025ad6573290 JavaThread "File watcher consumer"      daemon [_thread_blocked, id=34776, stack(0x0000006428300000,0x0000006428400000) (1024K)]
  0x0000025ad656fe10 JavaThread "jar transforms"                    [_thread_blocked, id=2156, stack(0x0000006428400000,0x0000006428500000) (1024K)]
  0x0000025ad6573920 JavaThread "jar transforms Thread 2"           [_thread_blocked, id=32880, stack(0x0000006428500000,0x0000006428600000) (1024K)]
  0x0000025ad65704a0 JavaThread "jar transforms Thread 3"           [_thread_blocked, id=33484, stack(0x0000006428600000,0x0000006428700000) (1024K)]
  0x0000025ad6571ee0 JavaThread "jar transforms Thread 4"           [_thread_blocked, id=23848, stack(0x0000006428700000,0x0000006428800000) (1024K)]
  0x0000025ad6570b30 JavaThread "jar transforms Thread 5"           [_thread_blocked, id=32920, stack(0x0000006428800000,0x0000006428900000) (1024K)]
  0x0000025ad6574cd0 JavaThread "jar transforms Thread 6"           [_thread_blocked, id=29912, stack(0x0000006428900000,0x0000006428a00000) (1024K)]
  0x0000025ad6574640 JavaThread "jar transforms Thread 7"           [_thread_blocked, id=35324, stack(0x0000006428a00000,0x0000006428b00000) (1024K)]
  0x0000025ad6576080 JavaThread "jar transforms Thread 8"           [_thread_blocked, id=18776, stack(0x0000006428b00000,0x0000006428c00000) (1024K)]
  0x0000025ad65759f0 JavaThread "Cache worker for checksums cache (C:\Users\201407\AndroidStudioProjects\Andrew-s-app\.gradle\9.3.1\checksums)"        [_thread_blocked, id=692, stack(0x0000006428c00000,0x0000006428d00000) (1024K)]
  0x0000025ad6576710 JavaThread "Cache worker for file content cache (C:\Users\201407\.gradle\caches\9.3.1\fileContent)"        [_thread_blocked, id=2984, stack(0x0000006428d00000,0x0000006428e00000) (1024K)]
  0x0000025ad6573fb0 JavaThread "Cache worker for cache directory md-supplier (C:\Users\201407\.gradle\caches\9.3.1\md-supplier)"        [_thread_blocked, id=26968, stack(0x0000006428e00000,0x0000006428f00000) (1024K)]
  0x0000025ad6576da0 JavaThread "Cache worker for cache directory md-rule (C:\Users\201407\.gradle\caches\9.3.1\md-rule)"        [_thread_blocked, id=28552, stack(0x0000006428f00000,0x0000006429000000) (1024K)]
  0x0000025ad6577430 JavaThread "Unconstrained build operations"        [_thread_blocked, id=7656, stack(0x0000006429000000,0x0000006429100000) (1024K)]
  0x0000025ad70d15d0 JavaThread "Unconstrained build operations Thread 2"        [_thread_blocked, id=23788, stack(0x0000006429100000,0x0000006429200000) (1024K)]
  0x0000025ad70cf500 JavaThread "Unconstrained build operations Thread 3"        [_thread_blocked, id=34768, stack(0x0000006429200000,0x0000006429300000) (1024K)]
  0x0000025ad70cee70 JavaThread "Unconstrained build operations Thread 4"        [_thread_blocked, id=23260, stack(0x0000006429300000,0x0000006429400000) (1024K)]
  0x0000025ad70cfb90 JavaThread "Unconstrained build operations Thread 5"        [_thread_blocked, id=2116, stack(0x0000006429400000,0x0000006429500000) (1024K)]
  0x0000025ad70d0f40 JavaThread "Unconstrained build operations Thread 6"        [_thread_blocked, id=13488, stack(0x0000006429500000,0x0000006429600000) (1024K)]
  0x0000025ad70d0220 JavaThread "Unconstrained build operations Thread 7"        [_thread_blocked, id=35584, stack(0x0000006429600000,0x0000006429700000) (1024K)]
  0x0000025ad70ce150 JavaThread "Unconstrained build operations Thread 8"        [_thread_blocked, id=30620, stack(0x0000006429700000,0x0000006429800000) (1024K)]
  0x0000025ad70d08b0 JavaThread "Unconstrained build operations Thread 9"        [_thread_blocked, id=29372, stack(0x0000006429800000,0x0000006429900000) (1024K)]
  0x0000025ad70d1c60 JavaThread "Unconstrained build operations Thread 10"        [_thread_blocked, id=31972, stack(0x0000006429900000,0x0000006429a00000) (1024K)]
  0x0000025ad70ce7e0 JavaThread "Unconstrained build operations Thread 11"        [_thread_blocked, id=28344, stack(0x0000006429a00000,0x0000006429b00000) (1024K)]
  0x0000025ad70d4a50 JavaThread "Unconstrained build operations Thread 12"        [_thread_blocked, id=15552, stack(0x0000006429b00000,0x0000006429c00000) (1024K)]
  0x0000025ad70d43c0 JavaThread "Unconstrained build operations Thread 13"        [_thread_blocked, id=31652, stack(0x0000006429c00000,0x0000006429d00000) (1024K)]
  0x0000025ad70d50e0 JavaThread "Unconstrained build operations Thread 14"        [_thread_blocked, id=4148, stack(0x0000006429d00000,0x0000006429e00000) (1024K)]
  0x0000025ad70d22f0 JavaThread "Unconstrained build operations Thread 15"        [_thread_blocked, id=33388, stack(0x0000006429e00000,0x0000006429f00000) (1024K)]
  0x0000025ad70d5770 JavaThread "Unconstrained build operations Thread 16"        [_thread_blocked, id=32120, stack(0x0000006429f00000,0x000000642a000000) (1024K)]
  0x0000025ad70d36a0 JavaThread "Unconstrained build operations Thread 17"        [_thread_blocked, id=32480, stack(0x000000642a000000,0x000000642a100000) (1024K)]
  0x0000025ad70d2980 JavaThread "Unconstrained build operations Thread 18"        [_thread_blocked, id=26776, stack(0x000000642a100000,0x000000642a200000) (1024K)]
  0x0000025ad70d3d30 JavaThread "Unconstrained build operations Thread 19"        [_thread_blocked, id=18512, stack(0x000000642a200000,0x000000642a300000) (1024K)]
  0x0000025ad840d100 JavaThread "Unconstrained build operations Thread 20"        [_thread_blocked, id=23172, stack(0x000000642a300000,0x000000642a400000) (1024K)]
  0x0000025ad840d790 JavaThread "Unconstrained build operations Thread 21"        [_thread_blocked, id=14452, stack(0x000000642a400000,0x000000642a500000) (1024K)]
Total: 63

Other Threads:
  0x0000025acdd5e3e0 VMThread "VM Thread"                           [id=33860, stack(0x0000006425e00000,0x0000006425f00000) (1024K)]
  0x0000025acdccc660 WatcherThread "VM Periodic Task Thread"        [id=34200, stack(0x0000006425d00000,0x0000006425e00000) (1024K)]
  0x0000025ab6694760 WorkerThread "GC Thread#0"                     [id=9716, stack(0x0000006425800000,0x0000006425900000) (1024K)]
  0x0000025ad27812f0 WorkerThread "GC Thread#1"                     [id=2436, stack(0x0000006426a00000,0x0000006426b00000) (1024K)]
  0x0000025ad27816a0 WorkerThread "GC Thread#2"                     [id=10060, stack(0x0000006426b00000,0x0000006426c00000) (1024K)]
  0x0000025ad3239b60 WorkerThread "GC Thread#3"                     [id=6848, stack(0x0000006426d00000,0x0000006426e00000) (1024K)]
  0x0000025ad2bfe8b0 WorkerThread "GC Thread#4"                     [id=32464, stack(0x0000006426e00000,0x0000006426f00000) (1024K)]
  0x0000025ad42c61b0 WorkerThread "GC Thread#5"                     [id=17936, stack(0x0000006427100000,0x0000006427200000) (1024K)]
  0x0000025ad4bd39e0 WorkerThread "GC Thread#6"                     [id=16996, stack(0x0000006427200000,0x0000006427300000) (1024K)]
  0x0000025ad4bd3d90 WorkerThread "GC Thread#7"                     [id=30360, stack(0x0000006427300000,0x0000006427400000) (1024K)]
  0x0000025ab66a5660 ConcurrentGCThread "G1 Main Marker"            [id=1620, stack(0x0000006425900000,0x0000006425a00000) (1024K)]
  0x0000025ab66a6ec0 WorkerThread "G1 Conc#0"                       [id=12992, stack(0x0000006425a00000,0x0000006425b00000) (1024K)]
  0x0000025ad4d0ef90 WorkerThread "G1 Conc#1"                       [id=23656, stack(0x0000006427700000,0x0000006427800000) (1024K)]
  0x0000025acdba2560 ConcurrentGCThread "G1 Refine#0"               [id=26256, stack(0x0000006425b00000,0x0000006425c00000) (1024K)]
  0x0000025acdba2ef0 ConcurrentGCThread "G1 Service"                [id=35164, stack(0x0000006425c00000,0x0000006425d00000) (1024K)]
Total: 15

Threads with active compile tasks:
C2 CompilerThread0  9557 6208       4       java.net.URLClassLoader$1::run (5 bytes)
C2 CompilerThread1  9557 6204   !   4       java.net.URLClassLoader::findClass (47 bytes)
C2 CompilerThread2  9557 6171   !   4       sun.reflect.annotation.AnnotationParser::parseAnnotations (37 bytes)
Total: 3

VM state: not at safepoint (normal execution)

VM Mutex/Monitor currently owned by a thread: None

Heap address: 0x0000000080000000, size: 2048 MB, Compressed Oops mode: 32-bit

CDS archive(s) not mapped
Compressed class space mapped at: 0x0000000100000000-0x0000000140000000, reserved size: 1073741824
Narrow klass base: 0x0000000000000000, Narrow klass shift: 3, Narrow klass range: 0x140000000

GC Precious Log:
 CardTable entry size: 512
 Card Set container configuration: InlinePtr #cards 5 size 8 Array Of Cards #cards 12 size 40 Howl #buckets 4 coarsen threshold 1843 Howl Bitmap #cards 512 size 80 coarsen threshold 460 Card regions per heap region 1 cards per card region 2048
 CPUs: 8 total, 8 available
 Memory: 8035M
 Large Page Support: Disabled
 NUMA Support: Disabled
 Compressed Oops: Enabled (32-bit)
 Heap Region Size: 1M
 Heap Min Capacity: 8M
 Heap Initial Capacity: 126M
 Heap Max Capacity: 2G
 Pre-touch: Disabled
 Parallel Workers: 8
 Concurrent Workers: 2
 Concurrent Refinement Workers: 8
 Periodic GC: Disabled

Heap:
 garbage-first heap   total 117760K, used 106201K [0x0000000080000000, 0x0000000100000000)
  region size 1024K, 37 young (37888K), 1 survivors (1024K)
 Metaspace       used 62866K, committed 64704K, reserved 1114112K
  class space    used 8960K, committed 9856K, reserved 1048576K

Heap Regions: E=young(eden), S=young(survivor), O=old, HS=humongous(starts), HC=humongous(continues), CS=collection set, F=free, TAMS=top-at-mark-start, PB=parsable bottom
|   0|0x0000000080000000, 0x0000000080100000, 0x0000000080100000|100%|HS|  |TAMS 0x0000000080000000| PB 0x0000000080000000| Complete 
|   1|0x0000000080100000, 0x0000000080200000, 0x0000000080200000|100%|HC|  |TAMS 0x0000000080100000| PB 0x0000000080100000| Complete 
|   2|0x0000000080200000, 0x0000000080300000, 0x0000000080300000|100%|HC|  |TAMS 0x0000000080200000| PB 0x0000000080200000| Complete 
|   3|0x0000000080300000, 0x0000000080400000, 0x0000000080400000|100%|HC|  |TAMS 0x0000000080300000| PB 0x0000000080300000| Complete 
|   4|0x0000000080400000, 0x0000000080500000, 0x0000000080500000|100%| O|  |TAMS 0x0000000080400000| PB 0x0000000080400000| Untracked 
|   5|0x0000000080500000, 0x0000000080600000, 0x0000000080600000|100%| O|  |TAMS 0x0000000080500000| PB 0x0000000080500000| Untracked 
|   6|0x0000000080600000, 0x0000000080700000, 0x0000000080700000|100%| O|  |TAMS 0x0000000080600000| PB 0x0000000080600000| Untracked 
|   7|0x0000000080700000, 0x0000000080800000, 0x0000000080800000|100%|HS|  |TAMS 0x0000000080700000| PB 0x0000000080700000| Complete 
|   8|0x0000000080800000, 0x0000000080900000, 0x0000000080900000|100%| O|  |TAMS 0x0000000080800000| PB 0x0000000080800000| Untracked 
|   9|0x0000000080900000, 0x0000000080a00000, 0x0000000080a00000|100%| O|  |TAMS 0x0000000080900000| PB 0x0000000080900000| Untracked 
|  10|0x0000000080a00000, 0x0000000080b00000, 0x0000000080b00000|100%| O|  |TAMS 0x0000000080a00000| PB 0x0000000080a00000| Untracked 
|  11|0x0000000080b00000, 0x0000000080c00000, 0x0000000080c00000|100%| O|  |TAMS 0x0000000080b00000| PB 0x0000000080b00000| Untracked 
|  12|0x0000000080c00000, 0x0000000080d00000, 0x0000000080d00000|100%| O|  |TAMS 0x0000000080c00000| PB 0x0000000080c00000| Untracked 
|  13|0x0000000080d00000, 0x0000000080e00000, 0x0000000080e00000|100%| O|  |TAMS 0x0000000080d00000| PB 0x0000000080d00000| Untracked 
|  14|0x0000000080e00000, 0x0000000080f00000, 0x0000000080f00000|100%| O|  |TAMS 0x0000000080e00000| PB 0x0000000080e00000| Untracked 
|  15|0x0000000080f00000, 0x0000000081000000, 0x0000000081000000|100%| O|  |TAMS 0x0000000080f00000| PB 0x0000000080f00000| Untracked 
|  16|0x0000000081000000, 0x0000000081100000, 0x0000000081100000|100%| O|  |TAMS 0x0000000081000000| PB 0x0000000081000000| Untracked 
|  17|0x0000000081100000, 0x0000000081200000, 0x0000000081200000|100%| O|  |TAMS 0x0000000081100000| PB 0x0000000081100000| Untracked 
|  18|0x0000000081200000, 0x0000000081300000, 0x0000000081300000|100%| O|  |TAMS 0x0000000081200000| PB 0x0000000081200000| Untracked 
|  19|0x0000000081300000, 0x0000000081400000, 0x0000000081400000|100%| O|  |TAMS 0x0000000081300000| PB 0x0000000081300000| Untracked 
|  20|0x0000000081400000, 0x0000000081500000, 0x0000000081500000|100%| O|  |TAMS 0x0000000081400000| PB 0x0000000081400000| Untracked 
|  21|0x0000000081500000, 0x0000000081600000, 0x0000000081600000|100%| O|  |TAMS 0x0000000081500000| PB 0x0000000081500000| Untracked 
|  22|0x0000000081600000, 0x0000000081700000, 0x0000000081700000|100%| O|  |TAMS 0x0000000081600000| PB 0x0000000081600000| Untracked 
|  23|0x0000000081700000, 0x0000000081800000, 0x0000000081800000|100%| O|  |TAMS 0x0000000081700000| PB 0x0000000081700000| Untracked 
|  24|0x0000000081800000, 0x0000000081900000, 0x0000000081900000|100%|HS|  |TAMS 0x0000000081800000| PB 0x0000000081800000| Complete 
|  25|0x0000000081900000, 0x0000000081a00000, 0x0000000081a00000|100%|HC|  |TAMS 0x0000000081900000| PB 0x0000000081900000| Complete 
|  26|0x0000000081a00000, 0x0000000081b00000, 0x0000000081b00000|100%|HC|  |TAMS 0x0000000081a00000| PB 0x0000000081a00000| Complete 
|  27|0x0000000081b00000, 0x0000000081c00000, 0x0000000081c00000|100%|HC|  |TAMS 0x0000000081b00000| PB 0x0000000081b00000| Complete 
|  28|0x0000000081c00000, 0x0000000081d00000, 0x0000000081d00000|100%|HC|  |TAMS 0x0000000081c00000| PB 0x0000000081c00000| Complete 
|  29|0x0000000081d00000, 0x0000000081e00000, 0x0000000081e00000|100%|HC|  |TAMS 0x0000000081d00000| PB 0x0000000081d00000| Complete 
|  30|0x0000000081e00000, 0x0000000081f00000, 0x0000000081f00000|100%|HS|  |TAMS 0x0000000081e00000| PB 0x0000000081e00000| Complete 
|  31|0x0000000081f00000, 0x0000000082000000, 0x0000000082000000|100%|HC|  |TAMS 0x0000000081f00000| PB 0x0000000081f00000| Complete 
|  32|0x0000000082000000, 0x0000000082100000, 0x0000000082100000|100%|HS|  |TAMS 0x0000000082000000| PB 0x0000000082000000| Complete 
|  33|0x0000000082100000, 0x0000000082200000, 0x0000000082200000|100%|HS|  |TAMS 0x0000000082100000| PB 0x0000000082100000| Complete 
|  34|0x0000000082200000, 0x0000000082300000, 0x0000000082300000|100%|HC|  |TAMS 0x0000000082200000| PB 0x0000000082200000| Complete 
|  35|0x0000000082300000, 0x0000000082400000, 0x0000000082400000|100%|HC|  |TAMS 0x0000000082300000| PB 0x0000000082300000| Complete 
|  36|0x0000000082400000, 0x0000000082500000, 0x0000000082500000|100%|HC|  |TAMS 0x0000000082400000| PB 0x0000000082400000| Complete 
|  37|0x0000000082500000, 0x0000000082600000, 0x0000000082600000|100%|HC|  |TAMS 0x0000000082500000| PB 0x0000000082500000| Complete 
|  38|0x0000000082600000, 0x0000000082700000, 0x0000000082700000|100%|HC|  |TAMS 0x0000000082600000| PB 0x0000000082600000| Complete 
|  39|0x0000000082700000, 0x0000000082800000, 0x0000000082800000|100%|HS|  |TAMS 0x0000000082700000| PB 0x0000000082700000| Complete 
|  40|0x0000000082800000, 0x0000000082900000, 0x0000000082900000|100%| O|  |TAMS 0x0000000082800000| PB 0x0000000082800000| Untracked 
|  41|0x0000000082900000, 0x0000000082a00000, 0x0000000082a00000|100%| O|  |TAMS 0x0000000082900000| PB 0x0000000082900000| Untracked 
|  42|0x0000000082a00000, 0x0000000082b00000, 0x0000000082b00000|100%| O|  |TAMS 0x0000000082a00000| PB 0x0000000082a00000| Untracked 
|  43|0x0000000082b00000, 0x0000000082c00000, 0x0000000082c00000|100%| O|  |TAMS 0x0000000082b00000| PB 0x0000000082b00000| Untracked 
|  44|0x0000000082c00000, 0x0000000082d00000, 0x0000000082d00000|100%| O|  |TAMS 0x0000000082c00000| PB 0x0000000082c00000| Untracked 
|  45|0x0000000082d00000, 0x0000000082e00000, 0x0000000082e00000|100%| O|  |TAMS 0x0000000082d00000| PB 0x0000000082d00000| Untracked 
|  46|0x0000000082e00000, 0x0000000082f00000, 0x0000000082f00000|100%| O|  |TAMS 0x0000000082e00000| PB 0x0000000082e00000| Untracked 
|  47|0x0000000082f00000, 0x0000000083000000, 0x0000000083000000|100%| O|  |TAMS 0x0000000082f00000| PB 0x0000000082f00000| Untracked 
|  48|0x0000000083000000, 0x0000000083100000, 0x0000000083100000|100%| O|  |TAMS 0x0000000083000000| PB 0x0000000083000000| Untracked 
|  49|0x0000000083100000, 0x0000000083200000, 0x0000000083200000|100%| O|  |TAMS 0x0000000083100000| PB 0x0000000083100000| Untracked 
|  50|0x0000000083200000, 0x0000000083300000, 0x0000000083300000|100%| O|  |TAMS 0x0000000083200000| PB 0x0000000083200000| Untracked 
|  51|0x0000000083300000, 0x0000000083400000, 0x0000000083400000|100%| O|  |TAMS 0x0000000083300000| PB 0x0000000083300000| Untracked 
|  52|0x0000000083400000, 0x0000000083500000, 0x0000000083500000|100%| O|Cm|TAMS 0x0000000083400000| PB 0x0000000083400000| Complete 
|  53|0x0000000083500000, 0x0000000083600000, 0x0000000083600000|100%|HS|  |TAMS 0x0000000083500000| PB 0x0000000083500000| Complete 
|  54|0x0000000083600000, 0x0000000083700000, 0x0000000083700000|100%|HC|  |TAMS 0x0000000083600000| PB 0x0000000083600000| Complete 
|  55|0x0000000083700000, 0x0000000083800000, 0x0000000083800000|100%| O|  |TAMS 0x0000000083700000| PB 0x0000000083700000| Untracked 
|  56|0x0000000083800000, 0x0000000083900000, 0x0000000083900000|100%| O|  |TAMS 0x0000000083800000| PB 0x0000000083800000| Untracked 
|  57|0x0000000083900000, 0x0000000083a00000, 0x0000000083a00000|100%| O|  |TAMS 0x0000000083900000| PB 0x0000000083900000| Untracked 
|  58|0x0000000083a00000, 0x0000000083b00000, 0x0000000083b00000|100%| O|  |TAMS 0x0000000083a00000| PB 0x0000000083a00000| Untracked 
|  59|0x0000000083b00000, 0x0000000083c00000, 0x0000000083c00000|100%| O|  |TAMS 0x0000000083b00000| PB 0x0000000083b00000| Untracked 
|  60|0x0000000083c00000, 0x0000000083d00000, 0x0000000083d00000|100%| O|  |TAMS 0x0000000083c00000| PB 0x0000000083c00000| Untracked 
|  61|0x0000000083d00000, 0x0000000083e00000, 0x0000000083e00000|100%| O|  |TAMS 0x0000000083d00000| PB 0x0000000083d00000| Untracked 
|  62|0x0000000083e00000, 0x0000000083f00000, 0x0000000083f00000|100%| O|  |TAMS 0x0000000083e00000| PB 0x0000000083e00000| Untracked 
|  63|0x0000000083f00000, 0x0000000083f22320, 0x0000000084000000| 13%| O|  |TAMS 0x0000000083f00000| PB 0x0000000083f00000| Untracked 
|  64|0x0000000084000000, 0x0000000084000000, 0x0000000084100000|  0%| F|  |TAMS 0x0000000084000000| PB 0x0000000084000000| Untracked 
|  65|0x0000000084100000, 0x0000000084100000, 0x0000000084200000|  0%| F|  |TAMS 0x0000000084100000| PB 0x0000000084100000| Untracked 
|  66|0x0000000084200000, 0x0000000084200000, 0x0000000084300000|  0%| F|  |TAMS 0x0000000084200000| PB 0x0000000084200000| Untracked 
|  67|0x0000000084300000, 0x0000000084300000, 0x0000000084400000|  0%| F|  |TAMS 0x0000000084300000| PB 0x0000000084300000| Untracked 
|  68|0x0000000084400000, 0x0000000084400000, 0x0000000084500000|  0%| F|  |TAMS 0x0000000084400000| PB 0x0000000084400000| Untracked 
|  69|0x0000000084500000, 0x0000000084500000, 0x0000000084600000|  0%| F|  |TAMS 0x0000000084500000| PB 0x0000000084500000| Untracked 
|  70|0x0000000084600000, 0x0000000084600000, 0x0000000084700000|  0%| F|  |TAMS 0x0000000084600000| PB 0x0000000084600000| Untracked 
|  71|0x0000000084700000, 0x0000000084700000, 0x0000000084800000|  0%| F|  |TAMS 0x0000000084700000| PB 0x0000000084700000| Untracked 
|  72|0x0000000084800000, 0x0000000084800000, 0x0000000084900000|  0%| F|  |TAMS 0x0000000084800000| PB 0x0000000084800000| Untracked 
|  73|0x0000000084900000, 0x0000000084984d88, 0x0000000084a00000| 51%| E|  |TAMS 0x0000000084900000| PB 0x0000000084900000| Complete 
|  74|0x0000000084a00000, 0x0000000084b00000, 0x0000000084b00000|100%| E|CS|TAMS 0x0000000084a00000| PB 0x0000000084a00000| Complete 
|  75|0x0000000084b00000, 0x0000000084c00000, 0x0000000084c00000|100%|HS|  |TAMS 0x0000000084b00000| PB 0x0000000084b00000| Complete 
|  76|0x0000000084c00000, 0x0000000084d00000, 0x0000000084d00000|100%|HC|  |TAMS 0x0000000084c00000| PB 0x0000000084c00000| Complete 
|  77|0x0000000084d00000, 0x0000000084e00000, 0x0000000084e00000|100%| E|CS|TAMS 0x0000000084d00000| PB 0x0000000084d00000| Complete 
|  78|0x0000000084e00000, 0x0000000084f00000, 0x0000000084f00000|100%| E|CS|TAMS 0x0000000084e00000| PB 0x0000000084e00000| Complete 
|  79|0x0000000084f00000, 0x0000000085000000, 0x0000000085000000|100%| E|CS|TAMS 0x0000000084f00000| PB 0x0000000084f00000| Complete 
|  80|0x0000000085000000, 0x0000000085100000, 0x0000000085100000|100%| E|CS|TAMS 0x0000000085000000| PB 0x0000000085000000| Complete 
|  81|0x0000000085100000, 0x0000000085200000, 0x0000000085200000|100%| E|CS|TAMS 0x0000000085100000| PB 0x0000000085100000| Complete 
|  82|0x0000000085200000, 0x0000000085300000, 0x0000000085300000|100%| E|CS|TAMS 0x0000000085200000| PB 0x0000000085200000| Complete 
|  83|0x0000000085300000, 0x0000000085394298, 0x0000000085400000| 57%| S|CS|TAMS 0x0000000085300000| PB 0x0000000085300000| Complete 
|  84|0x0000000085400000, 0x0000000085500000, 0x0000000085500000|100%| E|CS|TAMS 0x0000000085400000| PB 0x0000000085400000| Complete 
|  85|0x0000000085500000, 0x0000000085600000, 0x0000000085600000|100%| E|CS|TAMS 0x0000000085500000| PB 0x0000000085500000| Complete 
|  86|0x0000000085600000, 0x0000000085700000, 0x0000000085700000|100%| E|CS|TAMS 0x0000000085600000| PB 0x0000000085600000| Complete 
|  87|0x0000000085700000, 0x0000000085800000, 0x0000000085800000|100%| E|CS|TAMS 0x0000000085700000| PB 0x0000000085700000| Complete 
|  88|0x0000000085800000, 0x0000000085900000, 0x0000000085900000|100%| E|CS|TAMS 0x0000000085800000| PB 0x0000000085800000| Complete 
|  89|0x0000000085900000, 0x0000000085a00000, 0x0000000085a00000|100%| E|CS|TAMS 0x0000000085900000| PB 0x0000000085900000| Complete 
|  90|0x0000000085a00000, 0x0000000085b00000, 0x0000000085b00000|100%| E|CS|TAMS 0x0000000085a00000| PB 0x0000000085a00000| Complete 
|  91|0x0000000085b00000, 0x0000000085c00000, 0x0000000085c00000|100%| E|CS|TAMS 0x0000000085b00000| PB 0x0000000085b00000| Complete 
|  92|0x0000000085c00000, 0x0000000085d00000, 0x0000000085d00000|100%| E|CS|TAMS 0x0000000085c00000| PB 0x0000000085c00000| Complete 
|  93|0x0000000085d00000, 0x0000000085e00000, 0x0000000085e00000|100%| E|CS|TAMS 0x0000000085d00000| PB 0x0000000085d00000| Complete 
|  94|0x0000000085e00000, 0x0000000085f00000, 0x0000000085f00000|100%| E|CS|TAMS 0x0000000085e00000| PB 0x0000000085e00000| Complete 
|  95|0x0000000085f00000, 0x0000000086000000, 0x0000000086000000|100%| E|CS|TAMS 0x0000000085f00000| PB 0x0000000085f00000| Complete 
|  96|0x0000000086000000, 0x0000000086100000, 0x0000000086100000|100%| E|CS|TAMS 0x0000000086000000| PB 0x0000000086000000| Complete 
|  97|0x0000000086100000, 0x0000000086200000, 0x0000000086200000|100%| E|CS|TAMS 0x0000000086100000| PB 0x0000000086100000| Complete 
|  98|0x0000000086200000, 0x0000000086300000, 0x0000000086300000|100%| E|CS|TAMS 0x0000000086200000| PB 0x0000000086200000| Complete 
|  99|0x0000000086300000, 0x0000000086400000, 0x0000000086400000|100%| E|CS|TAMS 0x0000000086300000| PB 0x0000000086300000| Complete 
| 100|0x0000000086400000, 0x0000000086500000, 0x0000000086500000|100%| E|CS|TAMS 0x0000000086400000| PB 0x0000000086400000| Complete 
| 101|0x0000000086500000, 0x0000000086600000, 0x0000000086600000|100%| E|CS|TAMS 0x0000000086500000| PB 0x0000000086500000| Complete 
| 102|0x0000000086600000, 0x0000000086700000, 0x0000000086700000|100%| E|CS|TAMS 0x0000000086600000| PB 0x0000000086600000| Complete 
| 103|0x0000000086700000, 0x0000000086800000, 0x0000000086800000|100%| E|CS|TAMS 0x0000000086700000| PB 0x0000000086700000| Complete 
| 104|0x0000000086800000, 0x0000000086900000, 0x0000000086900000|100%| E|CS|TAMS 0x0000000086800000| PB 0x0000000086800000| Complete 
| 105|0x0000000086900000, 0x0000000086a00000, 0x0000000086a00000|100%| E|CS|TAMS 0x0000000086900000| PB 0x0000000086900000| Complete 
| 106|0x0000000086a00000, 0x0000000086b00000, 0x0000000086b00000|100%| E|CS|TAMS 0x0000000086a00000| PB 0x0000000086a00000| Complete 
| 107|0x0000000086b00000, 0x0000000086c00000, 0x0000000086c00000|100%| E|CS|TAMS 0x0000000086b00000| PB 0x0000000086b00000| Complete 
| 108|0x0000000086c00000, 0x0000000086d00000, 0x0000000086d00000|100%| E|CS|TAMS 0x0000000086c00000| PB 0x0000000086c00000| Complete 
| 116|0x0000000087400000, 0x0000000087500000, 0x0000000087500000|100%| E|CS|TAMS 0x0000000087400000| PB 0x0000000087400000| Complete 
| 117|0x0000000087500000, 0x0000000087600000, 0x0000000087600000|100%| E|CS|TAMS 0x0000000087500000| PB 0x0000000087500000| Complete 
| 125|0x0000000087d00000, 0x0000000087e00000, 0x0000000087e00000|100%| E|CS|TAMS 0x0000000087d00000| PB 0x0000000087d00000| Complete 
|2045|0x00000000ffd00000, 0x00000000ffe00000, 0x00000000ffe00000|100%| O|  |TAMS 0x00000000ffd00000| PB 0x00000000ffd00000| Untracked 
|2046|0x00000000ffe00000, 0x00000000fff00000, 0x00000000fff00000|100%| O|  |TAMS 0x00000000ffe00000| PB 0x00000000ffe00000| Untracked 
|2047|0x00000000fff00000, 0x0000000100000000, 0x0000000100000000|100%| O|  |TAMS 0x00000000fff00000| PB 0x00000000fff00000| Untracked 

Card table byte_map: [0x0000025ac8ed0000,0x0000025ac92d0000] _byte_map_base: 0x0000025ac8ad0000

Marking Bits: (CMBitMap*) 0x0000025ab6694d80
 Bits: [0x0000025ac92d0000, 0x0000025acb2d0000)

Polling page: 0x0000025ab4480000

Metaspace:

Usage:
  Non-class:     52.68 MB used.
      Class:      8.76 MB used.
       Both:     61.44 MB used.

Virtual space:
  Non-class space:       64.00 MB reserved,      53.56 MB ( 84%) committed,  1 nodes.
      Class space:        1.00 GB reserved,       9.62 MB ( <1%) committed,  1 nodes.
             Both:        1.06 GB reserved,      63.19 MB (  6%) committed. 

Chunk freelists:
   Non-Class:  10.25 MB
       Class:  6.34 MB
        Both:  16.59 MB

MaxMetaspaceSize: unlimited
CompressedClassSpaceSize: 1.00 GB
Initial GC threshold: 21.00 MB
Current GC threshold: 98.38 MB
CDS: off
 - commit_granule_bytes: 65536.
 - commit_granule_words: 8192.
 - virtual_space_node_default_size: 8388608.
 - enlarge_chunks_in_place: 1.
 - use_allocation_guard: 0.


Internal statistics:

num_allocs_failed_limit: 9.
num_arena_births: 3328.
num_arena_deaths: 0.
num_vsnodes_births: 2.
num_vsnodes_deaths: 0.
num_space_committed: 1011.
num_space_uncommitted: 0.
num_chunks_returned_to_freelist: 9.
num_chunks_taken_from_freelist: 6020.
num_chunk_merges: 6.
num_chunk_splits: 3859.
num_chunks_enlarged: 2307.
num_inconsistent_stats: 0.

CodeHeap 'non-profiled nmethods': size=120000Kb used=3255Kb max_used=3703Kb free=116744Kb
 bounds [0x0000025ac1270000, 0x0000025ac1610000, 0x0000025ac87a0000]
CodeHeap 'profiled nmethods': size=120000Kb used=10244Kb max_used=10270Kb free=109755Kb
 bounds [0x0000025ab97a0000, 0x0000025aba1b0000, 0x0000025ac0cd0000]
CodeHeap 'non-nmethods': size=5760Kb used=1880Kb max_used=1945Kb free=3879Kb
 bounds [0x0000025ac0cd0000, 0x0000025ac0f40000, 0x0000025ac1270000]
CodeCache: size=245760Kb, used=15379Kb, max_used=15918Kb, free=230378Kb
 total_blobs=6242, nmethods=5471, adapters=675, full_count=0
Compilation: enabled, stopped_count=0, restarted_count=0

Compilation events (20 events):
Event: 9.442 Thread 0x0000025ad2090cc0 6369       3       kotlin.reflect.jvm.internal.impl.name.Name::<init> (23 bytes)
Event: 9.442 Thread 0x0000025ad2090cc0 nmethod 6369 0x0000025ab9d12410 code [0x0000025ab9d125c0, 0x0000025ab9d12800]
Event: 9.443 Thread 0x0000025ad2090cc0 6370       3       kotlin.reflect.jvm.internal.impl.name.FqNameUnsafe::<init> (20 bytes)
Event: 9.443 Thread 0x0000025ad2090cc0 nmethod 6370 0x0000025ab9d11f10 code [0x0000025ab9d120c0, 0x0000025ab9d12340]
Event: 9.443 Thread 0x0000025ad2090cc0 6372       3       kotlin.reflect.jvm.internal.impl.name.FqName::isRoot (8 bytes)
Event: 9.443 Thread 0x0000025ad2090cc0 nmethod 6372 0x0000025ab9d11910 code [0x0000025ab9d11ae0, 0x0000025ab9d11da8]
Event: 9.443 Thread 0x0000025ad2090cc0 6371       1       kotlin.reflect.jvm.internal.impl.name.FqNameUnsafe::asString (5 bytes)
Event: 9.443 Thread 0x0000025ad2090cc0 nmethod 6371 0x0000025ac1307c90 code [0x0000025ac1307e20, 0x0000025ac1307ee8]
Event: 9.445 Thread 0x0000025ad2090cc0 6373       3       kotlin.reflect.jvm.internal.impl.name.FqName::asString (8 bytes)
Event: 9.446 Thread 0x0000025ad2090cc0 nmethod 6373 0x0000025ab9d11590 code [0x0000025ab9d11720, 0x0000025ab9d11850]
Event: 9.446 Thread 0x0000025ad2090cc0 6374       3       kotlin.reflect.jvm.internal.impl.name.FqName::<init> (16 bytes)
Event: 9.446 Thread 0x0000025ad2090cc0 nmethod 6374 0x0000025ab9d10a10 code [0x0000025ab9d10c40, 0x0000025ab9d11288]
Event: 9.446 Thread 0x0000025ad2090cc0 6375       3       kotlin.reflect.jvm.internal.impl.name.FqName::<init> (24 bytes)
Event: 9.447 Thread 0x0000025ad2090cc0 nmethod 6375 0x0000025ab9afc090 code [0x0000025ab9afc360, 0x0000025ab9afd048]
Event: 9.447 Thread 0x0000025ad2090cc0 6376       3       kotlin.reflect.jvm.internal.impl.name.FqNameUnsafe::<init> (27 bytes)
Event: 9.448 Thread 0x0000025ad2090cc0 nmethod 6376 0x0000025ab9afaf10 code [0x0000025ab9afb1c0, 0x0000025ab9afbcb0]
Event: 9.452 Thread 0x0000025ad2090cc0 6377       3       java.util.jar.JarFile::getEntry (35 bytes)
Event: 9.452 Thread 0x0000025ad2090cc0 nmethod 6377 0x0000025ab9afa710 code [0x0000025ab9afa920, 0x0000025ab9afad90]
Event: 9.454 Thread 0x0000025ad2090cc0 6378       2       java.util.jar.JarFile::getVersionedEntry (133 bytes)
Event: 9.455 Thread 0x0000025ad2090cc0 nmethod 6378 0x0000025ab9af9a10 code [0x0000025ab9af9c60, 0x0000025ab9afa2b8]

GC Heap History (20 events):
Event: 4.378 GC heap before
{Heap before GC invocations=6 (full 0):
 garbage-first heap   total 75776K, used 74136K [0x0000000080000000, 0x0000000100000000)
  region size 1024K, 52 young (53248K), 2 survivors (2048K)
 Metaspace       used 30154K, committed 30656K, reserved 1114112K
  class space    used 3752K, committed 3968K, reserved 1048576K
}
Event: 4.383 GC heap after
{Heap after GC invocations=7 (full 0):
 garbage-first heap   total 79872K, used 23781K [0x0000000080000000, 0x0000000100000000)
  region size 1024K, 4 young (4096K), 4 survivors (4096K)
 Metaspace       used 30154K, committed 30656K, reserved 1114112K
  class space    used 3752K, committed 3968K, reserved 1048576K
}
Event: 5.264 GC heap before
{Heap before GC invocations=7 (full 0):
 garbage-first heap   total 79872K, used 60645K [0x0000000080000000, 0x0000000100000000)
  region size 1024K, 41 young (41984K), 4 survivors (4096K)
 Metaspace       used 35286K, committed 35968K, reserved 1114112K
  class space    used 4625K, committed 4992K, reserved 1048576K
}
Event: 5.270 GC heap after
{Heap after GC invocations=8 (full 0):
 garbage-first heap   total 79872K, used 26034K [0x0000000080000000, 0x0000000100000000)
  region size 1024K, 5 young (5120K), 5 survivors (5120K)
 Metaspace       used 35286K, committed 35968K, reserved 1114112K
  class space    used 4625K, committed 4992K, reserved 1048576K
}
Event: 5.302 GC heap before
{Heap before GC invocations=8 (full 0):
 garbage-first heap   total 79872K, used 28082K [0x0000000080000000, 0x0000000100000000)
  region size 1024K, 8 young (8192K), 5 survivors (5120K)
 Metaspace       used 35585K, committed 36288K, reserved 1114112K
  class space    used 4664K, committed 4992K, reserved 1048576K
}
Event: 5.306 GC heap after
{Heap after GC invocations=9 (full 0):
 garbage-first heap   total 79872K, used 26442K [0x0000000080000000, 0x0000000100000000)
  region size 1024K, 3 young (3072K), 3 survivors (3072K)
 Metaspace       used 35585K, committed 36288K, reserved 1114112K
  class space    used 4664K, committed 4992K, reserved 1048576K
}
Event: 6.100 GC heap before
{Heap before GC invocations=10 (full 0):
 garbage-first heap   total 81920K, used 79690K [0x0000000080000000, 0x0000000100000000)
  region size 1024K, 39 young (39936K), 3 survivors (3072K)
 Metaspace       used 39513K, committed 40448K, reserved 1114112K
  class space    used 5378K, committed 5824K, reserved 1048576K
}
Event: 6.106 GC heap after
{Heap after GC invocations=11 (full 0):
 garbage-first heap   total 109568K, used 50290K [0x0000000080000000, 0x0000000100000000)
  region size 1024K, 6 young (6144K), 6 survivors (6144K)
 Metaspace       used 39513K, committed 40448K, reserved 1114112K
  class space    used 5378K, committed 5824K, reserved 1048576K
}
Event: 6.601 GC heap before
{Heap before GC invocations=11 (full 0):
 garbage-first heap   total 109568K, used 92274K [0x0000000080000000, 0x0000000100000000)
  region size 1024K, 47 young (48128K), 6 survivors (6144K)
 Metaspace       used 44334K, committed 45504K, reserved 1114112K
  class space    used 6165K, committed 6720K, reserved 1048576K
}
Event: 6.606 GC heap after
{Heap after GC invocations=12 (full 0):
 garbage-first heap   total 109568K, used 55391K [0x0000000080000000, 0x0000000100000000)
  region size 1024K, 5 young (5120K), 5 survivors (5120K)
 Metaspace       used 44334K, committed 45504K, reserved 1114112K
  class space    used 6165K, committed 6720K, reserved 1048576K
}
Event: 7.233 GC heap before
{Heap before GC invocations=12 (full 0):
 garbage-first heap   total 109568K, used 93279K [0x0000000080000000, 0x0000000100000000)
  region size 1024K, 43 young (44032K), 5 survivors (5120K)
 Metaspace       used 50201K, committed 51520K, reserved 1114112K
  class space    used 6944K, committed 7616K, reserved 1048576K
}
Event: 7.239 GC heap after
{Heap after GC invocations=13 (full 0):
 garbage-first heap   total 109568K, used 58903K [0x0000000080000000, 0x0000000100000000)
  region size 1024K, 4 young (4096K), 4 survivors (4096K)
 Metaspace       used 50201K, committed 51520K, reserved 1114112K
  class space    used 6944K, committed 7616K, reserved 1048576K
}
Event: 7.816 GC heap before
{Heap before GC invocations=14 (full 0):
 garbage-first heap   total 109568K, used 96791K [0x0000000080000000, 0x0000000100000000)
  region size 1024K, 41 young (41984K), 4 survivors (4096K)
 Metaspace       used 54709K, committed 56256K, reserved 1114112K
  class space    used 7700K, committed 8448K, reserved 1048576K
}
Event: 7.822 GC heap after
{Heap after GC invocations=15 (full 0):
 garbage-first heap   total 109568K, used 61983K [0x0000000080000000, 0x0000000100000000)
  region size 1024K, 3 young (3072K), 3 survivors (3072K)
 Metaspace       used 54709K, committed 56256K, reserved 1114112K
  class space    used 7700K, committed 8448K, reserved 1048576K
}
Event: 8.413 GC heap before
{Heap before GC invocations=15 (full 0):
 garbage-first heap   total 109568K, used 98847K [0x0000000080000000, 0x0000000100000000)
  region size 1024K, 38 young (38912K), 3 survivors (3072K)
 Metaspace       used 57024K, committed 58624K, reserved 1114112K
  class space    used 8088K, committed 8832K, reserved 1048576K
}
Event: 8.420 GC heap after
{Heap after GC invocations=16 (full 0):
 garbage-first heap   total 109568K, used 66582K [0x0000000080000000, 0x0000000100000000)
  region size 1024K, 4 young (4096K), 4 survivors (4096K)
 Metaspace       used 57024K, committed 58624K, reserved 1114112K
  class space    used 8088K, committed 8832K, reserved 1048576K
}
Event: 8.798 GC heap before
{Heap before GC invocations=16 (full 0):
 garbage-first heap   total 109568K, used 97302K [0x0000000080000000, 0x0000000100000000)
  region size 1024K, 35 young (35840K), 4 survivors (4096K)
 Metaspace       used 58718K, committed 60416K, reserved 1114112K
  class space    used 8314K, committed 9088K, reserved 1048576K
}
Event: 8.803 GC heap after
{Heap after GC invocations=17 (full 0):
 garbage-first heap   total 109568K, used 69734K [0x0000000080000000, 0x0000000100000000)
  region size 1024K, 4 young (4096K), 4 survivors (4096K)
 Metaspace       used 58718K, committed 60416K, reserved 1114112K
  class space    used 8314K, committed 9088K, reserved 1048576K
}
Event: 8.939 GC heap before
{Heap before GC invocations=18 (full 0):
 garbage-first heap   total 117760K, used 98406K [0x0000000080000000, 0x0000000100000000)
  region size 1024K, 32 young (32768K), 4 survivors (4096K)
 Metaspace       used 58923K, committed 60608K, reserved 1114112K
  class space    used 8355K, committed 9152K, reserved 1048576K
}
Event: 8.942 GC heap after
{Heap after GC invocations=19 (full 0):
 garbage-first heap   total 117760K, used 70361K [0x0000000080000000, 0x0000000100000000)
  region size 1024K, 1 young (1024K), 1 survivors (1024K)
 Metaspace       used 58923K, committed 60608K, reserved 1114112K
  class space    used 8355K, committed 9152K, reserved 1048576K
}

Dll operation events (3 events):
Event: 0.019 Loaded shared library C:\Program Files\Android\Android Studio\jbr\bin\java.dll
Event: 0.050 Loaded shared library C:\Program Files\Android\Android Studio\jbr\bin\zip.dll
Event: 1.319 Loaded shared library C:\Program Files\Android\Android Studio\jbr\bin\verify.dll

Deoptimization events (20 events):
Event: 9.014 Thread 0x0000025ad3410f60 Uncommon trap: trap_request=0xffffff45 fr.pc=0x0000025ac127e360 relative=0x00000000000000c0
Event: 9.014 Thread 0x0000025ad3410f60 Uncommon trap: reason=unstable_if action=reinterpret pc=0x0000025ac127e360 method=java.net.URI.match(CJJ)Z @ 45 c2
Event: 9.014 Thread 0x0000025ad3410f60 DEOPT PACKING pc=0x0000025ac127e360 sp=0x00000064279f67f0
Event: 9.014 Thread 0x0000025ad3410f60 DEOPT UNPACKING pc=0x0000025ac0d243a2 sp=0x00000064279f6780 mode 2
Event: 9.032 Thread 0x0000025ad3410f60 Uncommon trap: trap_request=0xffffff45 fr.pc=0x0000025ac13867ec relative=0x000000000000078c
Event: 9.032 Thread 0x0000025ad3410f60 Uncommon trap: reason=unstable_if action=reinterpret pc=0x0000025ac13867ec method=java.net.URI.percentNormalizedComparison(Ljava/lang/String;Ljava/lang/String;Z)I @ 21 c2
Event: 9.032 Thread 0x0000025ad3410f60 DEOPT PACKING pc=0x0000025ac13867ec sp=0x00000064279f6d30
Event: 9.032 Thread 0x0000025ad3410f60 DEOPT UNPACKING pc=0x0000025ac0d243a2 sp=0x00000064279f6ca0 mode 2
Event: 9.223 Thread 0x0000025ad3410f60 Uncommon trap: trap_request=0xffffff45 fr.pc=0x0000025ac137a9a0 relative=0x00000000000002c0
Event: 9.223 Thread 0x0000025ad3410f60 Uncommon trap: reason=unstable_if action=reinterpret pc=0x0000025ac137a9a0 method=com.esotericsoftware.kryo.io.Output.writeString(Ljava/lang/CharSequence;)V @ 1 c2
Event: 9.223 Thread 0x0000025ad3410f60 DEOPT PACKING pc=0x0000025ac137a9a0 sp=0x00000064279f60a0
Event: 9.223 Thread 0x0000025ad3410f60 DEOPT UNPACKING pc=0x0000025ac0d243a2 sp=0x00000064279f6038 mode 2
Event: 9.451 Thread 0x0000025ad3410f60 Uncommon trap: trap_request=0xffffff54 fr.pc=0x0000025ac12efa98 relative=0x0000000000001638
Event: 9.451 Thread 0x0000025ad3410f60 Uncommon trap: reason=speculate_null_assert action=make_not_entrant pc=0x0000025ac12efa98 method=java.util.jar.JarFile.getVersionedEntry(Ljava/lang/String;Ljava/util/jar/JarEntry;)Ljava/util/jar/JarEntry; @ 115 c2
Event: 9.451 Thread 0x0000025ad3410f60 DEOPT PACKING pc=0x0000025ac12efa98 sp=0x00000064279f66b0
Event: 9.451 Thread 0x0000025ad3410f60 DEOPT UNPACKING pc=0x0000025ac0d243a2 sp=0x00000064279f66b8 mode 2
Event: 9.451 Thread 0x0000025ad3410f60 Uncommon trap: trap_request=0xffffff45 fr.pc=0x0000025ac12fbc00 relative=0x0000000000000fc0
Event: 9.451 Thread 0x0000025ad3410f60 Uncommon trap: reason=unstable_if action=reinterpret pc=0x0000025ac12fbc00 method=java.util.jar.JarFile.getEntry(Ljava/lang/String;)Ljava/util/zip/ZipEntry; @ 15 c2
Event: 9.451 Thread 0x0000025ad3410f60 DEOPT PACKING pc=0x0000025ac12fbc00 sp=0x00000064279f6780
Event: 9.451 Thread 0x0000025ad3410f60 DEOPT UNPACKING pc=0x0000025ac0d243a2 sp=0x00000064279f6778 mode 2

Classes loaded (20 events):
Event: 9.038 Loading class javax/net/ssl/X509TrustManager
Event: 9.038 Loading class javax/net/ssl/X509TrustManager done
Event: 9.041 Loading class javax/net/ssl/SSLException
Event: 9.041 Loading class javax/net/ssl/SSLException done
Event: 9.041 Loading class javax/net/ssl/SSLPeerUnverifiedException
Event: 9.041 Loading class javax/net/ssl/SSLPeerUnverifiedException done
Event: 9.041 Loading class javax/naming/NamingException
Event: 9.041 Loading class javax/naming/NamingException done
Event: 9.041 Loading class javax/naming/InvalidNameException
Event: 9.041 Loading class javax/naming/InvalidNameException done
Event: 9.041 Loading class java/security/cert/CertificateParsingException
Event: 9.041 Loading class java/security/cert/CertificateException
Event: 9.042 Loading class java/security/cert/CertificateException done
Event: 9.042 Loading class java/security/cert/CertificateParsingException done
Event: 9.140 Loading class java/nio/file/Path$1
Event: 9.140 Loading class java/nio/file/Path$1 done
Event: 9.446 Loading class java/util/concurrent/atomic/AtomicIntegerArray
Event: 9.446 Loading class java/util/concurrent/atomic/AtomicIntegerArray done
Event: 9.447 Loading class java/util/concurrent/atomic/AtomicLongArray
Event: 9.447 Loading class java/util/concurrent/atomic/AtomicLongArray done

Classes unloaded (0 events):
No events

Classes redefined (0 events):
No events

Internal exceptions (20 events):
Event: 8.896 Thread 0x0000025ad3410f60 Exception <a 'java/lang/NoSuchMethodError'{0x00000000867cbbe0}: 'java.lang.Object java.lang.invoke.Invokers$Holder.linkToTargetMethod(java.lang.Object, int, java.lang.Object, java.lang.Object, java.lang.Object, java.lang.Object, java.lang.Object)'> (0x00000000867cbbe0) 
thrown [s\src\hotspot\share\interpreter\linkResolver.cpp, line 784]
Event: 8.905 Thread 0x0000025ad3410f60 Exception <a 'sun/nio/fs/WindowsException'{0x000000008664a4f8}> (0x000000008664a4f8) 
thrown [s\src\hotspot\share\prims\jni.cpp, line 537]
Event: 8.913 Thread 0x0000025ad3410f60 Exception <a 'sun/nio/fs/WindowsException'{0x00000000866653d0}> (0x00000000866653d0) 
thrown [s\src\hotspot\share\prims\jni.cpp, line 537]
Event: 8.971 Thread 0x0000025ad3410f60 Exception <a 'java/lang/NoSuchMethodError'{0x00000000874f0500}: 'java.lang.Object java.lang.invoke.DirectMethodHandle$Holder.newInvokeSpecial(java.lang.Object, java.lang.Object, java.lang.Object, java.lang.Object, java.lang.Object, java.lang.Object, java.lang.Object, java.lang.Object, java.lang.Object, java.lang.Object, java.lang.Object, java.lang.Object, java.lang.Object, java.lang.Object, java.lang.Object, java.lang.Object, java.lang.Object, java.lang.Object, java.lang.Object)'> (0x00000000874f0500) 
thr
Event: 8.972 Thread 0x0000025ad3410f60 Exception <a 'java/lang/NoSuchMethodError'{0x00000000874f73c8}: 'java.lang.Object java.lang.invoke.DirectMethodHandle$Holder.invokeSpecial(java.lang.Object, java.lang.Object, java.lang.Object, java.lang.Object, java.lang.Object, java.lang.Object, java.lang.Object, java.lang.Object, java.lang.Object, java.lang.Object, java.lang.Object, java.lang.Object, java.lang.Object, java.lang.Object, java.lang.Object, java.lang.Object, java.lang.Object, java.lang.Object, java.lang.Object, java.lang.Object)'> (0x0000000
Event: 8.972 Thread 0x0000025ad3410f60 Exception <a 'java/lang/NoSuchMethodError'{0x00000000874fcec8}: 'java.lang.Object java.lang.invoke.DelegatingMethodHandle$Holder.reinvoke_L(java.lang.Object, java.lang.Object, java.lang.Object, java.lang.Object, java.lang.Object, java.lang.Object, java.lang.Object, java.lang.Object, java.lang.Object, java.lang.Object, java.lang.Object, java.lang.Object, java.lang.Object, java.lang.Object, java.lang.Object, java.lang.Object, java.lang.Object, java.lang.Object, java.lang.Object)'> (0x00000000874fcec8) 
throw
Event: 8.987 Thread 0x0000025ad3410f60 Exception <a 'java/lang/IncompatibleClassChangeError'{0x0000000086b1a410}: Found class java.lang.Object, but interface was expected> (0x0000000086b1a410) 
thrown [s\src\hotspot\share\interpreter\linkResolver.cpp, line 851]
Event: 9.134 Thread 0x0000025ad3410f60 Exception <a 'sun/nio/fs/WindowsException'{0x0000000086335018}> (0x0000000086335018) 
thrown [s\src\hotspot\share\prims\jni.cpp, line 537]
Event: 9.139 Thread 0x0000025ad3410f60 Exception <a 'java/lang/NoSuchMethodError'{0x000000008636ca88}: 'int java.lang.invoke.DirectMethodHandle$Holder.invokeSpecialIFC(java.lang.Object, java.lang.Object, java.lang.Object)'> (0x000000008636ca88) 
thrown [s\src\hotspot\share\interpreter\linkResolver.cpp, line 784]
Event: 9.140 Thread 0x0000025ad3410f60 Exception <a 'sun/nio/fs/WindowsException'{0x000000008637c610}> (0x000000008637c610) 
thrown [s\src\hotspot\share\prims\jni.cpp, line 537]
Event: 9.209 Thread 0x0000025ad3410f60 Exception <a 'java/lang/NoSuchMethodError'{0x00000000860ae050}: 'void java.lang.invoke.DirectMethodHandle$Holder.invokeStatic(java.lang.Object, java.lang.Object, java.lang.Object, int, java.lang.Object)'> (0x00000000860ae050) 
thrown [s\src\hotspot\share\interpreter\linkResolver.cpp, line 784]
Event: 9.223 Thread 0x0000025ad3410f60 Implicit null exception at 0x0000025ac137a720 to 0x0000025ac137a990
Event: 9.240 Thread 0x0000025ad3410f60 Exception <a 'sun/nio/fs/WindowsException'{0x0000000085fd2208}> (0x0000000085fd2208) 
thrown [s\src\hotspot\share\prims\jni.cpp, line 537]
Event: 9.270 Thread 0x0000025ad3410f60 Exception <a 'sun/nio/fs/WindowsException'{0x0000000085d35a10}> (0x0000000085d35a10) 
thrown [s\src\hotspot\share\prims\jni.cpp, line 537]
Event: 9.283 Thread 0x0000025ad3410f60 Exception <a 'sun/nio/fs/WindowsException'{0x0000000085d7c4c0}> (0x0000000085d7c4c0) 
thrown [s\src\hotspot\share\prims\jni.cpp, line 537]
Event: 9.289 Thread 0x0000025ad3410f60 Exception <a 'sun/nio/fs/WindowsException'{0x0000000085ddd6f8}> (0x0000000085ddd6f8) 
thrown [s\src\hotspot\share\prims\jni.cpp, line 537]
Event: 9.296 Thread 0x0000025ad3410f60 Exception <a 'sun/nio/fs/WindowsException'{0x0000000085c206a8}> (0x0000000085c206a8) 
thrown [s\src\hotspot\share\prims\jni.cpp, line 537]
Event: 9.304 Thread 0x0000025ad3410f60 Exception <a 'sun/nio/fs/WindowsException'{0x0000000085c5ed40}> (0x0000000085c5ed40) 
thrown [s\src\hotspot\share\prims\jni.cpp, line 537]
Event: 9.311 Thread 0x0000025ad3410f60 Exception <a 'sun/nio/fs/WindowsException'{0x0000000085cb3a88}> (0x0000000085cb3a88) 
thrown [s\src\hotspot\share\prims\jni.cpp, line 537]
Event: 9.320 Thread 0x0000025ad3410f60 Exception <a 'sun/nio/fs/WindowsException'{0x0000000085cf35c0}> (0x0000000085cf35c0) 
thrown [s\src\hotspot\share\prims\jni.cpp, line 537]

ZGC Phase Switch (0 events):
No events

VM Operations (20 events):
Event: 8.301 Executing safepoint VM operation: ICBufferFull
Event: 8.301 Executing safepoint VM operation: ICBufferFull done
Event: 8.413 Executing safepoint VM operation: G1CollectForAllocation (G1 Evacuation Pause)
Event: 8.420 Executing safepoint VM operation: G1CollectForAllocation (G1 Evacuation Pause) done
Event: 8.777 Executing safepoint VM operation: ICBufferFull
Event: 8.778 Executing safepoint VM operation: ICBufferFull done
Event: 8.798 Executing safepoint VM operation: G1CollectForAllocation (G1 Evacuation Pause)
Event: 8.803 Executing safepoint VM operation: G1CollectForAllocation (G1 Evacuation Pause) done
Event: 8.845 Executing safepoint VM operation: G1PauseRemark
Event: 8.849 Executing safepoint VM operation: G1PauseRemark done
Event: 8.863 Executing safepoint VM operation: G1PauseCleanup
Event: 8.864 Executing safepoint VM operation: G1PauseCleanup done
Event: 8.939 Executing safepoint VM operation: G1CollectForAllocation (G1 Evacuation Pause)
Event: 8.942 Executing safepoint VM operation: G1CollectForAllocation (G1 Evacuation Pause) done
Event: 9.143 Executing non-safepoint VM operation: HandshakeAllThreads (Deoptimize)
Event: 9.143 Executing non-safepoint VM operation: HandshakeAllThreads (Deoptimize) done
Event: 9.156 Executing non-safepoint VM operation: HandshakeAllThreads (Deoptimize)
Event: 9.157 Executing non-safepoint VM operation: HandshakeAllThreads (Deoptimize) done
Event: 9.226 Executing non-safepoint VM operation: HandshakeAllThreads (Deoptimize)
Event: 9.226 Executing non-safepoint VM operation: HandshakeAllThreads (Deoptimize) done

Memory protections (0 events):
No events

Nmethod flushes (20 events):
Event: 8.848 Thread 0x0000025acdd5e3e0 flushing  nmethod 0x0000025ab9896d10
Event: 8.848 Thread 0x0000025acdd5e3e0 flushing  nmethod 0x0000025ab98dbc10
Event: 8.848 Thread 0x0000025acdd5e3e0 flushing  nmethod 0x0000025ab9925e90
Event: 8.848 Thread 0x0000025acdd5e3e0 flushing  nmethod 0x0000025ab992ae10
Event: 8.848 Thread 0x0000025acdd5e3e0 flushing  nmethod 0x0000025ab997c590
Event: 8.848 Thread 0x0000025acdd5e3e0 flushing  nmethod 0x0000025ab9986010
Event: 8.848 Thread 0x0000025acdd5e3e0 flushing  nmethod 0x0000025ab9989710
Event: 8.848 Thread 0x0000025acdd5e3e0 flushing  nmethod 0x0000025ab99f3890
Event: 8.848 Thread 0x0000025acdd5e3e0 flushing  nmethod 0x0000025ab99f5410
Event: 8.848 Thread 0x0000025acdd5e3e0 flushing  nmethod 0x0000025ab99f5a90
Event: 8.848 Thread 0x0000025acdd5e3e0 flushing  nmethod 0x0000025ab99f6890
Event: 8.848 Thread 0x0000025acdd5e3e0 flushing  nmethod 0x0000025ab9b00e10
Event: 8.848 Thread 0x0000025acdd5e3e0 flushing  nmethod 0x0000025ab9b39f10
Event: 8.848 Thread 0x0000025acdd5e3e0 flushing  nmethod 0x0000025ab9b3d690
Event: 8.848 Thread 0x0000025acdd5e3e0 flushing  nmethod 0x0000025ab9bdf010
Event: 8.848 Thread 0x0000025acdd5e3e0 flushing  nmethod 0x0000025ab9be1090
Event: 8.848 Thread 0x0000025acdd5e3e0 flushing  nmethod 0x0000025ab9cfc810
Event: 8.848 Thread 0x0000025acdd5e3e0 flushing  nmethod 0x0000025ab9f27b10
Event: 8.848 Thread 0x0000025acdd5e3e0 flushing  nmethod 0x0000025ab9f28610
Event: 8.848 Thread 0x0000025acdd5e3e0 flushing  nmethod 0x0000025ab9f28a90

Events (20 events):
Event: 8.038 Thread 0x0000025ad3410f60 Thread added: 0x0000025ad70d15d0
Event: 8.079 Thread 0x0000025ad3410f60 Thread added: 0x0000025ad70cf500
Event: 8.081 Thread 0x0000025ad3410f60 Thread added: 0x0000025ad70cee70
Event: 8.269 Thread 0x0000025ad3410f60 Thread added: 0x0000025ad70cfb90
Event: 8.269 Thread 0x0000025ad3410f60 Thread added: 0x0000025ad70d0f40
Event: 8.270 Thread 0x0000025ad3410f60 Thread added: 0x0000025ad70d0220
Event: 8.271 Thread 0x0000025ad3410f60 Thread added: 0x0000025ad70ce150
Event: 8.274 Thread 0x0000025ad3410f60 Thread added: 0x0000025ad70d08b0
Event: 8.275 Thread 0x0000025ad3410f60 Thread added: 0x0000025ad70d1c60
Event: 8.277 Thread 0x0000025ad3410f60 Thread added: 0x0000025ad70ce7e0
Event: 8.304 Thread 0x0000025ad3410f60 Thread added: 0x0000025ad70d4a50
Event: 8.305 Thread 0x0000025ad3410f60 Thread added: 0x0000025ad70d43c0
Event: 8.305 Thread 0x0000025ad3410f60 Thread added: 0x0000025ad70d50e0
Event: 8.306 Thread 0x0000025ad3410f60 Thread added: 0x0000025ad70d22f0
Event: 8.307 Thread 0x0000025ad3410f60 Thread added: 0x0000025ad70d5770
Event: 8.308 Thread 0x0000025ad3410f60 Thread added: 0x0000025ad70d36a0
Event: 8.309 Thread 0x0000025ad3410f60 Thread added: 0x0000025ad70d2980
Event: 9.255 Thread 0x0000025ad3410f60 Thread added: 0x0000025ad70d3d30
Event: 9.267 Thread 0x0000025ad3410f60 Thread added: 0x0000025ad840d100
Event: 9.279 Thread 0x0000025ad3410f60 Thread added: 0x0000025ad840d790


Dynamic libraries:
0x00007ff7e5910000 - 0x00007ff7e591a000 	C:\Program Files\Android\Android Studio\jbr\bin\java.exe
0x00007ffb7dea0000 - 0x00007ffb7e107000 	C:\WINDOWS\SYSTEM32\ntdll.dll
0x00007ffb7c2a0000 - 0x00007ffb7c369000 	C:\WINDOWS\System32\KERNEL32.DLL
0x00007ffb7b4d0000 - 0x00007ffb7b8c4000 	C:\WINDOWS\System32\KERNELBASE.dll
0x00007ffb7b2c0000 - 0x00007ffb7b40b000 	C:\WINDOWS\System32\ucrtbase.dll
0x00007ffb723e0000 - 0x00007ffb723fb000 	C:\Program Files\Android\Android Studio\jbr\bin\VCRUNTIME140.dll
0x00007ffb70f90000 - 0x00007ffb70fa8000 	C:\Program Files\Android\Android Studio\jbr\bin\jli.dll
0x00007ffb7bfd0000 - 0x00007ffb7c195000 	C:\WINDOWS\System32\USER32.dll
0x00007ffb63840000 - 0x00007ffb63ad3000 	C:\WINDOWS\WinSxS\amd64_microsoft.windows.common-controls_6595b64144ccf1df_6.0.26100.8115_none_3e075c82e3354f9c\COMCTL32.dll
0x00007ffb7b410000 - 0x00007ffb7b437000 	C:\WINDOWS\System32\win32u.dll
0x00007ffb7cea0000 - 0x00007ffb7cecb000 	C:\WINDOWS\System32\GDI32.dll
0x00007ffb7bc30000 - 0x00007ffb7bcd9000 	C:\WINDOWS\System32\msvcrt.dll
0x00007ffb7b980000 - 0x00007ffb7baab000 	C:\WINDOWS\System32\gdi32full.dll
0x00007ffb7a9a0000 - 0x00007ffb7aa43000 	C:\WINDOWS\System32\msvcp_win.dll
0x00007ffb7d1b0000 - 0x00007ffb7d1e2000 	C:\WINDOWS\System32\IMM32.DLL
0x00007ffb72850000 - 0x00007ffb7285c000 	C:\Program Files\Android\Android Studio\jbr\bin\vcruntime140_1.dll
0x00007ffb36a70000 - 0x00007ffb36afd000 	C:\Program Files\Android\Android Studio\jbr\bin\msvcp140.dll
0x00007ffabba90000 - 0x00007ffabc726000 	C:\Program Files\Android\Android Studio\jbr\bin\server\jvm.dll
0x00007ffb7ced0000 - 0x00007ffb7cf86000 	C:\WINDOWS\System32\ADVAPI32.dll
0x00007ffb7d100000 - 0x00007ffb7d1a7000 	C:\WINDOWS\System32\sechost.dll
0x00007ffb7d980000 - 0x00007ffb7da98000 	C:\WINDOWS\System32\RPCRT4.dll
0x00007ffb7c550000 - 0x00007ffb7c5d0000 	C:\WINDOWS\System32\WS2_32.dll
0x00007ffb7a5d0000 - 0x00007ffb7a62e000 	C:\WINDOWS\SYSTEM32\POWRPROF.dll
0x00007ffb64150000 - 0x00007ffb64186000 	C:\WINDOWS\SYSTEM32\WINMM.dll
0x00007ffb6a6c0000 - 0x00007ffb6a6cb000 	C:\WINDOWS\SYSTEM32\VERSION.dll
0x00007ffb7a5b0000 - 0x00007ffb7a5c4000 	C:\WINDOWS\SYSTEM32\UMPDC.dll
0x00007ffb794c0000 - 0x00007ffb794db000 	C:\WINDOWS\SYSTEM32\kernel.appcore.dll
0x00007ffb727d0000 - 0x00007ffb727da000 	C:\Program Files\Android\Android Studio\jbr\bin\jimage.dll
0x00007ffb78860000 - 0x00007ffb78aa2000 	C:\WINDOWS\SYSTEM32\DBGHELP.DLL
0x00007ffb7dad0000 - 0x00007ffb7de52000 	C:\WINDOWS\System32\combase.dll
0x00007ffb7cdb0000 - 0x00007ffb7ce88000 	C:\WINDOWS\System32\OLEAUT32.dll
0x00007ffb4fbd0000 - 0x00007ffb4fc0b000 	C:\WINDOWS\SYSTEM32\dbgcore.DLL
0x00007ffb7b8d0000 - 0x00007ffb7b975000 	C:\WINDOWS\System32\bcryptPrimitives.dll
0x00007ffb70fd0000 - 0x00007ffb70fde000 	C:\Program Files\Android\Android Studio\jbr\bin\instrument.dll
0x00007ffb72340000 - 0x00007ffb72360000 	C:\Program Files\Android\Android Studio\jbr\bin\java.dll
0x00007ffaf8f40000 - 0x00007ffaf8f58000 	C:\Program Files\Android\Android Studio\jbr\bin\zip.dll
0x00007ffb7c5e0000 - 0x00007ffb7cd47000 	C:\WINDOWS\System32\SHELL32.dll
0x00007ffb7a830000 - 0x00007ffb7a99a000 	C:\WINDOWS\System32\wintypes.dll
0x00007ffb7aa50000 - 0x00007ffb7b2b8000 	C:\WINDOWS\System32\windows.storage.dll
0x00007ffb7bd60000 - 0x00007ffb7be58000 	C:\WINDOWS\System32\SHCORE.dll
0x00007ffb7c1b0000 - 0x00007ffb7c216000 	C:\WINDOWS\System32\shlwapi.dll
0x00007ffb7a690000 - 0x00007ffb7a6b9000 	C:\WINDOWS\SYSTEM32\profapi.dll
0x00007ffb1cc50000 - 0x00007ffb1cc60000 	C:\Program Files\Android\Android Studio\jbr\bin\net.dll
0x00007ffb6b100000 - 0x00007ffb6b22d000 	C:\WINDOWS\SYSTEM32\WINHTTP.dll
0x00007ffb79a10000 - 0x00007ffb79a7c000 	C:\WINDOWS\system32\mswsock.dll
0x00007ffaf4fa0000 - 0x00007ffaf4fb6000 	C:\Program Files\Android\Android Studio\jbr\bin\nio.dll
0x00007ffb727c0000 - 0x00007ffb727d0000 	C:\Program Files\Android\Android Studio\jbr\bin\verify.dll
0x00007ffb6ab70000 - 0x00007ffb6ab97000 	C:\Users\201407\.gradle\native\660c5614fbf4a5f2a75b1949f50a0caf5cd603558e7d8a26e50b933a0cfb79d1\windows-amd64\native-platform.dll
0x00007ffb4cef0000 - 0x00007ffb4cf67000 	C:\Users\201407\.gradle\native\0.2.8\x86_64-windows-gnu\gradle-fileevents.dll
0x00007ffb1b2f0000 - 0x00007ffb1b2f9000 	C:\Program Files\Android\Android Studio\jbr\bin\management.dll
0x00007ffb1b270000 - 0x00007ffb1b27b000 	C:\Program Files\Android\Android Studio\jbr\bin\management_ext.dll
0x00007ffb7c1a0000 - 0x00007ffb7c1a8000 	C:\WINDOWS\System32\PSAPI.DLL
0x00007ffb78ea0000 - 0x00007ffb78ed2000 	C:\WINDOWS\SYSTEM32\IPHLPAPI.DLL
0x00007ffb7be60000 - 0x00007ffb7be6a000 	C:\WINDOWS\System32\NSI.dll
0x00007ffb1c730000 - 0x00007ffb1c739000 	C:\Program Files\Android\Android Studio\jbr\bin\extnet.dll
0x00007ffb79e10000 - 0x00007ffb79e2b000 	C:\WINDOWS\SYSTEM32\CRYPTSP.dll
0x00007ffb79420000 - 0x00007ffb79459000 	C:\WINDOWS\system32\rsaenh.dll
0x00007ffb79ac0000 - 0x00007ffb79af3000 	C:\WINDOWS\SYSTEM32\USERENV.dll
0x00007ffb7a660000 - 0x00007ffb7a68a000 	C:\WINDOWS\SYSTEM32\bcrypt.dll
0x00007ffb79c70000 - 0x00007ffb79c7c000 	C:\WINDOWS\SYSTEM32\CRYPTBASE.dll
0x00007ffb4a250000 - 0x00007ffb4a258000 	C:\WINDOWS\system32\wshunix.dll

JVMTI agents:
C:\Users\201407\.gradle\wrapper\dists\gradle-9.3.1-bin\23ovyewtku6u96viwx3xl3oks\gradle-9.3.1\lib\agents\gradle-instrumentation-agent-9.3.1.jar path:C:\Program Files\Android\Android Studio\jbr\bin\instrument.dll, loaded, initialized, instrumentlib options:none

dbghelp: loaded successfully - version: 4.0.5 - missing functions: none
symbol engine: initialized successfully - sym options: 0x614 - pdb path: .;C:\Program Files\Android\Android Studio\jbr\bin;C:\WINDOWS\SYSTEM32;C:\WINDOWS\WinSxS\amd64_microsoft.windows.common-controls_6595b64144ccf1df_6.0.26100.8115_none_3e075c82e3354f9c;C:\Program Files\Android\Android Studio\jbr\bin\server;C:\Users\201407\.gradle\native\660c5614fbf4a5f2a75b1949f50a0caf5cd603558e7d8a26e50b933a0cfb79d1\windows-amd64;C:\Users\201407\.gradle\native\0.2.8\x86_64-windows-gnu

VM Arguments:
jvm_args: --add-opens=java.base/java.lang=ALL-UNNAMED --add-opens=java.base/java.lang.invoke=ALL-UNNAMED --add-opens=java.base/java.util=ALL-UNNAMED --add-opens=java.prefs/java.util.prefs=ALL-UNNAMED --add-exports=jdk.compiler/com.sun.tools.javac.api=ALL-UNNAMED --add-exports=jdk.compiler/com.sun.tools.javac.util=ALL-UNNAMED --add-opens=java.base/java.util=ALL-UNNAMED --add-opens=java.prefs/java.util.prefs=ALL-UNNAMED --add-opens=java.base/java.nio.charset=ALL-UNNAMED --add-opens=java.base/java.net=ALL-UNNAMED --add-opens=java.base/java.util.concurrent=ALL-UNNAMED --add-opens=java.base/java.util.concurrent.atomic=ALL-UNNAMED --add-opens=java.xml/javax.xml.namespace=ALL-UNNAMED --add-opens=java.base/java.time=ALL-UNNAMED -Xmx2048m -Dfile.encoding=UTF-8 -Duser.country=US -Duser.language=en -Duser.variant -javaagent:C:\Users\201407\.gradle\wrapper\dists\gradle-9.3.1-bin\23ovyewtku6u96viwx3xl3oks\gradle-9.3.1\lib\agents\gradle-instrumentation-agent-9.3.1.jar 
java_command: org.gradle.launcher.daemon.bootstrap.GradleDaemon 9.3.1
java_class_path (initial): C:\Users\201407\.gradle\wrapper\dists\gradle-9.3.1-bin\23ovyewtku6u96viwx3xl3oks\gradle-9.3.1\lib\gradle-daemon-main-9.3.1.jar
Launcher Type: SUN_STANDARD

[Global flags]
     intx CICompilerCount                          = 4                                         {product} {ergonomic}
     uint ConcGCThreads                            = 2                                         {product} {ergonomic}
     uint G1ConcRefinementThreads                  = 8                                         {product} {ergonomic}
   size_t G1HeapRegionSize                         = 1048576                                   {product} {ergonomic}
    uintx GCDrainStackTargetSize                   = 64                                        {product} {ergonomic}
   size_t InitialHeapSize                          = 132120576                                 {product} {ergonomic}
   size_t MarkStackSize                            = 4194304                                   {product} {ergonomic}
   size_t MaxHeapSize                              = 2147483648                                {product} {command line}
   size_t MaxNewSize                               = 1287651328                                {product} {ergonomic}
   size_t MinHeapDeltaBytes                        = 1048576                                   {product} {ergonomic}
   size_t MinHeapSize                              = 8388608                                   {product} {ergonomic}
    uintx NonNMethodCodeHeapSize                   = 5839372                                {pd product} {ergonomic}
    uintx NonProfiledCodeHeapSize                  = 122909434                              {pd product} {ergonomic}
    uintx ProfiledCodeHeapSize                     = 122909434                              {pd product} {ergonomic}
    uintx ReservedCodeCacheSize                    = 251658240                              {pd product} {ergonomic}
     bool SegmentedCodeCache                       = true                                      {product} {ergonomic}
   size_t SoftMaxHeapSize                          = 2147483648                             {manageable} {ergonomic}
     bool UseCompressedOops                        = true                           {product lp64_product} {ergonomic}
     bool UseG1GC                                  = true                                      {product} {ergonomic}
     bool UseLargePagesIndividualAllocation        = false                                  {pd product} {ergonomic}

Logging:
Log output configuration:
 #0: stdout all=warning uptime,level,tags foldmultilines=false
 #1: stderr all=off uptime,level,tags foldmultilines=false

Release file:
JAVA_VERSION="21.0.10" 
MODULES="java.base java.compiler java.datatransfer java.xml java.prefs java.desktop java.instrument java.logging java.management java.security.sasl java.naming java.rmi java.management.rmi java.net.http java.scripting java.security.jgss java.transaction.xa java.sql java.sql.rowset java.xml.crypto java.se java.smartcardio jdk.accessibility jdk.internal.jvmstat jdk.attach jdk.charsets jdk.internal.opt jdk.zipfs jdk.compiler jdk.crypto.ec jdk.crypto.cryptoki jdk.dynalink jdk.hotspot.agent jdk.httpserver jdk.internal.ed jdk.internal.le jdk.internal.vm.ci jdk.jartool jdk.javadoc jdk.jcmd jdk.jdeps jdk.jdwp.agent jdk.jdi jdk.jfr jdk.jlink jdk.jsobject jdk.localedata jdk.management jdk.management.agent jdk.management.jfr jdk.naming.dns jdk.naming.rmi jdk.net jdk.sctp jdk.security.auth jdk.security.jgss jdk.unsupported jdk.unsupported.desktop jdk.xml.dom" 
IMPLEMENTOR="JetBrains s.r.o." 
JAVA_RUNTIME_VERSION="21.0.10+-14961533-b1163.108" 
LIBC="default" 
OS_ARCH="x86_64" 
OS_NAME="Windows" 
SOURCE=".:git:1351622c2ff2" 

Environment Variables:
PATH=C:\WINDOWS\system32;C:\WINDOWS;C:\WINDOWS\System32\Wbem;C:\WINDOWS\System32\WindowsPowerShell\v1.0\;C:\WINDOWS\System32\OpenSSH\;C:\Users\201407\AppData\Local\Microsoft\WindowsApps;C:\Users\201407\AppData\Local\Programs\Git\cmd
USERNAME=201407
OS=Windows_NT
PROCESSOR_IDENTIFIER=Intel64 Family 6 Model 142 Stepping 10, GenuineIntel
TMP=C:\Users\201407\AppData\Local\Temp
TEMP=C:\Users\201407\AppData\Local\Temp




Periodic native trim disabled

JNI global refs:
JNI global refs: 27, weak refs: 2

JNI global refs memory usage: 835, weak refs: 833

Process memory usage:
Resident Set Size: 345876K (4% of 8228052K total physical memory with 1036204K free physical memory)

OOME stack traces (most recent first):
Classloader memory used:
Loader org.gradle.internal.classloader.VisitableURLClassLoader                         : 30627K
Loader bootstrap                                                                       : 21955K
Loader org.gradle.initialization.MixInLegacyTypesClassLoader                           : 8327K
Loader org.gradle.internal.classloader.VisitableURLClassLoader                         : 785K
Loader org.gradle.internal.classloader.VisitableURLClassLoader$InstrumentingVisitableURLClassLoader: 630K
Loader jdk.internal.loader.ClassLoaders$AppClassLoader                                 : 229K
Loader jdk.internal.reflect.DelegatingClassLoader                                      : 199K
Loader jdk.internal.loader.ClassLoaders$PlatformClassLoader                            : 130K
Loader org.gradle.groovy.scripts.internal.DefaultScriptCompilationHandler$ScriptClassLoader: 92216B

Classes loaded by more than one classloader:
Class org.gradle.internal.IoActions                                                   : loaded 3 times (x 71B)
Class org.gradle.api.Action                                                           : loaded 3 times (x 70B)
Class org.gradle.api.GradleException                                                  : loaded 3 times (x 82B)
Class org.gradle.api.internal.classpath.ManifestUtil                                  : loaded 2 times (x 71B)
Class com.google.common.collect.UnmodifiableListIterator                              : loaded 2 times (x 95B)
Class org.gradle.internal.operations.MultipleBuildOperationFailures                   : loaded 2 times (x 95B)
Class org.gradle.internal.classloader.DefaultClassLoaderFactory                       : loaded 2 times (x 82B)
Class kotlin.collections.AbstractList$Companion                                       : loaded 2 times (x 71B)
Class org.gradle.internal.classloader.ClassLoaderVisitor                              : loaded 2 times (x 76B)
Class org.gradle.api.internal.classpath.EffectiveClassPath                            : loaded 2 times (x 90B)
Class org.gradle.api.internal.DefaultClassPathProvider                                : loaded 2 times (x 76B)
Class [Lorg.gradle.api.internal.ClassPathProvider;                                    : loaded 2 times (x 69B)
Class org.gradle.api.internal.ClassPathProvider                                       : loaded 2 times (x 70B)
Class org.gradle.internal.service.UnknownServiceException                             : loaded 2 times (x 83B)
Class org.gradle.internal.classpath.TransformedClassPath                              : loaded 2 times (x 96B)
Class org.gradle.internal.classloader.InstrumentingClassLoader                        : loaded 2 times (x 70B)
Class com.google.common.collect.Iterators$ArrayItr                                    : loaded 2 times (x 97B)
Class kotlin.enums.EnumEntriesList                                                    : loaded 2 times (x 223B)
Class com.google.common.collect.UnmodifiableIterator                                  : loaded 2 times (x 80B)
Class org.gradle.internal.service.ServiceLocator                                      : loaded 2 times (x 70B)
Class com.google.common.collect.Iterators$SingletonIterator                           : loaded 2 times (x 81B)
Class com.google.common.collect.Iterators                                             : loaded 2 times (x 71B)
Class com.google.common.collect.Lists$StringAsImmutableList                           : loaded 2 times (x 207B)
Class org.gradle.internal.time.DefaultTimer                                           : loaded 2 times (x 80B)
Class org.gradle.internal.classloader.ClasspathUtil$1                                 : loaded 2 times (x 76B)
Class org.gradle.api.internal.classpath.DefaultModuleRegistry$DefaultModule           : loaded 2 times (x 86B)
Class com.google.common.collect.AbstractIterator                                      : loaded 2 times (x 82B)
Class com.google.common.collect.AbstractIndexedListIterator                           : loaded 2 times (x 96B)
Class ijInit1_4ekozaobyte4eozk6etdpdk1x                                               : loaded 2 times (x 171B)
Class org.gradle.internal.time.DefaultCountdownTimer                                  : loaded 2 times (x 88B)
Class org.gradle.api.internal.classpath.Module                                        : loaded 2 times (x 70B)
Class org.gradle.api.internal.classpath.UnknownModuleException                        : loaded 2 times (x 82B)
Class org.gradle.api.internal.DefaultClassPathRegistry                                : loaded 2 times (x 76B)
Class org.gradle.api.internal.ClassPathRegistry                                       : loaded 2 times (x 70B)
Class org.gradle.internal.classpath.DefaultClassPath$ImmutableUniqueList              : loaded 2 times (x 199B)
Class org.gradle.internal.classloader.ClassLoaderHierarchy                            : loaded 2 times (x 70B)
Class com.google.common.collect.Iterators$1                                           : loaded 2 times (x 81B)
Class kotlin.UninitializedPropertyAccessException                                     : loaded 2 times (x 82B)
Class com.google.common.collect.Iterators$4                                           : loaded 2 times (x 82B)
Class org.gradle.api.internal.classpath.ModuleRegistry                                : loaded 2 times (x 70B)
Class org.gradle.internal.installation.GradleInstallation$1                           : loaded 2 times (x 75B)
Class com.google.common.collect.Iterators$5                                           : loaded 2 times (x 82B)
Class com.google.common.collect.ImmutableCollection                                   : loaded 2 times (x 125B)
Class org.gradle.api.internal.classpath.DefaultModuleRegistry                         : loaded 2 times (x 86B)
Class com.google.common.collect.Lists                                                 : loaded 2 times (x 71B)
Class com.google.common.collect.Iterators$9                                           : loaded 2 times (x 81B)
Class sync_studio_tooling2_5mjmbwyh7a5vcbheoa09m76l1$_run_closure1                    : loaded 2 times (x 139B)
Class org.gradle.internal.time.MonotonicClock                                         : loaded 2 times (x 77B)
Class org.gradle.internal.service.ServiceLookupException                              : loaded 2 times (x 82B)
Class org.gradle.internal.classloader.ClassLoaderFactory                              : loaded 2 times (x 70B)
Class org.gradle.internal.service.CachingServiceLocator                               : loaded 2 times (x 82B)
Class org.gradle.internal.time.TimeSource                                             : loaded 2 times (x 70B)
Class kotlin.enums.EnumEntries                                                        : loaded 2 times (x 70B)
Class org.gradle.internal.exceptions.ResolutionProvider                               : loaded 2 times (x 70B)
Class org.gradle.internal.classloader.ClasspathUtil                                   : loaded 2 times (x 71B)
Class org.gradle.internal.time.TimeSource$1                                           : loaded 2 times (x 77B)
Class kotlin.jvm.internal.DefaultConstructorMarker                                    : loaded 2 times (x 71B)
Class org.gradle.api.specs.Spec                                                       : loaded 2 times (x 70B)
Class org.gradle.internal.time.Clock                                                  : loaded 2 times (x 70B)
Class kotlin.collections.AbstractList                                                 : loaded 2 times (x 197B)
Class kotlin.collections.AbstractCollection                                           : loaded 2 times (x 117B)
Class org.gradle.internal.classloader.VisitableURLClassLoader$InstrumentingVisitableURLClassLoader: loaded 2 times (x 123B)
Class org.gradle.internal.classloader.VisitableURLClassLoader$Spec                    : loaded 2 times (x 74B)
Class org.gradle.internal.classpath.DefaultClassPath                                  : loaded 2 times (x 90B)
Class org.gradle.util.internal.DefaultGradleVersion                                   : loaded 2 times (x 82B)
Class org.gradle.internal.classloader.ClassLoaderSpec                                 : loaded 2 times (x 71B)
Class org.gradle.internal.classloader.VisitableURLClassLoader                         : loaded 2 times (x 117B)
Class org.gradle.internal.classloader.FilteringClassLoader                            : loaded 2 times (x 105B)
Class org.gradle.internal.Cast                                                        : loaded 2 times (x 71B)
Class org.gradle.internal.classpath.DefaultClassPath$ImmutableUniqueList$Builder      : loaded 2 times (x 75B)
Class org.gradle.internal.classpath.ClassPath                                         : loaded 2 times (x 70B)
Class org.gradle.internal.exceptions.NonGradleCauseExceptionsHolder                   : loaded 2 times (x 70B)
Class kotlin.NotImplementedError                                                      : loaded 2 times (x 82B)
Class kotlin.enums.EnumEntriesKt                                                      : loaded 2 times (x 71B)
Class org.gradle.internal.classloader.SystemClassLoaderSpec                           : loaded 2 times (x 71B)
Class org.gradle.internal.exceptions.MultiCauseException                              : loaded 2 times (x 70B)
Class org.gradle.internal.time.CountdownTimer                                         : loaded 2 times (x 70B)
Class kotlin.jvm.internal.Intrinsics                                                  : loaded 2 times (x 71B)
Class org.gradle.tooling.model.ProjectModel                                           : loaded 2 times (x 70B)
Class kotlin.KotlinNullPointerException                                               : loaded 2 times (x 83B)
Class org.gradle.internal.exceptions.DefaultMultiCauseException                       : loaded 2 times (x 95B)
Class com.google.common.base.Preconditions                                            : loaded 2 times (x 71B)
Class com.google.common.collect.PeekingIterator                                       : loaded 2 times (x 70B)
Class org.gradle.internal.time.Time                                                   : loaded 2 times (x 71B)
Class org.gradle.api.internal.classpath.GlobalCacheRootsProvider                      : loaded 2 times (x 70B)
Class kotlin.NoWhenBranchMatchedException                                             : loaded 2 times (x 82B)
Class org.gradle.internal.time.Timer                                                  : loaded 2 times (x 70B)
Class kotlin.jvm.internal.markers.KMappedMarker                                       : loaded 2 times (x 70B)
Class org.gradle.internal.installation.CurrentGradleInstallationLocator               : loaded 2 times (x 71B)
Class com.google.common.collect.ImmutableList                                         : loaded 2 times (x 206B)
Class org.gradle.internal.service.DefaultServiceLocator                               : loaded 2 times (x 83B)
Class sync_studio_tooling2_5mjmbwyh7a5vcbheoa09m76l1                                  : loaded 2 times (x 171B)
Class org.gradle.util.GradleVersion                                                   : loaded 2 times (x 81B)
Class org.gradle.internal.installation.CurrentGradleInstallation                      : loaded 2 times (x 73B)
Class org.gradle.util.internal.GUtil                                                  : loaded 2 times (x 71B)
Class com.google.common.collect.Iterators$MergingIterator                             : loaded 2 times (x 81B)
Class ijInit1_4ekozaobyte4eozk6etdpdk1x$_run_closure1                                 : loaded 2 times (x 140B)
Class org.gradle.internal.installation.GradleInstallation                             : loaded 2 times (x 75B)

---------------  S Y S T E M  ---------------

OS:
 Windows 11 , 64 bit Build 26100 (10.0.26100.8246)
OS uptime: 7 days 23:19 hours
Hyper-V role detected

CPU: total 8 (initial active 8) (4 cores per cpu, 2 threads per core) family 6 model 142 stepping 10 microcode 0xf6, cx8, cmov, fxsr, ht, mmx, 3dnowpref, sse, sse2, sse3, ssse3, sse4.1, sse4.2, popcnt, lzcnt, tsc, tscinvbit, avx, avx2, aes, erms, clmul, bmi1, bmi2, adx, fma, vzeroupper, clflush, clflushopt, hv, rdtscp, f16c
Processor Information for the first 8 processors :
  Max Mhz: 1800, Current Mhz: 1600, Mhz Limit: 1584

Memory: 4k page, system-wide physical 8035M (1011M free)
TotalPageFile size 12566M (AvailPageFile size 8M)
current process WorkingSet (physical memory assigned to process): 334M, peak: 338M
current process commit charge ("private bytes"): 374M, peak: 384M

vm_info: OpenJDK 64-Bit Server VM (21.0.10+-14961533-b1163.108) for windows-amd64 JRE (21.0.10+-14961533-b1163.108), built on 2026-03-02T19:58:50Z by "builder" with MS VC++ 16.10 / 16.11 (VS2019)

END.
